Log file open, 01/30/21 21:10:18
LogWindows: Failed to load 'aqProf.dll' (GetLastError=126)
LogWindows: File 'aqProf.dll' does not exist
LogWindows: Failed to load 'VtuneApi.dll' (GetLastError=126)
LogWindows: File 'VtuneApi.dll' does not exist
LogWindows: Failed to load 'VtuneApi32e.dll' (GetLastError=126)
LogWindows: File 'VtuneApi32e.dll' does not exist
LogConsoleResponse: Display: Failed to find resolution value strings in scalability ini. Falling back to default.
LogInit: Display: Running engine for game: mamapolarbear
LogPlatformFile: Not using cached read wrapper
LogTaskGraph: Started task graph with 5 named threads and 35 total threads with 3 sets of task threads.
LogStats: Stats thread started at 0.087362
LogD3D11RHI: Loaded GFSDK_Aftermath_Lib.x64.dll
LogICUInternationalization: ICU TimeZone Detection - Raw Offset: -5:00, Platform Override: ''
LogPluginManager: Mounting plugin Paper2D
LogPluginManager: Mounting plugin AISupport
LogPluginManager: Mounting plugin LightPropagationVolume
LogPluginManager: Mounting plugin ActorLayerUtilities
LogPluginManager: Mounting plugin AnimationSharing
LogPluginManager: Mounting plugin CLionSourceCodeAccess
LogPluginManager: Mounting plugin CodeLiteSourceCodeAccess
LogPluginManager: Mounting plugin GitSourceControl
LogPluginManager: Mounting plugin KDevelopSourceCodeAccess
LogPluginManager: Mounting plugin NullSourceCodeAccess
LogPluginManager: Mounting plugin PerforceSourceControl
LogPluginManager: Mounting plugin PlasticSourceControl
LogPluginManager: Mounting plugin SubversionSourceControl
LogPluginManager: Mounting plugin UObjectPlugin
LogPluginManager: Mounting plugin VisualStudioCodeSourceCodeAccess
LogPluginManager: Mounting plugin VisualStudioSourceCodeAccess
LogPluginManager: Mounting plugin XCodeSourceCodeAccess
LogPluginManager: Mounting plugin AssetManagerEditor
LogPluginManager: Mounting plugin CryptoKeys
LogPluginManager: Mounting plugin CurveEditorTools
LogPluginManager: Mounting plugin DataValidation
LogPluginManager: Mounting plugin EditorScriptingUtilities
LogPluginManager: Mounting plugin FacialAnimation
LogPluginManager: Mounting plugin GameplayTagsEditor
LogPluginManager: Mounting plugin MacGraphicsSwitching
LogPluginManager: Mounting plugin MaterialAnalyzer
LogPluginManager: Mounting plugin MobileLauncherProfileWizard
LogPluginManager: Mounting plugin PluginBrowser
LogPluginManager: Mounting plugin SpeedTreeImporter
LogPluginManager: Mounting plugin DatasmithContent
LogPluginManager: Mounting plugin VariantManagerContent
LogPluginManager: Mounting plugin AlembicImporter
LogPluginManager: Mounting plugin AutomationUtils
LogPluginManager: Mounting plugin BackChannel
LogPluginManager: Mounting plugin CharacterAI
LogPluginManager: Mounting plugin GeometryCache
LogPluginManager: Mounting plugin PlatformCrypto
LogPluginManager: Mounting plugin ProxyLODPlugin
LogPluginManager: Mounting plugin PythonScriptPlugin
LogPluginManager: Mounting plugin SkeletalReduction
LogPluginManager: Mounting plugin MagicLeap
LogPluginManager: Mounting plugin MagicLeapMedia
LogPluginManager: Mounting plugin MLSDK
LogPluginManager: Mounting plugin AndroidMedia
LogPluginManager: Mounting plugin AvfMedia
LogPluginManager: Mounting plugin ImgMedia
LogPluginManager: Mounting plugin MediaCompositing
LogPluginManager: Mounting plugin MediaPlayerEditor
LogPluginManager: Mounting plugin WebMMedia
LogPluginManager: Mounting plugin WmfMedia
LogPluginManager: Mounting plugin MegascansPlugin
LogPluginManager: Mounting plugin TcpMessaging
LogPluginManager: Mounting plugin UdpMessaging
LogPluginManager: Mounting plugin ActorSequence
LogPluginManager: Mounting plugin LevelSequenceEditor
LogPluginManager: Mounting plugin MatineeToLevelSequence
LogPluginManager: Mounting plugin NetcodeUnitTest
LogPluginManager: Mounting plugin NUTUnrealEngine4
LogPluginManager: Mounting plugin OnlineSubsystemGooglePlay
LogPluginManager: Mounting plugin OnlineSubsystemIOS
LogPluginManager: Mounting plugin OnlineSubsystem
LogPluginManager: Mounting plugin OnlineSubsystemNull
LogPluginManager: Mounting plugin OnlineSubsystemUtils
LogPluginManager: Mounting plugin LauncherChunkInstaller
LogPluginManager: Mounting plugin AndroidDeviceProfileSelector
LogPluginManager: Mounting plugin AndroidMoviePlayer
LogPluginManager: Mounting plugin AndroidPermission
LogPluginManager: Mounting plugin AppleImageUtils
LogPluginManager: Mounting plugin AppleMoviePlayer
LogPluginManager: Mounting plugin ArchVisCharacter
LogPluginManager: Mounting plugin AssetTags
LogPluginManager: Mounting plugin AudioCapture
LogPluginManager: Mounting plugin CableComponent
LogPluginManager: Mounting plugin CustomMeshComponent
LogPluginManager: Mounting plugin EditableMesh
LogPluginManager: Mounting plugin ExampleDeviceProfileSelector
LogPluginManager: Mounting plugin GoogleCloudMessaging
LogPluginManager: Mounting plugin IOSDeviceProfileSelector
LogPluginManager: Mounting plugin LinuxDeviceProfileSelector
LogPluginManager: Mounting plugin LocationServicesBPLibrary
LogPluginManager: Mounting plugin MobilePatchingUtils
LogPluginManager: Mounting plugin OculusVR
LogPluginManager: Mounting plugin PhysXVehicles
LogPluginManager: Mounting plugin PostSplashScreen
LogPluginManager: Mounting plugin ProceduralMeshComponent
LogPluginManager: Mounting plugin RuntimePhysXCooking
LogPluginManager: Mounting plugin SignificanceManager
LogPluginManager: Mounting plugin SteamVR
LogPluginManager: Mounting plugin WebMMoviePlayer
LogPluginManager: Mounting plugin WindowsMoviePlayer
LogPluginManager: Mounting plugin ScreenshotTools
LogInit: Using libcurl 7.55.1-DEV
LogInit:  - built for x86_64-pc-win32
LogInit:  - supports SSL with OpenSSL/1.1.1
LogInit:  - supports HTTP deflate (compression) using libz 1.2.8
LogInit:  - other features:
LogInit:      CURL_VERSION_SSL
LogInit:      CURL_VERSION_LIBZ
LogInit:      CURL_VERSION_IPV6
LogInit:      CURL_VERSION_ASYNCHDNS
LogInit:      CURL_VERSION_LARGEFILE
LogInit:      CURL_VERSION_IDN
LogInit:  CurlRequestOptions (configurable via config and command line):
LogInit:  - bVerifyPeer = true  - Libcurl will verify peer certificate
LogInit:  - bUseHttpProxy = false  - Libcurl will NOT use HTTP proxy
LogInit:  - bDontReuseConnections = false  - Libcurl will reuse connections
LogInit:  - MaxHostConnections = 16  - Libcurl will limit the number of connections to a host
LogInit:  - LocalHostAddr = Default
LogInit:  - BufferSize = 65536
LogOnline: OSS: Creating online subsystem instance for: NULL
LogInit: WinSock: version 1.1 (2.2), MaxSocks=32767, MaxUdp=65467
LogOnline: OSS: TryLoadSubsystemAndSetDefault: Loaded subsystem for module [NULL]
LogInit: Build: ++UE4+Release-4.24-CL-11590370
LogInit: Engine Version: 4.24.3-11590370+++UE4+Release-4.24
LogInit: Compatible Engine Version: 4.24.0-10570792+++UE4+Release-4.24
LogInit: Net CL: 10570792
LogInit: OS: Windows 10 (Release 1909) (), CPU: Intel(R) Core(TM) i7-8750H CPU @ 2.20GHz, GPU: Intel(R) UHD Graphics 630
LogInit: Compiled (64-bit): Feb 24 2020 15:39:18
LogInit: Compiled with Visual C++: 19.16.27032.01
LogInit: Build Configuration: Development
LogInit: Branch Name: ++UE4+Release-4.24
LogInit: Command Line: 
LogInit: Base Directory: D:/Program Files/UE_4.24/Engine/Binaries/Win64/
LogInit: Installed Engine Build: 1
LogDevObjectVersion: Number of dev versions registered: 25
LogDevObjectVersion:   Dev-Blueprints (B0D832E4-1F89-4F0D-ACCF-7EB736FD4AA2): 10
LogDevObjectVersion:   Dev-Build (E1C64328-A22C-4D53-A36C-8E866417BD8C): 0
LogDevObjectVersion:   Dev-Core (375EC13C-06E4-48FB-B500-84F0262A717E): 3
LogDevObjectVersion:   Dev-Editor (E4B068ED-F494-42E9-A231-DA0B2E46BB41): 37
LogDevObjectVersion:   Dev-Framework (CFFC743F-43B0-4480-9391-14DF171D2073): 36
LogDevObjectVersion:   Dev-Mobile (B02B49B5-BB20-44E9-A304-32B752E40360): 2
LogDevObjectVersion:   Dev-Networking (A4E4105C-59A1-49B5-A7C5-40C4547EDFEE): 0
LogDevObjectVersion:   Dev-Online (39C831C9-5AE6-47DC-9A44-9C173E1C8E7C): 0
LogDevObjectVersion:   Dev-Physics (78F01B33-EBEA-4F98-B9B4-84EACCB95AA2): 2
LogDevObjectVersion:   Dev-Platform (6631380F-2D4D-43E0-8009-CF276956A95A): 0
LogDevObjectVersion:   Dev-Rendering (12F88B9F-8875-4AFC-A67C-D90C383ABD29): 36
LogDevObjectVersion:   Dev-Sequencer (7B5AE74C-D270-4C10-A958-57980B212A5A): 11
LogDevObjectVersion:   Dev-VR (D7296918-1DD6-4BDD-9DE2-64A83CC13884): 2
LogDevObjectVersion:   Dev-LoadTimes (C2A15278-BFE7-4AFE-6C17-90FF531DF755): 1
LogDevObjectVersion:   Private-Geometry (6EACA3D4-40EC-4CC1-B786-8BED09428FC5): 3
LogDevObjectVersion:   Dev-AnimPhys (29E575DD-E0A3-4627-9D10-D276232CDCEA): 17
LogDevObjectVersion:   Dev-Anim (AF43A65D-7FD3-4947-9873-3E8ED9C1BB05): 2
LogDevObjectVersion:   Dev-ReflectionCapture (6B266CEC-1EC7-4B8F-A30B-E4D90942FC07): 1
LogDevObjectVersion:   Dev-Automation (0DF73D61-A23F-47EA-B727-89E90C41499A): 1
LogDevObjectVersion:   FortniteMain (601D1886-AC64-4F84-AA16-D3DE0DEAC7D6): 31
LogDevObjectVersion:   Dev-Enterprise (9DFFBCD6-494F-0158-E221-12823C92A888): 8
LogDevObjectVersion:   Dev-Niagara (F2AED0AC-9AFE-416F-8664-AA7FFA26D6FC): 1
LogDevObjectVersion:   Dev-Destruction (174F1F0B-B4C6-45A5-B13F-2EE8D0FB917D): 9
LogDevObjectVersion:   Dev-Physics-Ext (35F94A83-E258-406C-A318-09F59610247C): 8
LogDevObjectVersion:   Dev-CineCamera (B2E18506-4273-CFC2-A54E-F4BB758BBA07): 1
LogInit: Presizing for max 25165824 objects, including 0 objects not considered by GC, pre-allocating 0 bytes for permanent pool.
LogInit: Object subsystem initialized
LogConfig: Setting CVar [[con.DebugEarlyDefault:1]]
LogConfig: Setting CVar [[r.setres:1280x720]]
[2021.01.31-02.10.18:862][  0]LogConfig: Setting CVar [[r.VSync:0]]
[2021.01.31-02.10.18:862][  0]LogConfig: Setting CVar [[r.RHICmdBypass:0]]
[2021.01.31-02.10.18:862][  0]LogConfig: Applying CVar settings from Section [/Script/Engine.RendererSettings] File [E:/mamapolarbear/mamapolarbear/Saved/Config/Windows/Engine.ini]
[2021.01.31-02.10.18:862][  0]LogConfig: Setting CVar [[r.GPUCrashDebugging:0]]
[2021.01.31-02.10.18:862][  0]LogConfig: Applying CVar settings from Section [/Script/Engine.RendererOverrideSettings] File [E:/mamapolarbear/mamapolarbear/Saved/Config/Windows/Engine.ini]
[2021.01.31-02.10.18:862][  0]LogConfig: Applying CVar settings from Section [/Script/Engine.StreamingSettings] File [E:/mamapolarbear/mamapolarbear/Saved/Config/Windows/Engine.ini]
[2021.01.31-02.10.18:862][  0]LogConfig: Setting CVar [[s.MinBulkDataSizeForAsyncLoading:131072]]
[2021.01.31-02.10.18:862][  0]LogConfig: Setting CVar [[s.AsyncLoadingThreadEnabled:0]]
[2021.01.31-02.10.18:862][  0]LogConfig: Setting CVar [[s.EventDrivenLoaderEnabled:1]]
[2021.01.31-02.10.18:862][  0]LogConfig: Setting CVar [[s.WarnIfTimeLimitExceeded:0]]
[2021.01.31-02.10.18:862][  0]LogConfig: Setting CVar [[s.TimeLimitExceededMultiplier:1.5]]
[2021.01.31-02.10.18:862][  0]LogConfig: Setting CVar [[s.TimeLimitExceededMinTime:0.005]]
[2021.01.31-02.10.18:862][  0]LogConfig: Setting CVar [[s.UseBackgroundLevelStreaming:1]]
[2021.01.31-02.10.18:862][  0]LogConfig: Setting CVar [[s.PriorityAsyncLoadingExtraTime:15.0]]
[2021.01.31-02.10.18:862][  0]LogConfig: Setting CVar [[s.LevelStreamingActorsUpdateTimeLimit:5.0]]
[2021.01.31-02.10.18:862][  0]LogConfig: Setting CVar [[s.PriorityLevelStreamingActorsUpdateExtraTime:5.0]]
[2021.01.31-02.10.18:862][  0]LogConfig: Setting CVar [[s.LevelStreamingComponentsRegistrationGranularity:10]]
[2021.01.31-02.10.18:862][  0]LogConfig: Setting CVar [[s.UnregisterComponentsTimeLimit:1.0]]
[2021.01.31-02.10.18:862][  0]LogConfig: Setting CVar [[s.LevelStreamingComponentsUnregistrationGranularity:5]]
[2021.01.31-02.10.18:862][  0]LogConfig: Setting CVar [[s.FlushStreamingOnExit:1]]
[2021.01.31-02.10.18:862][  0]LogConfig: Applying CVar settings from Section [/Script/Engine.GarbageCollectionSettings] File [E:/mamapolarbear/mamapolarbear/Saved/Config/Windows/Engine.ini]
[2021.01.31-02.10.18:862][  0]LogConfig: Setting CVar [[gc.MaxObjectsNotConsideredByGC:1]]
[2021.01.31-02.10.18:862][  0]LogConfig: Setting CVar [[gc.SizeOfPermanentObjectPool:0]]
[2021.01.31-02.10.18:862][  0]LogConfig: Setting CVar [[gc.FlushStreamingOnGC:0]]
[2021.01.31-02.10.18:862][  0]LogConfig: Setting CVar [[gc.NumRetriesBeforeForcingGC:10]]
[2021.01.31-02.10.18:862][  0]LogConfig: Setting CVar [[gc.AllowParallelGC:1]]
[2021.01.31-02.10.18:862][  0]LogConfig: Setting CVar [[gc.TimeBetweenPurgingPendingKillObjects:61.1]]
[2021.01.31-02.10.18:862][  0]LogConfig: Setting CVar [[gc.MaxObjectsInEditor:25165824]]
[2021.01.31-02.10.18:862][  0]LogConfig: Setting CVar [[gc.IncrementalBeginDestroyEnabled:1]]
[2021.01.31-02.10.18:862][  0]LogConfig: Setting CVar [[gc.CreateGCClusters:1]]
[2021.01.31-02.10.18:862][  0]LogConfig: Setting CVar [[gc.MinGCClusterSize:5]]
[2021.01.31-02.10.18:862][  0]LogConfig: Setting CVar [[gc.ActorClusteringEnabled:0]]
[2021.01.31-02.10.18:862][  0]LogConfig: Setting CVar [[gc.BlueprintClusteringEnabled:0]]
[2021.01.31-02.10.18:862][  0]LogConfig: Setting CVar [[gc.UseDisregardForGCOnDedicatedServers:0]]
[2021.01.31-02.10.18:862][  0]LogConfig: Applying CVar settings from Section [/Script/Engine.NetworkSettings] File [E:/mamapolarbear/mamapolarbear/Saved/Config/Windows/Engine.ini]
[2021.01.31-02.10.18:862][  0]LogConfig: Applying CVar settings from Section [/Script/UnrealEd.CookerSettings] File [E:/mamapolarbear/mamapolarbear/Saved/Config/Windows/Engine.ini]
[2021.01.31-02.10.18:864][  0]LogConfig: Applying CVar settings from Section [ViewDistanceQuality@3] File [E:/mamapolarbear/mamapolarbear/Saved/Config/Windows/Scalability.ini]
[2021.01.31-02.10.18:864][  0]LogConfig: Setting CVar [[r.SkeletalMeshLODBias:0]]
[2021.01.31-02.10.18:864][  0]LogConfig: Setting CVar [[r.ViewDistanceScale:1.0]]
[2021.01.31-02.10.18:864][  0]LogConfig: Applying CVar settings from Section [AntiAliasingQuality@3] File [E:/mamapolarbear/mamapolarbear/Saved/Config/Windows/Scalability.ini]
[2021.01.31-02.10.18:864][  0]LogConfig: Setting CVar [[r.PostProcessAAQuality:4]]
[2021.01.31-02.10.18:864][  0]LogConfig: Applying CVar settings from Section [ShadowQuality@3] File [E:/mamapolarbear/mamapolarbear/Saved/Config/Windows/Scalability.ini]
[2021.01.31-02.10.18:864][  0]LogConfig: Setting CVar [[r.LightFunctionQuality:1]]
[2021.01.31-02.10.18:864][  0]LogConfig: Setting CVar [[r.ShadowQuality:5]]
[2021.01.31-02.10.18:864][  0]LogConfig: Setting CVar [[r.Shadow.CSM.MaxCascades:10]]
[2021.01.31-02.10.18:864][  0]LogConfig: Setting CVar [[r.Shadow.MaxResolution:2048]]
[2021.01.31-02.10.18:864][  0]LogConfig: Setting CVar [[r.Shadow.MaxCSMResolution:2048]]
[2021.01.31-02.10.18:864][  0]LogConfig: Setting CVar [[r.Shadow.RadiusThreshold:0.01]]
[2021.01.31-02.10.18:865][  0]LogConfig: Setting CVar [[r.Shadow.DistanceScale:1.0]]
[2021.01.31-02.10.18:865][  0]LogConfig: Setting CVar [[r.Shadow.CSM.TransitionScale:1.0]]
[2021.01.31-02.10.18:865][  0]LogConfig: Setting CVar [[r.Shadow.PreShadowResolutionFactor:1.0]]
[2021.01.31-02.10.18:865][  0]LogConfig: Setting CVar [[r.DistanceFieldShadowing:1]]
[2021.01.31-02.10.18:865][  0]LogConfig: Setting CVar [[r.DistanceFieldAO:1]]
[2021.01.31-02.10.18:865][  0]LogConfig: Setting CVar [[r.AOQuality:2]]
[2021.01.31-02.10.18:865][  0]LogConfig: Setting CVar [[r.VolumetricFog:1]]
[2021.01.31-02.10.18:865][  0]LogConfig: Setting CVar [[r.VolumetricFog.GridPixelSize:8]]
[2021.01.31-02.10.18:865][  0]LogConfig: Setting CVar [[r.VolumetricFog.GridSizeZ:128]]
[2021.01.31-02.10.18:865][  0]LogConfig: Setting CVar [[r.VolumetricFog.HistoryMissSupersampleCount:4]]
[2021.01.31-02.10.18:865][  0]LogConfig: Setting CVar [[r.LightMaxDrawDistanceScale:1]]
[2021.01.31-02.10.18:865][  0]LogConfig: Setting CVar [[r.CapsuleShadows:1]]
[2021.01.31-02.10.18:865][  0]LogConfig: Applying CVar settings from Section [PostProcessQuality@3] File [E:/mamapolarbear/mamapolarbear/Saved/Config/Windows/Scalability.ini]
[2021.01.31-02.10.18:865][  0]LogConfig: Setting CVar [[r.MotionBlurQuality:4]]
[2021.01.31-02.10.18:865][  0]LogConfig: Setting CVar [[r.AmbientOcclusionMipLevelFactor:0.4]]
[2021.01.31-02.10.18:865][  0]LogConfig: Setting CVar [[r.AmbientOcclusionMaxQuality:100]]
[2021.01.31-02.10.18:865][  0]LogConfig: Setting CVar [[r.AmbientOcclusionLevels:-1]]
[2021.01.31-02.10.18:865][  0]LogConfig: Setting CVar [[r.AmbientOcclusionRadiusScale:1.0]]
[2021.01.31-02.10.18:865][  0]LogConfig: Setting CVar [[r.DepthOfFieldQuality:2]]
[2021.01.31-02.10.18:865][  0]LogConfig: Setting CVar [[r.RenderTargetPoolMin:400]]
[2021.01.31-02.10.18:865][  0]LogConfig: Setting CVar [[r.LensFlareQuality:2]]
[2021.01.31-02.10.18:865][  0]LogConfig: Setting CVar [[r.SceneColorFringeQuality:1]]
[2021.01.31-02.10.18:865][  0]LogConfig: Setting CVar [[r.EyeAdaptationQuality:2]]
[2021.01.31-02.10.18:865][  0]LogConfig: Setting CVar [[r.BloomQuality:5]]
[2021.01.31-02.10.18:865][  0]LogConfig: Setting CVar [[r.FastBlurThreshold:100]]
[2021.01.31-02.10.18:865][  0]LogConfig: Setting CVar [[r.Upscale.Quality:3]]
[2021.01.31-02.10.18:865][  0]LogConfig: Setting CVar [[r.Tonemapper.GrainQuantization:1]]
[2021.01.31-02.10.18:865][  0]LogConfig: Setting CVar [[r.LightShaftQuality:1]]
[2021.01.31-02.10.18:865][  0]LogConfig: Setting CVar [[r.Filter.SizeScale:1]]
[2021.01.31-02.10.18:865][  0]LogConfig: Setting CVar [[r.Tonemapper.Quality:5]]
[2021.01.31-02.10.18:865][  0]LogConfig: Setting CVar [[r.DOF.Gather.AccumulatorQuality:1        ; higher gathering accumulator quality]]
[2021.01.31-02.10.18:865][  0]LogConfig: Setting CVar [[r.DOF.Gather.PostfilterMethod:1          ; Median3x3 postfilering method]]
[2021.01.31-02.10.18:865][  0]LogConfig: Setting CVar [[r.DOF.Gather.EnableBokehSettings:0       ; no bokeh simulation when gathering]]
[2021.01.31-02.10.18:865][  0]LogConfig: Setting CVar [[r.DOF.Gather.RingCount:4                 ; medium number of samples when gathering]]
[2021.01.31-02.10.18:865][  0]LogConfig: Setting CVar [[r.DOF.Scatter.ForegroundCompositing:1    ; additive foreground scattering]]
[2021.01.31-02.10.18:865][  0]LogConfig: Setting CVar [[r.DOF.Scatter.BackgroundCompositing:2    ; additive background scattering]]
[2021.01.31-02.10.18:865][  0]LogConfig: Setting CVar [[r.DOF.Scatter.EnableBokehSettings:1      ; bokeh simulation when scattering]]
[2021.01.31-02.10.18:865][  0]LogConfig: Setting CVar [[r.DOF.Scatter.MaxSpriteRatio:0.1         ; only a maximum of 10% of scattered bokeh]]
[2021.01.31-02.10.18:865][  0]LogConfig: Setting CVar [[r.DOF.Recombine.Quality:1                ; cheap slight out of focus]]
[2021.01.31-02.10.18:865][  0]LogConfig: Setting CVar [[r.DOF.Recombine.EnableBokehSettings:0    ; no bokeh simulation on slight out of focus]]
[2021.01.31-02.10.18:865][  0]LogConfig: Setting CVar [[r.DOF.TemporalAAQuality:1                ; more stable temporal accumulation]]
[2021.01.31-02.10.18:865][  0]LogConfig: Setting CVar [[r.DOF.Kernel.MaxForegroundRadius:0.025]]
[2021.01.31-02.10.18:865][  0]LogConfig: Setting CVar [[r.DOF.Kernel.MaxBackgroundRadius:0.025]]
[2021.01.31-02.10.18:865][  0]LogConfig: Applying CVar settings from Section [TextureQuality@3] File [E:/mamapolarbear/mamapolarbear/Saved/Config/Windows/Scalability.ini]
[2021.01.31-02.10.18:865][  0]LogConfig: Setting CVar [[r.Streaming.MipBias:0]]
[2021.01.31-02.10.18:865][  0]LogConfig: Setting CVar [[r.Streaming.AmortizeCPUToGPUCopy:0]]
[2021.01.31-02.10.18:865][  0]LogConfig: Setting CVar [[r.Streaming.MaxNumTexturesToStreamPerFrame:0]]
[2021.01.31-02.10.18:865][  0]LogConfig: Setting CVar [[r.Streaming.Boost:1]]
[2021.01.31-02.10.18:865][  0]LogConfig: Setting CVar [[r.MaxAnisotropy:8]]
[2021.01.31-02.10.18:865][  0]LogConfig: Setting CVar [[r.VT.MaxAnisotropy:8]]
[2021.01.31-02.10.18:865][  0]LogConfig: Setting CVar [[r.Streaming.LimitPoolSizeToVRAM:0]]
[2021.01.31-02.10.18:865][  0]LogConfig: Setting CVar [[r.Streaming.PoolSize:1000]]
[2021.01.31-02.10.18:865][  0]LogConfig: Setting CVar [[r.Streaming.MaxEffectiveScreenSize:0]]
[2021.01.31-02.10.18:865][  0]LogConfig: Applying CVar settings from Section [EffectsQuality@3] File [E:/mamapolarbear/mamapolarbear/Saved/Config/Windows/Scalability.ini]
[2021.01.31-02.10.18:865][  0]LogConfig: Setting CVar [[r.TranslucencyLightingVolumeDim:64]]
[2021.01.31-02.10.18:865][  0]LogConfig: Setting CVar [[r.RefractionQuality:2]]
[2021.01.31-02.10.18:865][  0]LogConfig: Setting CVar [[r.SSR.Quality:3]]
[2021.01.31-02.10.18:865][  0]LogConfig: Setting CVar [[r.SSR.HalfResSceneColor:0]]
[2021.01.31-02.10.18:865][  0]LogConfig: Setting CVar [[r.SceneColorFormat:4]]
[2021.01.31-02.10.18:865][  0]LogConfig: Setting CVar [[r.DetailMode:2]]
[2021.01.31-02.10.18:865][  0]LogConfig: Setting CVar [[r.TranslucencyVolumeBlur:1]]
[2021.01.31-02.10.18:865][  0]LogConfig: Setting CVar [[r.MaterialQualityLevel:1 ; High quality]]
[2021.01.31-02.10.18:865][  0]LogConfig: Setting CVar [[r.SSS.Scale:1]]
[2021.01.31-02.10.18:865][  0]LogConfig: Setting CVar [[r.SSS.SampleSet:2]]
[2021.01.31-02.10.18:865][  0]LogConfig: Setting CVar [[r.SSS.Quality:1]]
[2021.01.31-02.10.18:865][  0]LogConfig: Setting CVar [[r.SSS.HalfRes:1]]
[2021.01.31-02.10.18:865][  0]LogConfig: Setting CVar [[r.SSGI.Quality:3]]
[2021.01.31-02.10.18:865][  0]LogConfig: Setting CVar [[r.EmitterSpawnRateScale:1.0]]
[2021.01.31-02.10.18:865][  0]LogConfig: Setting CVar [[r.ParticleLightQuality:2]]
[2021.01.31-02.10.18:865][  0]LogConfig: Setting CVar [[r.SkyAtmosphere.AerialPerspectiveLUT.FastApplyOnOpaque:1 ; Always have FastSkyLUT 1 in this case to avoid wrong sky]]
[2021.01.31-02.10.18:865][  0]LogConfig: Setting CVar [[r.SkyAtmosphere.AerialPerspectiveLUT.SampleCountPerSlice:1]]
[2021.01.31-02.10.18:865][  0]LogConfig: Setting CVar [[r.SkyAtmosphere.AerialPerspectiveLUT.DepthResolution:16.0]]
[2021.01.31-02.10.18:865][  0]LogConfig: Setting CVar [[r.SkyAtmosphere.FastSkyLUT:1]]
[2021.01.31-02.10.18:865][  0]LogConfig: Setting CVar [[r.SkyAtmosphere.FastSkyLUT.SampleCountMin:4.0]]
[2021.01.31-02.10.18:865][  0]LogConfig: Setting CVar [[r.SkyAtmosphere.FastSkyLUT.SampleCountMax:32.0]]
[2021.01.31-02.10.18:865][  0]LogConfig: Setting CVar [[r.SkyAtmosphere.SampleCountMin:4.0]]
[2021.01.31-02.10.18:865][  0]LogConfig: Setting CVar [[r.SkyAtmosphere.SampleCountMax:32.0]]
[2021.01.31-02.10.18:865][  0]LogConfig: Setting CVar [[r.SkyAtmosphere.TransmittanceLUT.UseSmallFormat:0]]
[2021.01.31-02.10.18:865][  0]LogConfig: Setting CVar [[r.SkyAtmosphere.TransmittanceLUT.SampleCount:10.0]]
[2021.01.31-02.10.18:865][  0]LogConfig: Setting CVar [[r.SkyAtmosphere.MultiScatteringLUT.SampleCount:15.0]]
[2021.01.31-02.10.18:865][  0]LogConfig: Applying CVar settings from Section [FoliageQuality@3] File [E:/mamapolarbear/mamapolarbear/Saved/Config/Windows/Scalability.ini]
[2021.01.31-02.10.18:865][  0]LogConfig: Setting CVar [[foliage.DensityScale:1.0]]
[2021.01.31-02.10.18:865][  0]LogConfig: Setting CVar [[grass.DensityScale:1.0]]
[2021.01.31-02.10.18:865][  0]LogConfig: Applying CVar settings from Section [ShadingQuality@3] File [E:/mamapolarbear/mamapolarbear/Saved/Config/Windows/Scalability.ini]
[2021.01.31-02.10.18:866][  0]LogConfig: Setting CVar [[r.HairStrands.SkyLighting.SampleCount:16]]
[2021.01.31-02.10.18:866][  0]LogConfig: Setting CVar [[r.HairStrands.SkyLighting.JitterIntegration:0]]
[2021.01.31-02.10.18:866][  0]LogConfig: Setting CVar [[r.HairStrands.SkyAO.SampleCount:16]]
[2021.01.31-02.10.18:866][  0]LogInit: Selected Device Profile: [Windows]
[2021.01.31-02.10.18:866][  0]LogInit: Applying CVar settings loaded from the selected device profile: [Windows]
[2021.01.31-02.10.18:868][  0]LogHAL: Display: Platform has ~ 16 GB [17053306880 / 17179869184 / 16], which maps to Larger [LargestMinGB=32, LargerMinGB=12, DefaultMinGB=8, SmallerMinGB=6, SmallestMinGB=0)
[2021.01.31-02.10.18:868][  0]LogInit: Going up to parent DeviceProfile []
[2021.01.31-02.10.18:868][  0]LogConfig: Applying CVar settings from Section [ViewDistanceQuality@2] File [E:/mamapolarbear/mamapolarbear/Saved/Config/Windows/Scalability.ini]
[2021.01.31-02.10.18:869][  0]LogConfig: Setting CVar [[r.SkeletalMeshLODBias:0]]
[2021.01.31-02.10.18:869][  0]LogConfig: Setting CVar [[r.ViewDistanceScale:0.8]]
[2021.01.31-02.10.18:869][  0]LogConfig: Applying CVar settings from Section [AntiAliasingQuality@2] File [E:/mamapolarbear/mamapolarbear/Saved/Config/Windows/Scalability.ini]
[2021.01.31-02.10.18:869][  0]LogConfig: Setting CVar [[r.PostProcessAAQuality:3]]
[2021.01.31-02.10.18:869][  0]LogConfig: Applying CVar settings from Section [ShadowQuality@2] File [E:/mamapolarbear/mamapolarbear/Saved/Config/Windows/Scalability.ini]
[2021.01.31-02.10.18:869][  0]LogConfig: Setting CVar [[r.LightFunctionQuality:1]]
[2021.01.31-02.10.18:869][  0]LogConfig: Setting CVar [[r.ShadowQuality:5]]
[2021.01.31-02.10.18:869][  0]LogConfig: Setting CVar [[r.Shadow.CSM.MaxCascades:4]]
[2021.01.31-02.10.18:869][  0]LogConfig: Setting CVar [[r.Shadow.MaxResolution:1024]]
[2021.01.31-02.10.18:869][  0]LogConfig: Setting CVar [[r.Shadow.MaxCSMResolution:2048]]
[2021.01.31-02.10.18:869][  0]LogConfig: Setting CVar [[r.Shadow.RadiusThreshold:0.04]]
[2021.01.31-02.10.18:869][  0]LogConfig: Setting CVar [[r.Shadow.DistanceScale:0.85]]
[2021.01.31-02.10.18:869][  0]LogConfig: Setting CVar [[r.Shadow.CSM.TransitionScale:0.8]]
[2021.01.31-02.10.18:869][  0]LogConfig: Setting CVar [[r.Shadow.PreShadowResolutionFactor:0.5]]
[2021.01.31-02.10.18:869][  0]LogConfig: Setting CVar [[r.DistanceFieldShadowing:1]]
[2021.01.31-02.10.18:869][  0]LogConfig: Setting CVar [[r.DistanceFieldAO:1]]
[2021.01.31-02.10.18:869][  0]LogConfig: Setting CVar [[r.AOQuality:1]]
[2021.01.31-02.10.18:869][  0]LogConfig: Setting CVar [[r.VolumetricFog:1]]
[2021.01.31-02.10.18:869][  0]LogConfig: Setting CVar [[r.VolumetricFog.GridPixelSize:16]]
[2021.01.31-02.10.18:869][  0]LogConfig: Setting CVar [[r.VolumetricFog.GridSizeZ:64]]
[2021.01.31-02.10.18:869][  0]LogConfig: Setting CVar [[r.VolumetricFog.HistoryMissSupersampleCount:4]]
[2021.01.31-02.10.18:869][  0]LogConfig: Setting CVar [[r.LightMaxDrawDistanceScale:1]]
[2021.01.31-02.10.18:869][  0]LogConfig: Setting CVar [[r.CapsuleShadows:1]]
[2021.01.31-02.10.18:869][  0]LogConfig: Applying CVar settings from Section [PostProcessQuality@2] File [E:/mamapolarbear/mamapolarbear/Saved/Config/Windows/Scalability.ini]
[2021.01.31-02.10.18:869][  0]LogConfig: Setting CVar [[r.MotionBlurQuality:3]]
[2021.01.31-02.10.18:869][  0]LogConfig: Setting CVar [[r.AmbientOcclusionMipLevelFactor:0.6]]
[2021.01.31-02.10.18:869][  0]LogConfig: Setting CVar [[r.AmbientOcclusionMaxQuality:100]]
[2021.01.31-02.10.18:869][  0]LogConfig: Setting CVar [[r.AmbientOcclusionLevels:-1]]
[2021.01.31-02.10.18:869][  0]LogConfig: Setting CVar [[r.AmbientOcclusionRadiusScale:1.5]]
[2021.01.31-02.10.18:869][  0]LogConfig: Setting CVar [[r.DepthOfFieldQuality:2]]
[2021.01.31-02.10.18:869][  0]LogConfig: Setting CVar [[r.RenderTargetPoolMin:400]]
[2021.01.31-02.10.18:869][  0]LogConfig: Setting CVar [[r.LensFlareQuality:2]]
[2021.01.31-02.10.18:869][  0]LogConfig: Setting CVar [[r.SceneColorFringeQuality:1]]
[2021.01.31-02.10.18:869][  0]LogConfig: Setting CVar [[r.EyeAdaptationQuality:2]]
[2021.01.31-02.10.18:869][  0]LogConfig: Setting CVar [[r.BloomQuality:5]]
[2021.01.31-02.10.18:869][  0]LogConfig: Setting CVar [[r.FastBlurThreshold:3]]
[2021.01.31-02.10.18:869][  0]LogConfig: Setting CVar [[r.Upscale.Quality:2]]
[2021.01.31-02.10.18:869][  0]LogConfig: Setting CVar [[r.Tonemapper.GrainQuantization:1]]
[2021.01.31-02.10.18:869][  0]LogConfig: Setting CVar [[r.LightShaftQuality:1]]
[2021.01.31-02.10.18:869][  0]LogConfig: Setting CVar [[r.Filter.SizeScale:0.8]]
[2021.01.31-02.10.18:869][  0]LogConfig: Setting CVar [[r.Tonemapper.Quality:5]]
[2021.01.31-02.10.18:869][  0]LogConfig: Setting CVar [[r.DOF.Gather.AccumulatorQuality:0        ; lower gathering accumulator quality]]
[2021.01.31-02.10.18:869][  0]LogConfig: Setting CVar [[r.DOF.Gather.PostfilterMethod:2          ; Max3x3 postfilering method]]
[2021.01.31-02.10.18:869][  0]LogConfig: Setting CVar [[r.DOF.Gather.EnableBokehSettings:0       ; no bokeh simulation when gathering]]
[2021.01.31-02.10.18:869][  0]LogConfig: Setting CVar [[r.DOF.Gather.RingCount:4                 ; medium number of samples when gathering]]
[2021.01.31-02.10.18:869][  0]LogConfig: Setting CVar [[r.DOF.Scatter.ForegroundCompositing:1    ; additive foreground scattering]]
[2021.01.31-02.10.18:869][  0]LogConfig: Setting CVar [[r.DOF.Scatter.BackgroundCompositing:1    ; no background occlusion]]
[2021.01.31-02.10.18:869][  0]LogConfig: Setting CVar [[r.DOF.Scatter.EnableBokehSettings:0      ; no bokeh simulation when scattering]]
[2021.01.31-02.10.18:869][  0]LogConfig: Setting CVar [[r.DOF.Scatter.MaxSpriteRatio:0.04        ; only a maximum of 4% of scattered bokeh]]
[2021.01.31-02.10.18:869][  0]LogConfig: Setting CVar [[r.DOF.Recombine.Quality:0                ; no slight out of focus]]
[2021.01.31-02.10.18:869][  0]LogConfig: Setting CVar [[r.DOF.TemporalAAQuality:0                ; faster temporal accumulation]]
[2021.01.31-02.10.18:869][  0]LogConfig: Setting CVar [[r.DOF.Kernel.MaxForegroundRadius:0.012   ; required because of AccumulatorQuality=0]]
[2021.01.31-02.10.18:869][  0]LogConfig: Setting CVar [[r.DOF.Kernel.MaxBackgroundRadius:0.012   ; required because of AccumulatorQuality=0]]
[2021.01.31-02.10.18:869][  0]LogConfig: Applying CVar settings from Section [TextureQuality@2] File [E:/mamapolarbear/mamapolarbear/Saved/Config/Windows/Scalability.ini]
[2021.01.31-02.10.18:869][  0]LogConfig: Setting CVar [[r.Streaming.MipBias:0]]
[2021.01.31-02.10.18:869][  0]LogConfig: Setting CVar [[r.Streaming.AmortizeCPUToGPUCopy:0]]
[2021.01.31-02.10.18:869][  0]LogConfig: Setting CVar [[r.Streaming.MaxNumTexturesToStreamPerFrame:0]]
[2021.01.31-02.10.18:869][  0]LogConfig: Setting CVar [[r.Streaming.Boost:1]]
[2021.01.31-02.10.18:869][  0]LogConfig: Setting CVar [[r.MaxAnisotropy:4]]
[2021.01.31-02.10.18:869][  0]LogConfig: Setting CVar [[r.VT.MaxAnisotropy:8]]
[2021.01.31-02.10.18:869][  0]LogConfig: Setting CVar [[r.Streaming.LimitPoolSizeToVRAM:1]]
[2021.01.31-02.10.18:869][  0]LogConfig: Setting CVar [[r.Streaming.PoolSize:800]]
[2021.01.31-02.10.18:869][  0]LogConfig: Setting CVar [[r.Streaming.MaxEffectiveScreenSize:0]]
[2021.01.31-02.10.18:869][  0]LogConfig: Applying CVar settings from Section [EffectsQuality@2] File [E:/mamapolarbear/mamapolarbear/Saved/Config/Windows/Scalability.ini]
[2021.01.31-02.10.18:869][  0]LogConfig: Setting CVar [[r.TranslucencyLightingVolumeDim:48]]
[2021.01.31-02.10.18:869][  0]LogConfig: Setting CVar [[r.RefractionQuality:2]]
[2021.01.31-02.10.18:869][  0]LogConfig: Setting CVar [[r.SSR.Quality:2]]
[2021.01.31-02.10.18:869][  0]LogConfig: Setting CVar [[r.SSR.HalfResSceneColor:1]]
[2021.01.31-02.10.18:869][  0]LogConfig: Setting CVar [[r.SceneColorFormat:3]]
[2021.01.31-02.10.18:869][  0]LogConfig: Setting CVar [[r.DetailMode:1]]
[2021.01.31-02.10.18:869][  0]LogConfig: Setting CVar [[r.TranslucencyVolumeBlur:1]]
[2021.01.31-02.10.18:869][  0]LogConfig: Setting CVar [[r.MaterialQualityLevel:1 ; High quality]]
[2021.01.31-02.10.18:869][  0]LogConfig: Setting CVar [[r.SSS.Scale:1]]
[2021.01.31-02.10.18:869][  0]LogConfig: Setting CVar [[r.SSS.SampleSet:1]]
[2021.01.31-02.10.18:869][  0]LogConfig: Setting CVar [[r.SSS.Quality:-1]]
[2021.01.31-02.10.18:869][  0]LogConfig: Setting CVar [[r.SSS.HalfRes:1]]
[2021.01.31-02.10.18:869][  0]LogConfig: Setting CVar [[r.SSGI.Quality:2]]
[2021.01.31-02.10.18:869][  0]LogConfig: Setting CVar [[r.EmitterSpawnRateScale:0.5]]
[2021.01.31-02.10.18:869][  0]LogConfig: Setting CVar [[r.ParticleLightQuality:1]]
[2021.01.31-02.10.18:869][  0]LogConfig: Setting CVar [[r.SkyAtmosphere.AerialPerspectiveLUT.FastApplyOnOpaque:1 ; Always have FastSkyLUT 1 in this case to avoid wrong sky]]
[2021.01.31-02.10.18:869][  0]LogConfig: Setting CVar [[r.SkyAtmosphere.AerialPerspectiveLUT.SampleCountPerSlice:1]]
[2021.01.31-02.10.18:870][  0]LogConfig: Setting CVar [[r.SkyAtmosphere.AerialPerspectiveLUT.DepthResolution:16.0]]
[2021.01.31-02.10.18:870][  0]LogConfig: Setting CVar [[r.SkyAtmosphere.FastSkyLUT:1]]
[2021.01.31-02.10.18:870][  0]LogConfig: Setting CVar [[r.SkyAtmosphere.FastSkyLUT.SampleCountMin:4.0]]
[2021.01.31-02.10.18:870][  0]LogConfig: Setting CVar [[r.SkyAtmosphere.FastSkyLUT.SampleCountMax:32.0]]
[2021.01.31-02.10.18:870][  0]LogConfig: Setting CVar [[r.SkyAtmosphere.SampleCountMin:4.0]]
[2021.01.31-02.10.18:870][  0]LogConfig: Setting CVar [[r.SkyAtmosphere.SampleCountMax:32.0]]
[2021.01.31-02.10.18:870][  0]LogConfig: Setting CVar [[r.SkyAtmosphere.TransmittanceLUT.UseSmallFormat:0]]
[2021.01.31-02.10.18:870][  0]LogConfig: Setting CVar [[r.SkyAtmosphere.TransmittanceLUT.SampleCount:10.0]]
[2021.01.31-02.10.18:870][  0]LogConfig: Setting CVar [[r.SkyAtmosphere.MultiScatteringLUT.SampleCount:15.0]]
[2021.01.31-02.10.18:870][  0]LogConfig: Applying CVar settings from Section [FoliageQuality@2] File [E:/mamapolarbear/mamapolarbear/Saved/Config/Windows/Scalability.ini]
[2021.01.31-02.10.18:870][  0]LogConfig: Setting CVar [[foliage.DensityScale:0.8]]
[2021.01.31-02.10.18:870][  0]LogConfig: Setting CVar [[grass.DensityScale:0.8]]
[2021.01.31-02.10.18:870][  0]LogConfig: Applying CVar settings from Section [ShadingQuality@3] File [E:/mamapolarbear/mamapolarbear/Saved/Config/Windows/Scalability.ini]
[2021.01.31-02.10.18:870][  0]LogConfig: Setting CVar [[r.HairStrands.SkyLighting.SampleCount:16]]
[2021.01.31-02.10.18:870][  0]LogConfig: Setting CVar [[r.HairStrands.SkyLighting.JitterIntegration:0]]
[2021.01.31-02.10.18:870][  0]LogConfig: Setting CVar [[r.HairStrands.SkyAO.SampleCount:16]]
[2021.01.31-02.10.18:870][  0]LogConfig: Applying CVar settings from Section [Startup] File [../../../Engine/Config/ConsoleVariables.ini]
[2021.01.31-02.10.18:870][  0]LogConfig: Setting CVar [[net.UseAdaptiveNetUpdateFrequency:0]]
[2021.01.31-02.10.18:870][  0]LogConfig: Setting CVar [[p.chaos.AllowCreatePhysxBodies:1]]
[2021.01.31-02.10.18:870][  0]LogConfig: Applying CVar settings from Section [ConsoleVariables] File [E:/mamapolarbear/mamapolarbear/Saved/Config/Windows/Engine.ini]
[2021.01.31-02.10.18:870][  0]LogInit: Computer: ANTHONY2
[2021.01.31-02.10.18:870][  0]LogInit: User: video
[2021.01.31-02.10.18:871][  0]LogInit: CPU Page size=4096, Cores=6
[2021.01.31-02.10.18:871][  0]LogInit: High frequency timer resolution =10.000000 MHz
[2021.01.31-02.10.18:871][  0]LogMemory: Memory total: Physical=15.9GB (16GB approx)
[2021.01.31-02.10.18:871][  0]LogMemory: Platform Memory Stats for Windows
[2021.01.31-02.10.18:871][  0]LogMemory: Process Physical Memory: 105.97 MB used, 105.98 MB peak
[2021.01.31-02.10.18:871][  0]LogMemory: Process Virtual Memory: 102.21 MB used, 102.21 MB peak
[2021.01.31-02.10.18:871][  0]LogMemory: Physical Memory: 7738.63 MB used,  8524.67 MB free, 16263.30 MB total
[2021.01.31-02.10.18:871][  0]LogMemory: Virtual Memory: 5163.96 MB used,  134212560.00 MB free, 134217728.00 MB total
[2021.01.31-02.10.18:874][  0]LogWindows: WindowsPlatformFeatures enabled
[2021.01.31-02.10.18:895][  0]LogInit: Using OS detected language (en-US).
[2021.01.31-02.10.18:895][  0]LogInit: Using OS detected locale (en-US).
[2021.01.31-02.10.18:896][  0]LogTextLocalizationManager: No specific localization for 'en-US' exists, so the 'en' localization will be used.
[2021.01.31-02.10.19:048][  0]LogInit: Setting process to per monitor DPI aware
[2021.01.31-02.10.19:105][  0]LogSlate: New Slate User Created.  User Index 0, Is Virtual User: 0
[2021.01.31-02.10.19:105][  0]LogSlate: Slate User Registered.  User Index 0, Is Virtual User: 0
[2021.01.31-02.10.19:484][  0]LogHMD: Failed to initialize OpenVR with code 110
[2021.01.31-02.10.19:484][  0]LogD3D11RHI: D3D11 min allowed feature level: 11_0
[2021.01.31-02.10.19:484][  0]LogD3D11RHI: D3D11 max allowed feature level: 11_0
[2021.01.31-02.10.19:484][  0]LogD3D11RHI: D3D11 adapters:
[2021.01.31-02.10.19:547][  0]LogD3D11RHI:    0. 'NVIDIA GeForce GTX 1050 Ti' (Feature Level 11_0)
[2021.01.31-02.10.19:547][  0]LogD3D11RHI:       4018/0/8131 MB DedicatedVideo/DedicatedSystem/SharedSystem, Outputs:1, VendorId:0x10de
[2021.01.31-02.10.19:560][  0]LogD3D11RHI:    1. 'Intel(R) UHD Graphics 630' (Feature Level 11_0)
[2021.01.31-02.10.19:560][  0]LogD3D11RHI:       128/0/8131 MB DedicatedVideo/DedicatedSystem/SharedSystem, Outputs:0, VendorId:0x8086
[2021.01.31-02.10.19:562][  0]LogD3D11RHI:    2. 'Microsoft Basic Render Driver' (Feature Level 11_0)
[2021.01.31-02.10.19:562][  0]LogD3D11RHI:       0/0/8131 MB DedicatedVideo/DedicatedSystem/SharedSystem, Outputs:0, VendorId:0x1414
[2021.01.31-02.10.19:562][  0]LogD3D11RHI: Chosen D3D11 Adapter: 0
[2021.01.31-02.10.19:602][  0]LogD3D11RHI: Creating new Direct3DDevice
[2021.01.31-02.10.19:602][  0]LogD3D11RHI:     GPU DeviceId: 0x1c8c (for the marketing name, search the web for "GPU Device Id")
[2021.01.31-02.10.19:602][  0]LogWindows: EnumDisplayDevices:
[2021.01.31-02.10.19:602][  0]LogWindows:    0. 'Intel(R) UHD Graphics 630' (P:1 D:1)
[2021.01.31-02.10.19:602][  0]LogWindows:    1. 'Intel(R) UHD Graphics 630' (P:0 D:0)
[2021.01.31-02.10.19:602][  0]LogWindows:    2. 'Intel(R) UHD Graphics 630' (P:0 D:0)
[2021.01.31-02.10.19:603][  0]LogWindows:    3. 'NVIDIA GeForce GTX 1050 Ti' (P:0 D:0)
[2021.01.31-02.10.19:603][  0]LogWindows:    4. 'NVIDIA GeForce GTX 1050 Ti' (P:0 D:0)
[2021.01.31-02.10.19:603][  0]LogWindows:    5. 'NVIDIA GeForce GTX 1050 Ti' (P:0 D:0)
[2021.01.31-02.10.19:603][  0]LogWindows:    6. 'NVIDIA GeForce GTX 1050 Ti' (P:0 D:0)
[2021.01.31-02.10.19:603][  0]LogWindows: DebugString: PrimaryIsNotTheChoosenAdapter PrimaryIsNotTheChoosenAdapter PrimaryIsNotTheChoosenAdapter FoundDriverCount:4 
[2021.01.31-02.10.19:603][  0]LogD3D11RHI:     Adapter Name: NVIDIA GeForce GTX 1050 Ti
[2021.01.31-02.10.19:603][  0]LogD3D11RHI:   Driver Version: 419.71 (internal:25.21.14.1971, unified:419.71)
[2021.01.31-02.10.19:604][  0]LogD3D11RHI:      Driver Date: 3-18-2019
[2021.01.31-02.10.19:604][  0]LogRHI: Texture pool is 2812 MB (70% of 4018 MB)
[2021.01.31-02.10.19:650][  0]LogD3D11RHI: RHI has support for 64 bit atomics
[2021.01.31-02.10.19:650][  0]LogD3D11RHI: Async texture creation enabled
[2021.01.31-02.10.19:667][  0]LogD3D11RHI: GPU Timing Frequency: 1000.000000 (Debug: 2 2)
[2021.01.31-02.10.19:967][  0]LogTargetPlatformManager: Display: Loaded TargetPlatform 'AllDesktop'
[2021.01.31-02.10.20:013][  0]LogTargetPlatformManager: Display: Loaded TargetPlatform 'Android'
[2021.01.31-02.10.20:013][  0]LogTargetPlatformManager: Display: Loaded TargetPlatform 'Android_ASTC'
[2021.01.31-02.10.20:013][  0]LogTargetPlatformManager: Display: Loaded TargetPlatform 'Android_ATC'
[2021.01.31-02.10.20:013][  0]LogTargetPlatformManager: Display: Loaded TargetPlatform 'Android_DXT'
[2021.01.31-02.10.20:013][  0]LogTargetPlatformManager: Display: Loaded TargetPlatform 'Android_ETC1'
[2021.01.31-02.10.20:013][  0]LogTargetPlatformManager: Display: Loaded TargetPlatform 'Android_ETC1a'
[2021.01.31-02.10.20:013][  0]LogTargetPlatformManager: Display: Loaded TargetPlatform 'Android_ETC2'
[2021.01.31-02.10.20:013][  0]LogTargetPlatformManager: Display: Loaded TargetPlatform 'Android_PVRTC'
[2021.01.31-02.10.20:013][  0]LogTargetPlatformManager: Display: Loaded TargetPlatform 'AndroidClient'
[2021.01.31-02.10.20:013][  0]LogTargetPlatformManager: Display: Loaded TargetPlatform 'Android_ASTCClient'
[2021.01.31-02.10.20:013][  0]LogTargetPlatformManager: Display: Loaded TargetPlatform 'Android_ATCClient'
[2021.01.31-02.10.20:013][  0]LogTargetPlatformManager: Display: Loaded TargetPlatform 'Android_DXTClient'
[2021.01.31-02.10.20:013][  0]LogTargetPlatformManager: Display: Loaded TargetPlatform 'Android_ETC1Client'
[2021.01.31-02.10.20:013][  0]LogTargetPlatformManager: Display: Loaded TargetPlatform 'Android_ETC1aClient'
[2021.01.31-02.10.20:013][  0]LogTargetPlatformManager: Display: Loaded TargetPlatform 'Android_ETC2Client'
[2021.01.31-02.10.20:013][  0]LogTargetPlatformManager: Display: Loaded TargetPlatform 'Android_PVRTCClient'
[2021.01.31-02.10.20:013][  0]LogTargetPlatformManager: Display: Loaded TargetPlatform 'Android_Multi'
[2021.01.31-02.10.20:013][  0]LogTargetPlatformManager: Display: Loaded TargetPlatform 'Android_MultiClient'
[2021.01.31-02.10.20:171][  0]LogTargetPlatformManager: Display: Loaded TargetPlatform 'IOSClient'
[2021.01.31-02.10.20:171][  0]LogTargetPlatformManager: Display: Loaded TargetPlatform 'IOS'
[2021.01.31-02.10.20:177][  0]LogTargetPlatformManager: Display: Loaded TargetPlatform 'LinuxNoEditor'
[2021.01.31-02.10.20:184][  0]LogTargetPlatformManager: Display: Loaded TargetPlatform 'LinuxClient'
[2021.01.31-02.10.20:190][  0]LogTargetPlatformManager: Display: Loaded TargetPlatform 'LinuxServer'
[2021.01.31-02.10.20:197][  0]LogTargetPlatformManager: Display: Loaded TargetPlatform 'LinuxAArch64NoEditor'
[2021.01.31-02.10.20:204][  0]LogTargetPlatformManager: Display: Loaded TargetPlatform 'LinuxAArch64Client'
[2021.01.31-02.10.20:211][  0]LogTargetPlatformManager: Display: Loaded TargetPlatform 'LinuxAArch64Server'
[2021.01.31-02.10.20:364][  0]LogTargetPlatformManager: Display: Loaded TargetPlatform 'Lumin'
[2021.01.31-02.10.20:364][  0]LogTargetPlatformManager: Display: Loaded TargetPlatform 'LuminClient'
[2021.01.31-02.10.20:377][  0]LogTargetPlatformManager: Display: Loaded TargetPlatform 'TVOSClient'
[2021.01.31-02.10.20:377][  0]LogTargetPlatformManager: Display: Loaded TargetPlatform 'TVOS'
[2021.01.31-02.10.20:383][  0]LogTargetPlatformManager: Display: Loaded TargetPlatform 'WindowsNoEditor'
[2021.01.31-02.10.20:391][  0]LogTargetPlatformManager: Display: Loaded TargetPlatform 'Windows'
[2021.01.31-02.10.20:398][  0]LogTargetPlatformManager: Display: Loaded TargetPlatform 'WindowsClient'
[2021.01.31-02.10.20:404][  0]LogTargetPlatformManager: Display: Loaded TargetPlatform 'WindowsServer'
[2021.01.31-02.10.20:404][  0]LogTargetPlatformManager: Display: Building Assets For Windows
[2021.01.31-02.10.20:408][  0]LogAudioDebug: Display: Lib vorbis DLL was dynamically loaded.
[2021.01.31-02.10.20:891][  0]LogShaderCompilers: Guid format shader working directory is 15 characters bigger than the processId version (E:/mamapolarbear/mamapolarbear/Intermediate/Shaders/WorkingDirectory/20736/).
[2021.01.31-02.10.20:891][  0]LogShaderCompilers: Cleaned the shader compiler working directory 'C:/Users/video/AppData/Local/Temp/UnrealShaderWorkingDir/4AF8433047945E88487E8CB53C0729EF/'.
[2021.01.31-02.10.20:892][  0]LogXGEController: Cannot use XGE Controller as Incredibuild is not installed on this machine.
[2021.01.31-02.10.20:892][  0]LogShaderCompilers: Cannot use XGE Shader Compiler as Incredibuild is not installed on this machine.
[2021.01.31-02.10.20:892][  0]LogShaderCompilers: Display: Using Local Shader Compiler.
[2021.01.31-02.10.21:692][  0]LogDerivedDataCache: Display: Max Cache Size: 512 MB
[2021.01.31-02.10.21:762][  0]LogDerivedDataCache: Loaded boot cache 0.07s 94MB C:/Users/video/AppData/Local/UnrealEngine/4.24/DerivedDataCache/Boot.ddc.
[2021.01.31-02.10.21:762][  0]LogDerivedDataCache: Display: Loaded Boot cache: C:/Users/video/AppData/Local/UnrealEngine/4.24/DerivedDataCache/Boot.ddc
[2021.01.31-02.10.21:762][  0]LogDerivedDataCache: FDerivedDataBackendGraph:  Pak pak cache file E:/mamapolarbear/mamapolarbear/DerivedDataCache/DDC.ddp not found, will not use a pak cache.
[2021.01.31-02.10.21:762][  0]LogDerivedDataCache: Unable to find inner node Pak for hierarchical cache Hierarchy.
[2021.01.31-02.10.21:762][  0]LogDerivedDataCache: FDerivedDataBackendGraph:  CompressedPak pak cache file E:/mamapolarbear/mamapolarbear/DerivedDataCache/Compressed.ddp not found, will not use a pak cache.
[2021.01.31-02.10.21:762][  0]LogDerivedDataCache: Unable to find inner node CompressedPak for hierarchical cache Hierarchy.
[2021.01.31-02.10.21:771][  0]LogDerivedDataCache: Display: Pak cache opened for reading ../../../Engine/DerivedDataCache/Compressed.ddp.
[2021.01.31-02.10.21:771][  0]LogDerivedDataCache: FDerivedDataBackendGraph:  EnterprisePak pak cache file ../../../Enterprise/DerivedDataCache/Compressed.ddp not found, will not use a pak cache.
[2021.01.31-02.10.21:771][  0]LogDerivedDataCache: Unable to find inner node EnterprisePak for hierarchical cache Hierarchy.
[2021.01.31-02.10.21:772][  0]LogDerivedDataCache: Using Local data cache path C:/Users/video/AppData/Local/UnrealEngine/Common/DerivedDataCache: Writable
[2021.01.31-02.10.21:772][  0]LogDerivedDataCache: Shared data cache path not found in *engine.ini, will not use an Shared cache.
[2021.01.31-02.10.21:772][  0]LogDerivedDataCache: Unable to find inner node Shared for hierarchical cache Hierarchy.
[2021.01.31-02.10.21:796][  0]LogMaterial: Verifying Global Shaders for PCD3D_SM5
[2021.01.31-02.10.21:798][  0]LogSlate: Using FreeType 2.10.0
[2021.01.31-02.10.21:798][  0]LogSlate: SlateFontServices - WITH_FREETYPE: 1, WITH_HARFBUZZ: 1
[2021.01.31-02.10.22:119][  0]LogAssetRegistry: FAssetRegistry took 0.0024 seconds to start up
[2021.01.31-02.10.22:377][  0]LogInit: Selected Device Profile: [Windows]
[2021.01.31-02.10.22:516][  0]LogMeshReduction: Using QuadricMeshReduction for automatic static mesh reduction
[2021.01.31-02.10.22:516][  0]LogMeshReduction: Using SimplygonMeshReduction for automatic skeletal mesh reduction
[2021.01.31-02.10.22:516][  0]LogMeshReduction: Using ProxyLODMeshReduction for automatic mesh merging
[2021.01.31-02.10.22:516][  0]LogMeshReduction: No distributed automatic mesh merging module available
[2021.01.31-02.10.22:516][  0]LogMeshMerging: No distributed automatic mesh merging module available
[2021.01.31-02.10.22:527][  0]LogNetVersion: mamapolarbear 1.0.0, NetCL: 10570792, EngineNetVer: 13, GameNetVer: 0 (Checksum: 2683737038)
[2021.01.31-02.10.24:092][  0]LogPackageLocalizationCache: Processed 12 localized package path(s) for 1 prioritized culture(s) in 0.070489 seconds
[2021.01.31-02.10.24:099][  0]LogUObjectArray: 46750 objects as part of root set at end of initial load.
[2021.01.31-02.10.24:099][  0]LogUObjectAllocator: 8137160 out of 0 bytes used by permanent object pool.
[2021.01.31-02.10.24:099][  0]LogUObjectArray: CloseDisregardForGC: 0/0 objects in disregard for GC pool
[2021.01.31-02.10.24:907][  0]LogPython: Using Python 2.7.14
[2021.01.31-02.10.25:542][  0]LogTcpMessaging: Initializing TcpMessaging bridge
[2021.01.31-02.10.25:545][  0]LogUdpMessaging: Initializing bridge on interface 0.0.0.0:0 to multicast group 230.0.0.1:6666.
[2021.01.31-02.10.25:612][  0]SourceControl: Source control is disabled
[2021.01.31-02.10.25:612][  0]SourceControl: Source control is disabled
[2021.01.31-02.10.25:622][  0]SourceControl: Source control is disabled
[2021.01.31-02.10.25:630][  0]SourceControl: Source control is disabled
[2021.01.31-02.10.25:639][  0]SourceControl: Source control is disabled
[2021.01.31-02.10.25:780][  0]LogAndroidPermission: UAndroidPermissionCallbackProxy::GetInstance
[2021.01.31-02.10.25:799][  0]LogAudioCaptureCore: Display: No Audio Capture implementations found. Audio input will be silent.
[2021.01.31-02.10.25:799][  0]LogAudioCaptureCore: Display: No Audio Capture implementations found. Audio input will be silent.
[2021.01.31-02.10.25:894][  0]LogOcInput: OculusInput pre-init called
[2021.01.31-02.10.25:901][  0]LogWindows: Failed to load 'OVRPlugin.dll' (GetLastError=126)
[2021.01.31-02.10.25:901][  0]LogWindows: File 'OVRPlugin.dll' does not exist
[2021.01.31-02.10.27:141][  0]LogEngine: Initializing Engine...
[2021.01.31-02.10.27:142][  0]LogHMD: Failed to initialize OpenVR with code 110
[2021.01.31-02.10.27:143][  0]LogStats: UGameplayTagsManager::InitializeManager -  0.000 s
[2021.01.31-02.10.27:461][  0]LogInit: Initializing FReadOnlyCVARCache
[2021.01.31-02.10.27:468][  0]LogAIModule: Creating AISystem for world Untitled
[2021.01.31-02.10.27:544][  0]LogAudioMixer: Display: Audio Mixer Platform Settings:
[2021.01.31-02.10.27:544][  0]LogAudioMixer: Display: 	Sample Rate:						  48000
[2021.01.31-02.10.27:544][  0]LogAudioMixer: Display: 	Callback Buffer Frame Size Requested: 1024
[2021.01.31-02.10.27:544][  0]LogAudioMixer: Display: 	Callback Buffer Frame Size To Use:	  1024
[2021.01.31-02.10.27:544][  0]LogAudioMixer: Display: 	Number of buffers to queue:			  2
[2021.01.31-02.10.27:544][  0]LogAudioMixer: Display: 	Max Channels (voices):				  32
[2021.01.31-02.10.27:544][  0]LogAudioMixer: Display: 	Number of Async Source Workers:		  0
[2021.01.31-02.10.27:544][  0]LogAudio: Display: AudioDevice MaxSources: 32
[2021.01.31-02.10.27:544][  0]LogAudio: Display: Using built-in audio occlusion.
[2021.01.31-02.10.27:544][  0]LogAudioMixer: Display: Initializing audio mixer.
[2021.01.31-02.10.27:564][  0]LogAudioMixer: Display: Audio Device Output Speaker Info:
[2021.01.31-02.10.27:564][  0]LogAudioMixer: Display: Name: Speakers (Realtek(R) Audio)
[2021.01.31-02.10.27:564][  0]LogAudioMixer: Display: Is Default: Yes
[2021.01.31-02.10.27:564][  0]LogAudioMixer: Display: Sample Rate: 48000
[2021.01.31-02.10.27:564][  0]LogAudioMixer: Display: Channel Count Used: 2
[2021.01.31-02.10.27:564][  0]LogAudioMixer: Display: Device Channel Count: 2
[2021.01.31-02.10.27:564][  0]LogAudioMixer: Display: Channel Order:
[2021.01.31-02.10.27:564][  0]LogAudioMixer: Display: 0: FrontLeft
[2021.01.31-02.10.27:564][  0]LogAudioMixer: Display: 1: FrontRight
[2021.01.31-02.10.27:591][  0]LogAudioMixer: Display: Using Audio Device Speakers (Realtek(R) Audio)
[2021.01.31-02.10.27:598][  0]LogInit: FAudioDevice initialized.
[2021.01.31-02.10.27:598][  0]LogNetVersion: Set ProjectVersion to 1.0.0.0. Version Checksum will be recalculated on next use.
[2021.01.31-02.10.27:771][  0]LogDerivedDataCache: Saved boot cache 0.17s 94MB C:/Users/video/AppData/Local/UnrealEngine/4.24/DerivedDataCache/Boot.ddc.
[2021.01.31-02.10.27:772][  0]LogInit: Texture streaming: Enabled
[2021.01.31-02.10.27:781][  0]LogEngineSessionManager: EngineSessionManager initialized
[2021.01.31-02.10.27:781][  0]LogEditorSessionSummary: Verbose: Initializing EditorSessionSummaryWriter for editor session tracking
[2021.01.31-02.10.27:799][  0]LogEditorSessionSummary: EditorSessionSummaryWriter initialized
[2021.01.31-02.10.27:853][  0]LogInit: Transaction tracking system initialized
[2021.01.31-02.10.27:863][  0]BlueprintLog: New page: Editor Load
[2021.01.31-02.10.27:894][  0]LocalizationService: Localization service is disabled
[2021.01.31-02.10.28:218][  0]LogFileCache: Scanning file cache for directory 'E:/mamapolarbear/mamapolarbear/Content/' took 0.01s
[2021.01.31-02.10.28:218][  0]LogCook: Display: Max memory allowance for cook 16384mb min free memory 0mb
[2021.01.31-02.10.28:218][  0]LogCook: Display: Mobile HDR setting 1
[2021.01.31-02.10.29:945][  0]SourceControl: Source control is disabled
[2021.01.31-02.10.29:945][  0]Cmd: MAP LOAD FILE="E:/mamapolarbear/mamapolarbear/Content/ThirdPersonBP/Maps/ThirdPersonExampleMap.umap" TEMPLATE=0 SHOWPROGRESS=1 FEATURELEVEL=3
[2021.01.31-02.10.29:945][  0]LightingResults: New page: Lighting Build
[2021.01.31-02.10.29:946][  0]LogWorld: UWorld::CleanupWorld for Untitled, bSessionEnded=true, bCleanupResources=true
[2021.01.31-02.10.29:946][  0]LogSlate: InvalidateAllWidgets triggered.  All widgets were invalidated
[2021.01.31-02.10.29:946][  0]MapCheck: New page: Map Check
[2021.01.31-02.10.29:946][  0]LightingResults: New page: Lighting Build
[2021.01.31-02.10.29:974][  0]LogUObjectHash: Compacting FUObjectHashTables data took   2.11ms
[2021.01.31-02.10.30:183][  0]LogAIModule: Creating AISystem for world ThirdPersonExampleMap
[2021.01.31-02.10.30:190][  0]LogEditorServer: Finished looking for orphan Actors (0.000 secs)
[2021.01.31-02.10.30:222][  0]LogUObjectHash: Compacting FUObjectHashTables data took   3.16ms
[2021.01.31-02.10.30:223][  0]Cmd: MAP CHECKDEP NOCLEARLOG
[2021.01.31-02.10.30:223][  0]MapCheck: Map check complete: 0 Error(s), 0 Warning(s), took 0.127ms to complete.
[2021.01.31-02.10.30:223][  0]LogFileHelpers: Loading map 'ThirdPersonExampleMap' took 0.279
[2021.01.31-02.10.30:369][  0]LogSlate: Updating window title bar state: overlay mode, drag disabled, window buttons hidden, title bar hidden
[2021.01.31-02.10.30:376][  0]LogSlate: Updating window title bar state: overlay mode, drag disabled, window buttons hidden, title bar hidden
[2021.01.31-02.10.30:382][  0]LogSlate: Updating window title bar state: overlay mode, drag disabled, window buttons hidden, title bar hidden
[2021.01.31-02.10.30:389][  0]LogSlate: Updating window title bar state: overlay mode, drag disabled, window buttons hidden, title bar hidden
[2021.01.31-02.10.30:393][  0]LogCollectionManager: Loaded 0 collections in 0.001328 seconds
[2021.01.31-02.10.30:403][  0]LogFileCache: Scanning file cache for directory 'E:/mamapolarbear/mamapolarbear/Saved/Collections/' took 0.00s
[2021.01.31-02.10.30:403][  0]LogFileCache: Scanning file cache for directory 'E:/mamapolarbear/mamapolarbear/Content/Developers/video/Collections/' took 0.00s
[2021.01.31-02.10.30:403][  0]LogFileCache: Scanning file cache for directory 'E:/mamapolarbear/mamapolarbear/Content/Collections/' took 0.00s
[2021.01.31-02.10.30:403][  0]LogContentBrowser: Native class hierarchy populated in 0.0073 seconds. Added 3038 classes and 727 folders.
[2021.01.31-02.10.30:405][  0]LogContentBrowser: Native class hierarchy updated for 'WidgetCarousel' in 0.0002 seconds. Added 0 classes and 0 folders.
[2021.01.31-02.10.30:546][  0]LogContentBrowser: Native class hierarchy updated for 'AddContentDialog' in 0.0003 seconds. Added 0 classes and 0 folders.
[2021.01.31-02.10.30:550][  0]LogContentBrowser: Native class hierarchy updated for 'SceneOutliner' in 0.0002 seconds. Added 2 classes and 3 folders.
[2021.01.31-02.10.30:719][  0]LogSlate: Took 0.000261 seconds to synchronously load lazily loaded font '../../../Engine/Content/Slate/Fonts/Roboto-Regular.ttf' (155K)
[2021.01.31-02.10.30:722][  0]LogSlate: Took 0.000215 seconds to synchronously load lazily loaded font '../../../Engine/Content/Slate/Fonts/Roboto-Bold.ttf' (160K)
[2021.01.31-02.10.30:727][  0]LogSlate: Took 0.000272 seconds to synchronously load lazily loaded font '../../../Engine/Content/Editor/Slate/Fonts/FontAwesome.ttf' (139K)
[2021.01.31-02.10.30:862][  0]LogRenderer: Reallocating scene render targets to support 968x416 Format 9 NumSamples 1 (Frame:1).
[2021.01.31-02.10.31:030][  0]LogContentBrowser: Native class hierarchy updated for 'HierarchicalLODOutliner' in 0.0003 seconds. Added 0 classes and 0 folders.
[2021.01.31-02.10.31:030][  0]LogLoad: (Engine Initialization) Total time: 14.28 seconds
[2021.01.31-02.10.31:030][  0]LogLoad: (Engine Initialization) Total Blueprint compile time: 0.00 seconds
[2021.01.31-02.10.31:259][  0]LogContentStreaming: Texture pool size now 800 MB
[2021.01.31-02.10.31:278][  0]LogSlate: Took 0.000233 seconds to synchronously load lazily loaded font '../../../Engine/Content/Slate/Fonts/Roboto-Light.ttf' (167K)
[2021.01.31-02.10.31:296][  1]LogAssetRegistry: Asset discovery search completed in 9.1777 seconds
[2021.01.31-02.10.31:300][  1]LogCollectionManager: Fixed up redirectors for 0 collections in 0.000009 seconds (updated 0 objects)
[2021.01.31-02.10.35:930][271]LogSlate: Took 0.000223 seconds to synchronously load lazily loaded font '../../../Engine/Content/Slate/Fonts/Roboto-Light.ttf' (167K)
[2021.01.31-02.10.35:967][271]LogLinker: Warning: Asset 'E:/mamapolarbear/mamapolarbear/Content/MSPresets/MSTextures/Albedo.uasset' has been saved with empty engine version. The asset will be loaded but may be incompatible.
[2021.01.31-02.10.35:967][271]LogLinker: Warning: Asset 'E:/mamapolarbear/mamapolarbear/Content/MSPresets/MSTextures/Normal.uasset' has been saved with empty engine version. The asset will be loaded but may be incompatible.
[2021.01.31-02.10.35:968][271]LogLinker: Warning: Asset 'E:/mamapolarbear/mamapolarbear/Content/MSPresets/MSTextures/Roughness.uasset' has been saved with empty engine version. The asset will be loaded but may be incompatible.
[2021.01.31-02.10.36:236][271]LogAIModule: Creating AISystem for world ThirdPersonExampleMap
[2021.01.31-02.10.36:258][271]LogAssetEditorSubsystem: Opening Asset editor for World /Game/ThirdPersonBP/ThirdPersonExampleMap.ThirdPersonExampleMap
[2021.01.31-02.10.36:288][271]LogUObjectHash: Compacting FUObjectHashTables data took   1.31ms
[2021.01.31-02.10.36:290][271]Cmd: MAP LOAD FILE="E:/mamapolarbear/mamapolarbear/Content/ThirdPersonBP/ThirdPersonExampleMap.umap" TEMPLATE=0 SHOWPROGRESS=1 FEATURELEVEL=3
[2021.01.31-02.10.36:290][271]LightingResults: New page: Lighting Build
[2021.01.31-02.10.36:290][271]LoadErrors: New page: Loading map: ThirdPersonExampleMap.umap
[2021.01.31-02.10.36:291][271]LogWorld: UWorld::CleanupWorld for ThirdPersonExampleMap, bSessionEnded=true, bCleanupResources=true
[2021.01.31-02.10.36:291][271]LogSlate: InvalidateAllWidgets triggered.  All widgets were invalidated
[2021.01.31-02.10.36:291][271]MapCheck: New page: Map Check
[2021.01.31-02.10.36:291][271]LightingResults: New page: Lighting Build
[2021.01.31-02.10.36:322][271]LogUObjectHash: Compacting FUObjectHashTables data took   1.69ms
[2021.01.31-02.10.36:478][271]LogEditorServer: Finished looking for orphan Actors (0.000 secs)
[2021.01.31-02.10.36:510][271]LogUObjectHash: Compacting FUObjectHashTables data took   2.03ms
[2021.01.31-02.10.36:524][271]Cmd: MAP CHECKDEP NOCLEARLOG
[2021.01.31-02.10.36:524][271]MapCheck: Map check complete: 0 Error(s), 0 Warning(s), took 0.112ms to complete.
[2021.01.31-02.10.36:524][271]LogFileHelpers: Loading map 'ThirdPersonExampleMap' took 0.234
[2021.01.31-02.10.38:435][358]LogEditorViewport: Clicking on Actor (LMB): InstancedFoliageActor (InstancedFoliageActor2)
[2021.01.31-02.10.39:241][399]Cmd: DELETE
[2021.01.31-02.10.39:241][399]Cmd: ACTOR DELETE
[2021.01.31-02.10.39:253][399]LogEditorActor: Deleted Actor: InstancedFoliageActor
[2021.01.31-02.10.39:285][399]LogUObjectHash: Compacting FUObjectHashTables data took   1.66ms
[2021.01.31-02.10.39:289][399]LogEditorActor: Deleted 1 Actors (0.048 secs)
[2021.01.31-02.10.43:828][663]LogUObjectHash: Compacting FUObjectHashTables data took   0.92ms
[2021.01.31-02.10.43:855][663]Cmd: OBJ SAVEPACKAGE PACKAGE="/Game/ThirdPersonBP/ThirdPersonExampleMap" FILE="E:/mamapolarbear/mamapolarbear/Content/ThirdPersonBP/ThirdPersonExampleMap.umap" SILENT=true AUTOSAVING=false KEEPDIRTY=false
[2021.01.31-02.10.43:889][663]LogUObjectHash: Compacting FUObjectHashTables data took   0.70ms
[2021.01.31-02.10.45:297][663]LogSavePackage: Moving 'E:/mamapolarbear/mamapolarbear/Saved/ThirdPersonExampleMap37E9976B4DFB3A79DF946DBCCE1EC6FE.tmp' to 'E:/mamapolarbear/mamapolarbear/Content/ThirdPersonBP/ThirdPersonExampleMap.umap'
[2021.01.31-02.10.45:298][663]LogFileManager: Warning: DeleteFile was unable to delete 'E:/mamapolarbear/mamapolarbear/Content/ThirdPersonBP/ThirdPersonExampleMap.umap', retrying in .5s...
[2021.01.31-02.10.45:799][663]LogFileManager: Error: Error deleting file 'E:/mamapolarbear/mamapolarbear/Content/ThirdPersonBP/ThirdPersonExampleMap.umap'.
[2021.01.31-02.10.45:799][663]LogSavePackage: Error: Error saving 'E:/mamapolarbear/mamapolarbear/Content/ThirdPersonBP/ThirdPersonExampleMap.umap'
[2021.01.31-02.10.45:804][663]EditorErrors: New page: Save Output
[2021.01.31-02.10.45:804][663]EditorErrors: Warning: Error saving 'E:/mamapolarbear/mamapolarbear/Content/ThirdPersonBP/ThirdPersonExampleMap.umap'
[2021.01.31-02.10.45:859][663]LogFileHelpers: Saving map 'ThirdPersonExampleMap' took 2.004
[2021.01.31-02.10.54:050][663]LogSlate: Window 'Message' being destroyed
[2021.01.31-02.10.54:057][663]Cmd: OBJ SAVEPACKAGE PACKAGE="/Game/ThirdPersonBP/ThirdPersonExampleMap" FILE="E:/mamapolarbear/mamapolarbear/Content/ThirdPersonBP/ThirdPersonExampleMap.umap" SILENT=true AUTOSAVING=false KEEPDIRTY=false
[2021.01.31-02.10.54:093][663]LogUObjectHash: Compacting FUObjectHashTables data took   2.77ms
[2021.01.31-02.10.55:488][663]LogSavePackage: Moving 'E:/mamapolarbear/mamapolarbear/Saved/ThirdPersonExampleMapFC376965481E29016016D289D5550730.tmp' to 'E:/mamapolarbear/mamapolarbear/Content/ThirdPersonBP/ThirdPersonExampleMap.umap'
[2021.01.31-02.10.55:488][663]LogFileManager: Warning: DeleteFile was unable to delete 'E:/mamapolarbear/mamapolarbear/Content/ThirdPersonBP/ThirdPersonExampleMap.umap', retrying in .5s...
[2021.01.31-02.10.55:990][663]LogFileManager: Error: Error deleting file 'E:/mamapolarbear/mamapolarbear/Content/ThirdPersonBP/ThirdPersonExampleMap.umap'.
[2021.01.31-02.10.55:990][663]LogSavePackage: Error: Error saving 'E:/mamapolarbear/mamapolarbear/Content/ThirdPersonBP/ThirdPersonExampleMap.umap'
[2021.01.31-02.10.55:995][663]EditorErrors: New page: Save Output
[2021.01.31-02.10.55:995][663]EditorErrors: Warning: Error saving 'E:/mamapolarbear/mamapolarbear/Content/ThirdPersonBP/ThirdPersonExampleMap.umap'
[2021.01.31-02.10.55:999][663]LogFileHelpers: Saving map 'ThirdPersonExampleMap' took 1.944
[2021.01.31-02.10.57:217][663]LogSlate: Window 'Message' being destroyed
[2021.01.31-02.10.58:944][765]LogSlate: Window 'Message Log' being destroyed
[2021.01.31-02.10.58:948][765]LogSlate: Window 'Message Log' being destroyed
[2021.01.31-02.11.10:319][373]LogUObjectHash: Compacting FUObjectHashTables data took   1.66ms
[2021.01.31-02.11.10:430][373]LogAIModule: Creating AISystem for world ThirdPersonExampleMap1
[2021.01.31-02.11.13:789][554]LogObjectTools: Deleting 1 worlds: /Game/ThirdPersonBP/ThirdPersonExampleMap.ThirdPersonExampleMap
[2021.01.31-02.11.13:789][554]LogObjectTools: Currently 1 active worlds: /Game/ThirdPersonBP/ThirdPersonExampleMap.ThirdPersonExampleMap
[2021.01.31-02.11.18:298][554]LogSlate: Window 'Unable to delete level' being destroyed
[2021.01.31-02.11.19:204][601]LogAssetEditorSubsystem: Opening Asset editor for World /Game/ThirdPersonBP/ThirdPersonExampleMap1.ThirdPersonExampleMap1
[2021.01.31-02.11.19:235][601]LogUObjectHash: Compacting FUObjectHashTables data took   1.78ms
[2021.01.31-02.11.21:144][601]LogSlate: Window 'Save Content' being destroyed
[2021.01.31-02.11.21:166][601]Cmd: MAP LOAD FILE="E:/mamapolarbear/mamapolarbear/Content/ThirdPersonBP/ThirdPersonExampleMap1.umap" TEMPLATE=0 SHOWPROGRESS=1 FEATURELEVEL=3
[2021.01.31-02.11.21:168][601]LightingResults: New page: Lighting Build
[2021.01.31-02.11.21:169][601]LoadErrors: New page: Loading map: ThirdPersonExampleMap1.umap
[2021.01.31-02.11.21:171][601]LogWorld: UWorld::CleanupWorld for ThirdPersonExampleMap, bSessionEnded=true, bCleanupResources=true
[2021.01.31-02.11.21:171][601]LogSlate: InvalidateAllWidgets triggered.  All widgets were invalidated
[2021.01.31-02.11.21:171][601]MapCheck: New page: Map Check
[2021.01.31-02.11.21:171][601]LightingResults: New page: Lighting Build
[2021.01.31-02.11.21:217][601]LogUObjectHash: Compacting FUObjectHashTables data took   1.90ms
[2021.01.31-02.11.21:336][601]LogEditorServer: Finished looking for orphan Actors (0.000 secs)
[2021.01.31-02.11.21:368][601]LogUObjectHash: Compacting FUObjectHashTables data took   1.64ms
[2021.01.31-02.11.21:392][601]Cmd: MAP CHECKDEP NOCLEARLOG
[2021.01.31-02.11.21:392][601]MapCheck: Map check complete: 0 Error(s), 0 Warning(s), took 0.159ms to complete.
[2021.01.31-02.11.21:392][601]LogFileHelpers: Loading map 'ThirdPersonExampleMap1' took 0.227
[2021.01.31-02.11.22:881][665]LogAIModule: Creating AISystem for world ThirdPersonExampleMap
[2021.01.31-02.11.25:478][798]LogObjectTools: Deleting 1 worlds: /Game/ThirdPersonBP/ThirdPersonExampleMap.ThirdPersonExampleMap
[2021.01.31-02.11.25:479][798]LogObjectTools: Currently 1 active worlds: /Game/ThirdPersonBP/ThirdPersonExampleMap1.ThirdPersonExampleMap1
[2021.01.31-02.11.25:508][798]LogUObjectHash: Compacting FUObjectHashTables data took   2.22ms
[2021.01.31-02.11.26:860][798]LogSlate: Window 'Delete Assets' being destroyed
[2021.01.31-02.11.26:895][798]LogWorld: UWorld::CleanupWorld for ThirdPersonExampleMap, bSessionEnded=true, bCleanupResources=true
[2021.01.31-02.11.26:895][798]LogSlate: InvalidateAllWidgets triggered.  All widgets were invalidated
[2021.01.31-02.11.27:036][798]LogUObjectHash: Compacting FUObjectHashTables data took   1.65ms
[2021.01.31-02.11.27:066][798]LogUObjectHash: Compacting FUObjectHashTables data took   0.69ms
[2021.01.31-02.11.27:108][798]LogUObjectHash: Compacting FUObjectHashTables data took   1.49ms
[2021.01.31-02.11.27:133][798]LogUObjectHash: Compacting FUObjectHashTables data took   0.69ms
[2021.01.31-02.11.27:134][798]LogFileManager: Warning: Error deleting file: E:/mamapolarbear/mamapolarbear/Content/ThirdPersonBP/ThirdPersonExampleMap_BuiltData.uasset (Error Code 32)
[2021.01.31-02.11.27:134][798]LogFileManager: Warning: Error deleting file: E:/mamapolarbear/mamapolarbear/Content/ThirdPersonBP/ThirdPersonExampleMap.umap (Error Code 32)
