Log file open, 01/30/21 13:19:00
LogWindows: Failed to load 'aqProf.dll' (GetLastError=126)
LogWindows: File 'aqProf.dll' does not exist
LogWindows: Failed to load 'VtuneApi.dll' (GetLastError=126)
LogWindows: File 'VtuneApi.dll' does not exist
LogWindows: Failed to load 'VtuneApi32e.dll' (GetLastError=126)
LogWindows: File 'VtuneApi32e.dll' does not exist
LogConsoleResponse: Display: Failed to find resolution value strings in scalability ini. Falling back to default.
LogInit: Display: Running engine for game: mamapolarbear
LogPlatformFile: Not using cached read wrapper
LogTaskGraph: Started task graph with 5 named threads and 23 total threads with 3 sets of task threads.
LogStats: Stats thread started at 16.134187
LogD3D11RHI: Loaded GFSDK_Aftermath_Lib.x64.dll
LogICUInternationalization: ICU TimeZone Detection - Raw Offset: -5:00, Platform Override: ''
LogPluginManager: Mounting plugin Paper2D
LogPluginManager: Mounting plugin AISupport
LogPluginManager: Mounting plugin LightPropagationVolume
LogPluginManager: Mounting plugin ActorLayerUtilities
LogPluginManager: Mounting plugin AnimationSharing
LogPluginManager: Mounting plugin CLionSourceCodeAccess
LogPluginManager: Mounting plugin CodeLiteSourceCodeAccess
LogPluginManager: Mounting plugin GitSourceControl
LogPluginManager: Mounting plugin KDevelopSourceCodeAccess
LogPluginManager: Mounting plugin NullSourceCodeAccess
LogPluginManager: Mounting plugin PerforceSourceControl
LogPluginManager: Mounting plugin PlasticSourceControl
LogPluginManager: Mounting plugin SubversionSourceControl
LogPluginManager: Mounting plugin UObjectPlugin
LogPluginManager: Mounting plugin VisualStudioCodeSourceCodeAccess
LogPluginManager: Mounting plugin VisualStudioSourceCodeAccess
LogPluginManager: Mounting plugin XCodeSourceCodeAccess
LogPluginManager: Mounting plugin AssetManagerEditor
LogPluginManager: Mounting plugin CryptoKeys
LogPluginManager: Mounting plugin CurveEditorTools
LogPluginManager: Mounting plugin DataValidation
LogPluginManager: Mounting plugin FacialAnimation
LogPluginManager: Mounting plugin GameplayTagsEditor
LogPluginManager: Mounting plugin MacGraphicsSwitching
LogPluginManager: Mounting plugin MaterialAnalyzer
LogPluginManager: Mounting plugin MobileLauncherProfileWizard
LogPluginManager: Mounting plugin PluginBrowser
LogPluginManager: Mounting plugin SpeedTreeImporter
LogPluginManager: Mounting plugin DatasmithContent
LogPluginManager: Mounting plugin VariantManagerContent
LogPluginManager: Mounting plugin AlembicImporter
LogPluginManager: Mounting plugin AutomationUtils
LogPluginManager: Mounting plugin BackChannel
LogPluginManager: Mounting plugin CharacterAI
LogPluginManager: Mounting plugin GeometryCache
LogPluginManager: Mounting plugin PlatformCrypto
LogPluginManager: Mounting plugin ProxyLODPlugin
LogPluginManager: Mounting plugin SkeletalReduction
LogPluginManager: Mounting plugin MagicLeap
LogPluginManager: Mounting plugin MagicLeapMedia
LogPluginManager: Mounting plugin MLSDK
LogPluginManager: Mounting plugin AndroidMedia
LogPluginManager: Mounting plugin AvfMedia
LogPluginManager: Mounting plugin ImgMedia
LogPluginManager: Mounting plugin MediaCompositing
LogPluginManager: Mounting plugin MediaPlayerEditor
LogPluginManager: Mounting plugin WebMMedia
LogPluginManager: Mounting plugin WmfMedia
LogPluginManager: Mounting plugin TcpMessaging
LogPluginManager: Mounting plugin UdpMessaging
LogPluginManager: Mounting plugin ActorSequence
LogPluginManager: Mounting plugin LevelSequenceEditor
LogPluginManager: Mounting plugin MatineeToLevelSequence
LogPluginManager: Mounting plugin NetcodeUnitTest
LogPluginManager: Mounting plugin NUTUnrealEngine4
LogPluginManager: Mounting plugin OnlineSubsystemGooglePlay
LogPluginManager: Mounting plugin OnlineSubsystemIOS
LogPluginManager: Mounting plugin OnlineSubsystem
LogPluginManager: Mounting plugin OnlineSubsystemNull
LogPluginManager: Mounting plugin OnlineSubsystemUtils
LogPluginManager: Mounting plugin LauncherChunkInstaller
LogPluginManager: Mounting plugin AndroidDeviceProfileSelector
LogPluginManager: Mounting plugin AndroidMoviePlayer
LogPluginManager: Mounting plugin AndroidPermission
LogPluginManager: Mounting plugin AppleImageUtils
LogPluginManager: Mounting plugin AppleMoviePlayer
LogPluginManager: Mounting plugin ArchVisCharacter
LogPluginManager: Mounting plugin AssetTags
LogPluginManager: Mounting plugin AudioCapture
LogPluginManager: Mounting plugin CableComponent
LogPluginManager: Mounting plugin CustomMeshComponent
LogPluginManager: Mounting plugin EditableMesh
LogPluginManager: Mounting plugin ExampleDeviceProfileSelector
LogPluginManager: Mounting plugin GoogleCloudMessaging
LogPluginManager: Mounting plugin IOSDeviceProfileSelector
LogPluginManager: Mounting plugin LinuxDeviceProfileSelector
LogPluginManager: Mounting plugin LocationServicesBPLibrary
LogPluginManager: Mounting plugin MobilePatchingUtils
LogPluginManager: Mounting plugin OculusVR
LogPluginManager: Mounting plugin PhysXVehicles
LogPluginManager: Mounting plugin PostSplashScreen
LogPluginManager: Mounting plugin ProceduralMeshComponent
LogPluginManager: Mounting plugin RuntimePhysXCooking
LogPluginManager: Mounting plugin SignificanceManager
LogPluginManager: Mounting plugin SteamVR
LogPluginManager: Mounting plugin WebMMoviePlayer
LogPluginManager: Mounting plugin WindowsMoviePlayer
LogPluginManager: Mounting plugin ScreenshotTools
LogInit: Using libcurl 7.55.1-DEV
LogInit:  - built for x86_64-pc-win32
LogInit:  - supports SSL with OpenSSL/1.1.1
LogInit:  - supports HTTP deflate (compression) using libz 1.2.8
LogInit:  - other features:
LogInit:      CURL_VERSION_SSL
LogInit:      CURL_VERSION_LIBZ
LogInit:      CURL_VERSION_IPV6
LogInit:      CURL_VERSION_ASYNCHDNS
LogInit:      CURL_VERSION_LARGEFILE
LogInit:      CURL_VERSION_IDN
LogInit:  CurlRequestOptions (configurable via config and command line):
LogInit:  - bVerifyPeer = true  - Libcurl will verify peer certificate
LogInit:  - bUseHttpProxy = false  - Libcurl will NOT use HTTP proxy
LogInit:  - bDontReuseConnections = false  - Libcurl will reuse connections
LogInit:  - MaxHostConnections = 16  - Libcurl will limit the number of connections to a host
LogInit:  - LocalHostAddr = Default
LogInit:  - BufferSize = 65536
LogOnline: OSS: Creating online subsystem instance for: NULL
LogInit: WinSock: version 1.1 (2.2), MaxSocks=32767, MaxUdp=65467
LogOnline: OSS: TryLoadSubsystemAndSetDefault: Loaded subsystem for module [NULL]
LogInit: Build: ++UE4+Release-4.24-CL-11590370
LogInit: Engine Version: 4.24.3-11590370+++UE4+Release-4.24
LogInit: Compatible Engine Version: 4.24.0-10570792+++UE4+Release-4.24
LogInit: Net CL: 10570792
LogInit: OS: Windows 10 (Release 1909) (), CPU: Intel(R) Core(TM) i5-8300H CPU @ 2.30GHz, GPU: Intel(R) UHD Graphics 630
LogInit: Compiled (64-bit): Feb 24 2020 15:39:18
LogInit: Compiled with Visual C++: 19.16.27032.01
LogInit: Build Configuration: Development
LogInit: Branch Name: ++UE4+Release-4.24
LogInit: Command Line: 
LogInit: Base Directory: C:/Program Files/Epic Games/UE_4.24/Engine/Binaries/Win64/
LogInit: Installed Engine Build: 1
LogDevObjectVersion: Number of dev versions registered: 25
LogDevObjectVersion:   Dev-Blueprints (B0D832E4-1F89-4F0D-ACCF-7EB736FD4AA2): 10
LogDevObjectVersion:   Dev-Build (E1C64328-A22C-4D53-A36C-8E866417BD8C): 0
LogDevObjectVersion:   Dev-Core (375EC13C-06E4-48FB-B500-84F0262A717E): 3
LogDevObjectVersion:   Dev-Editor (E4B068ED-F494-42E9-A231-DA0B2E46BB41): 37
LogDevObjectVersion:   Dev-Framework (CFFC743F-43B0-4480-9391-14DF171D2073): 36
LogDevObjectVersion:   Dev-Mobile (B02B49B5-BB20-44E9-A304-32B752E40360): 2
LogDevObjectVersion:   Dev-Networking (A4E4105C-59A1-49B5-A7C5-40C4547EDFEE): 0
LogDevObjectVersion:   Dev-Online (39C831C9-5AE6-47DC-9A44-9C173E1C8E7C): 0
LogDevObjectVersion:   Dev-Physics (78F01B33-EBEA-4F98-B9B4-84EACCB95AA2): 2
LogDevObjectVersion:   Dev-Platform (6631380F-2D4D-43E0-8009-CF276956A95A): 0
LogDevObjectVersion:   Dev-Rendering (12F88B9F-8875-4AFC-A67C-D90C383ABD29): 36
LogDevObjectVersion:   Dev-Sequencer (7B5AE74C-D270-4C10-A958-57980B212A5A): 11
LogDevObjectVersion:   Dev-VR (D7296918-1DD6-4BDD-9DE2-64A83CC13884): 2
LogDevObjectVersion:   Dev-LoadTimes (C2A15278-BFE7-4AFE-6C17-90FF531DF755): 1
LogDevObjectVersion:   Private-Geometry (6EACA3D4-40EC-4CC1-B786-8BED09428FC5): 3
LogDevObjectVersion:   Dev-AnimPhys (29E575DD-E0A3-4627-9D10-D276232CDCEA): 17
LogDevObjectVersion:   Dev-Anim (AF43A65D-7FD3-4947-9873-3E8ED9C1BB05): 2
LogDevObjectVersion:   Dev-ReflectionCapture (6B266CEC-1EC7-4B8F-A30B-E4D90942FC07): 1
LogDevObjectVersion:   Dev-Automation (0DF73D61-A23F-47EA-B727-89E90C41499A): 1
LogDevObjectVersion:   FortniteMain (601D1886-AC64-4F84-AA16-D3DE0DEAC7D6): 31
LogDevObjectVersion:   Dev-Enterprise (9DFFBCD6-494F-0158-E221-12823C92A888): 8
LogDevObjectVersion:   Dev-Niagara (F2AED0AC-9AFE-416F-8664-AA7FFA26D6FC): 1
LogDevObjectVersion:   Dev-Destruction (174F1F0B-B4C6-45A5-B13F-2EE8D0FB917D): 9
LogDevObjectVersion:   Dev-Physics-Ext (35F94A83-E258-406C-A318-09F59610247C): 8
LogDevObjectVersion:   Dev-CineCamera (B2E18506-4273-CFC2-A54E-F4BB758BBA07): 1
LogInit: Presizing for max 25165824 objects, including 0 objects not considered by GC, pre-allocating 0 bytes for permanent pool.
LogInit: Object subsystem initialized
LogConfig: Setting CVar [[con.DebugEarlyDefault:1]]
LogConfig: Setting CVar [[r.setres:1280x720]]
[2021.01.30-18.19.04:601][  0]LogConfig: Setting CVar [[r.VSync:0]]
[2021.01.30-18.19.04:601][  0]LogConfig: Setting CVar [[r.RHICmdBypass:0]]
[2021.01.30-18.19.04:615][  0]LogConfig: Applying CVar settings from Section [/Script/Engine.RendererSettings] File [C:/Users/theon/source/repos/mamapolarbear/mamapolarbear/Saved/Config/Windows/Engine.ini]
[2021.01.30-18.19.04:615][  0]LogConfig: Setting CVar [[r.GPUCrashDebugging:0]]
[2021.01.30-18.19.04:615][  0]LogConfig: Applying CVar settings from Section [/Script/Engine.RendererOverrideSettings] File [C:/Users/theon/source/repos/mamapolarbear/mamapolarbear/Saved/Config/Windows/Engine.ini]
[2021.01.30-18.19.04:615][  0]LogConfig: Applying CVar settings from Section [/Script/Engine.StreamingSettings] File [C:/Users/theon/source/repos/mamapolarbear/mamapolarbear/Saved/Config/Windows/Engine.ini]
[2021.01.30-18.19.04:615][  0]LogConfig: Setting CVar [[s.MinBulkDataSizeForAsyncLoading:131072]]
[2021.01.30-18.19.04:615][  0]LogConfig: Setting CVar [[s.AsyncLoadingThreadEnabled:0]]
[2021.01.30-18.19.04:615][  0]LogConfig: Setting CVar [[s.EventDrivenLoaderEnabled:1]]
[2021.01.30-18.19.04:615][  0]LogConfig: Setting CVar [[s.WarnIfTimeLimitExceeded:0]]
[2021.01.30-18.19.04:616][  0]LogConfig: Setting CVar [[s.TimeLimitExceededMultiplier:1.5]]
[2021.01.30-18.19.04:616][  0]LogConfig: Setting CVar [[s.TimeLimitExceededMinTime:0.005]]
[2021.01.30-18.19.04:616][  0]LogConfig: Setting CVar [[s.UseBackgroundLevelStreaming:1]]
[2021.01.30-18.19.04:616][  0]LogConfig: Setting CVar [[s.PriorityAsyncLoadingExtraTime:15.0]]
[2021.01.30-18.19.04:616][  0]LogConfig: Setting CVar [[s.LevelStreamingActorsUpdateTimeLimit:5.0]]
[2021.01.30-18.19.04:616][  0]LogConfig: Setting CVar [[s.PriorityLevelStreamingActorsUpdateExtraTime:5.0]]
[2021.01.30-18.19.04:616][  0]LogConfig: Setting CVar [[s.LevelStreamingComponentsRegistrationGranularity:10]]
[2021.01.30-18.19.04:616][  0]LogConfig: Setting CVar [[s.UnregisterComponentsTimeLimit:1.0]]
[2021.01.30-18.19.04:616][  0]LogConfig: Setting CVar [[s.LevelStreamingComponentsUnregistrationGranularity:5]]
[2021.01.30-18.19.04:616][  0]LogConfig: Setting CVar [[s.FlushStreamingOnExit:1]]
[2021.01.30-18.19.04:616][  0]LogConfig: Applying CVar settings from Section [/Script/Engine.GarbageCollectionSettings] File [C:/Users/theon/source/repos/mamapolarbear/mamapolarbear/Saved/Config/Windows/Engine.ini]
[2021.01.30-18.19.04:616][  0]LogConfig: Setting CVar [[gc.MaxObjectsNotConsideredByGC:1]]
[2021.01.30-18.19.04:616][  0]LogConfig: Setting CVar [[gc.SizeOfPermanentObjectPool:0]]
[2021.01.30-18.19.04:616][  0]LogConfig: Setting CVar [[gc.FlushStreamingOnGC:0]]
[2021.01.30-18.19.04:617][  0]LogConfig: Setting CVar [[gc.NumRetriesBeforeForcingGC:10]]
[2021.01.30-18.19.04:617][  0]LogConfig: Setting CVar [[gc.AllowParallelGC:1]]
[2021.01.30-18.19.04:617][  0]LogConfig: Setting CVar [[gc.TimeBetweenPurgingPendingKillObjects:61.1]]
[2021.01.30-18.19.04:617][  0]LogConfig: Setting CVar [[gc.MaxObjectsInEditor:25165824]]
[2021.01.30-18.19.04:617][  0]LogConfig: Setting CVar [[gc.IncrementalBeginDestroyEnabled:1]]
[2021.01.30-18.19.04:617][  0]LogConfig: Setting CVar [[gc.CreateGCClusters:1]]
[2021.01.30-18.19.04:617][  0]LogConfig: Setting CVar [[gc.MinGCClusterSize:5]]
[2021.01.30-18.19.04:617][  0]LogConfig: Setting CVar [[gc.ActorClusteringEnabled:0]]
[2021.01.30-18.19.04:617][  0]LogConfig: Setting CVar [[gc.BlueprintClusteringEnabled:0]]
[2021.01.30-18.19.04:617][  0]LogConfig: Setting CVar [[gc.UseDisregardForGCOnDedicatedServers:0]]
[2021.01.30-18.19.04:617][  0]LogConfig: Applying CVar settings from Section [/Script/Engine.NetworkSettings] File [C:/Users/theon/source/repos/mamapolarbear/mamapolarbear/Saved/Config/Windows/Engine.ini]
[2021.01.30-18.19.04:617][  0]LogConfig: Applying CVar settings from Section [/Script/UnrealEd.CookerSettings] File [C:/Users/theon/source/repos/mamapolarbear/mamapolarbear/Saved/Config/Windows/Engine.ini]
[2021.01.30-18.19.04:680][  0]LogConfig: Applying CVar settings from Section [ViewDistanceQuality@3] File [C:/Users/theon/source/repos/mamapolarbear/mamapolarbear/Saved/Config/Windows/Scalability.ini]
[2021.01.30-18.19.04:680][  0]LogConfig: Setting CVar [[r.SkeletalMeshLODBias:0]]
[2021.01.30-18.19.04:680][  0]LogConfig: Setting CVar [[r.ViewDistanceScale:1.0]]
[2021.01.30-18.19.04:680][  0]LogConfig: Applying CVar settings from Section [AntiAliasingQuality@3] File [C:/Users/theon/source/repos/mamapolarbear/mamapolarbear/Saved/Config/Windows/Scalability.ini]
[2021.01.30-18.19.04:680][  0]LogConfig: Setting CVar [[r.PostProcessAAQuality:4]]
[2021.01.30-18.19.04:680][  0]LogConfig: Applying CVar settings from Section [ShadowQuality@3] File [C:/Users/theon/source/repos/mamapolarbear/mamapolarbear/Saved/Config/Windows/Scalability.ini]
[2021.01.30-18.19.04:680][  0]LogConfig: Setting CVar [[r.LightFunctionQuality:1]]
[2021.01.30-18.19.04:680][  0]LogConfig: Setting CVar [[r.ShadowQuality:5]]
[2021.01.30-18.19.04:680][  0]LogConfig: Setting CVar [[r.Shadow.CSM.MaxCascades:10]]
[2021.01.30-18.19.04:680][  0]LogConfig: Setting CVar [[r.Shadow.MaxResolution:2048]]
[2021.01.30-18.19.04:680][  0]LogConfig: Setting CVar [[r.Shadow.MaxCSMResolution:2048]]
[2021.01.30-18.19.04:680][  0]LogConfig: Setting CVar [[r.Shadow.RadiusThreshold:0.01]]
[2021.01.30-18.19.04:680][  0]LogConfig: Setting CVar [[r.Shadow.DistanceScale:1.0]]
[2021.01.30-18.19.04:680][  0]LogConfig: Setting CVar [[r.Shadow.CSM.TransitionScale:1.0]]
[2021.01.30-18.19.04:680][  0]LogConfig: Setting CVar [[r.Shadow.PreShadowResolutionFactor:1.0]]
[2021.01.30-18.19.04:680][  0]LogConfig: Setting CVar [[r.DistanceFieldShadowing:1]]
[2021.01.30-18.19.04:682][  0]LogConfig: Setting CVar [[r.DistanceFieldAO:1]]
[2021.01.30-18.19.04:682][  0]LogConfig: Setting CVar [[r.AOQuality:2]]
[2021.01.30-18.19.04:682][  0]LogConfig: Setting CVar [[r.VolumetricFog:1]]
[2021.01.30-18.19.04:682][  0]LogConfig: Setting CVar [[r.VolumetricFog.GridPixelSize:8]]
[2021.01.30-18.19.04:682][  0]LogConfig: Setting CVar [[r.VolumetricFog.GridSizeZ:128]]
[2021.01.30-18.19.04:682][  0]LogConfig: Setting CVar [[r.VolumetricFog.HistoryMissSupersampleCount:4]]
[2021.01.30-18.19.04:682][  0]LogConfig: Setting CVar [[r.LightMaxDrawDistanceScale:1]]
[2021.01.30-18.19.04:682][  0]LogConfig: Setting CVar [[r.CapsuleShadows:1]]
[2021.01.30-18.19.04:682][  0]LogConfig: Applying CVar settings from Section [PostProcessQuality@3] File [C:/Users/theon/source/repos/mamapolarbear/mamapolarbear/Saved/Config/Windows/Scalability.ini]
[2021.01.30-18.19.04:682][  0]LogConfig: Setting CVar [[r.MotionBlurQuality:4]]
[2021.01.30-18.19.04:682][  0]LogConfig: Setting CVar [[r.AmbientOcclusionMipLevelFactor:0.4]]
[2021.01.30-18.19.04:682][  0]LogConfig: Setting CVar [[r.AmbientOcclusionMaxQuality:100]]
[2021.01.30-18.19.04:682][  0]LogConfig: Setting CVar [[r.AmbientOcclusionLevels:-1]]
[2021.01.30-18.19.04:682][  0]LogConfig: Setting CVar [[r.AmbientOcclusionRadiusScale:1.0]]
[2021.01.30-18.19.04:682][  0]LogConfig: Setting CVar [[r.DepthOfFieldQuality:2]]
[2021.01.30-18.19.04:682][  0]LogConfig: Setting CVar [[r.RenderTargetPoolMin:400]]
[2021.01.30-18.19.04:682][  0]LogConfig: Setting CVar [[r.LensFlareQuality:2]]
[2021.01.30-18.19.04:682][  0]LogConfig: Setting CVar [[r.SceneColorFringeQuality:1]]
[2021.01.30-18.19.04:682][  0]LogConfig: Setting CVar [[r.EyeAdaptationQuality:2]]
[2021.01.30-18.19.04:682][  0]LogConfig: Setting CVar [[r.BloomQuality:5]]
[2021.01.30-18.19.04:682][  0]LogConfig: Setting CVar [[r.FastBlurThreshold:100]]
[2021.01.30-18.19.04:682][  0]LogConfig: Setting CVar [[r.Upscale.Quality:3]]
[2021.01.30-18.19.04:683][  0]LogConfig: Setting CVar [[r.Tonemapper.GrainQuantization:1]]
[2021.01.30-18.19.04:683][  0]LogConfig: Setting CVar [[r.LightShaftQuality:1]]
[2021.01.30-18.19.04:683][  0]LogConfig: Setting CVar [[r.Filter.SizeScale:1]]
[2021.01.30-18.19.04:683][  0]LogConfig: Setting CVar [[r.Tonemapper.Quality:5]]
[2021.01.30-18.19.04:683][  0]LogConfig: Setting CVar [[r.DOF.Gather.AccumulatorQuality:1        ; higher gathering accumulator quality]]
[2021.01.30-18.19.04:683][  0]LogConfig: Setting CVar [[r.DOF.Gather.PostfilterMethod:1          ; Median3x3 postfilering method]]
[2021.01.30-18.19.04:683][  0]LogConfig: Setting CVar [[r.DOF.Gather.EnableBokehSettings:0       ; no bokeh simulation when gathering]]
[2021.01.30-18.19.04:683][  0]LogConfig: Setting CVar [[r.DOF.Gather.RingCount:4                 ; medium number of samples when gathering]]
[2021.01.30-18.19.04:683][  0]LogConfig: Setting CVar [[r.DOF.Scatter.ForegroundCompositing:1    ; additive foreground scattering]]
[2021.01.30-18.19.04:683][  0]LogConfig: Setting CVar [[r.DOF.Scatter.BackgroundCompositing:2    ; additive background scattering]]
[2021.01.30-18.19.04:683][  0]LogConfig: Setting CVar [[r.DOF.Scatter.EnableBokehSettings:1      ; bokeh simulation when scattering]]
[2021.01.30-18.19.04:683][  0]LogConfig: Setting CVar [[r.DOF.Scatter.MaxSpriteRatio:0.1         ; only a maximum of 10% of scattered bokeh]]
[2021.01.30-18.19.04:683][  0]LogConfig: Setting CVar [[r.DOF.Recombine.Quality:1                ; cheap slight out of focus]]
[2021.01.30-18.19.04:684][  0]LogConfig: Setting CVar [[r.DOF.Recombine.EnableBokehSettings:0    ; no bokeh simulation on slight out of focus]]
[2021.01.30-18.19.04:685][  0]LogConfig: Setting CVar [[r.DOF.TemporalAAQuality:1                ; more stable temporal accumulation]]
[2021.01.30-18.19.04:685][  0]LogConfig: Setting CVar [[r.DOF.Kernel.MaxForegroundRadius:0.025]]
[2021.01.30-18.19.04:685][  0]LogConfig: Setting CVar [[r.DOF.Kernel.MaxBackgroundRadius:0.025]]
[2021.01.30-18.19.04:685][  0]LogConfig: Applying CVar settings from Section [TextureQuality@3] File [C:/Users/theon/source/repos/mamapolarbear/mamapolarbear/Saved/Config/Windows/Scalability.ini]
[2021.01.30-18.19.04:685][  0]LogConfig: Setting CVar [[r.Streaming.MipBias:0]]
[2021.01.30-18.19.04:685][  0]LogConfig: Setting CVar [[r.Streaming.AmortizeCPUToGPUCopy:0]]
[2021.01.30-18.19.04:685][  0]LogConfig: Setting CVar [[r.Streaming.MaxNumTexturesToStreamPerFrame:0]]
[2021.01.30-18.19.04:685][  0]LogConfig: Setting CVar [[r.Streaming.Boost:1]]
[2021.01.30-18.19.04:685][  0]LogConfig: Setting CVar [[r.MaxAnisotropy:8]]
[2021.01.30-18.19.04:685][  0]LogConfig: Setting CVar [[r.VT.MaxAnisotropy:8]]
[2021.01.30-18.19.04:685][  0]LogConfig: Setting CVar [[r.Streaming.LimitPoolSizeToVRAM:0]]
[2021.01.30-18.19.04:685][  0]LogConfig: Setting CVar [[r.Streaming.PoolSize:1000]]
[2021.01.30-18.19.04:685][  0]LogConfig: Setting CVar [[r.Streaming.MaxEffectiveScreenSize:0]]
[2021.01.30-18.19.04:685][  0]LogConfig: Applying CVar settings from Section [EffectsQuality@3] File [C:/Users/theon/source/repos/mamapolarbear/mamapolarbear/Saved/Config/Windows/Scalability.ini]
[2021.01.30-18.19.04:685][  0]LogConfig: Setting CVar [[r.TranslucencyLightingVolumeDim:64]]
[2021.01.30-18.19.04:685][  0]LogConfig: Setting CVar [[r.RefractionQuality:2]]
[2021.01.30-18.19.04:685][  0]LogConfig: Setting CVar [[r.SSR.Quality:3]]
[2021.01.30-18.19.04:686][  0]LogConfig: Setting CVar [[r.SSR.HalfResSceneColor:0]]
[2021.01.30-18.19.04:686][  0]LogConfig: Setting CVar [[r.SceneColorFormat:4]]
[2021.01.30-18.19.04:686][  0]LogConfig: Setting CVar [[r.DetailMode:2]]
[2021.01.30-18.19.04:686][  0]LogConfig: Setting CVar [[r.TranslucencyVolumeBlur:1]]
[2021.01.30-18.19.04:686][  0]LogConfig: Setting CVar [[r.MaterialQualityLevel:1 ; High quality]]
[2021.01.30-18.19.04:686][  0]LogConfig: Setting CVar [[r.SSS.Scale:1]]
[2021.01.30-18.19.04:686][  0]LogConfig: Setting CVar [[r.SSS.SampleSet:2]]
[2021.01.30-18.19.04:686][  0]LogConfig: Setting CVar [[r.SSS.Quality:1]]
[2021.01.30-18.19.04:686][  0]LogConfig: Setting CVar [[r.SSS.HalfRes:1]]
[2021.01.30-18.19.04:686][  0]LogConfig: Setting CVar [[r.SSGI.Quality:3]]
[2021.01.30-18.19.04:686][  0]LogConfig: Setting CVar [[r.EmitterSpawnRateScale:1.0]]
[2021.01.30-18.19.04:686][  0]LogConfig: Setting CVar [[r.ParticleLightQuality:2]]
[2021.01.30-18.19.04:686][  0]LogConfig: Setting CVar [[r.SkyAtmosphere.AerialPerspectiveLUT.FastApplyOnOpaque:1 ; Always have FastSkyLUT 1 in this case to avoid wrong sky]]
[2021.01.30-18.19.04:686][  0]LogConfig: Setting CVar [[r.SkyAtmosphere.AerialPerspectiveLUT.SampleCountPerSlice:1]]
[2021.01.30-18.19.04:687][  0]LogConfig: Setting CVar [[r.SkyAtmosphere.AerialPerspectiveLUT.DepthResolution:16.0]]
[2021.01.30-18.19.04:687][  0]LogConfig: Setting CVar [[r.SkyAtmosphere.FastSkyLUT:1]]
[2021.01.30-18.19.04:687][  0]LogConfig: Setting CVar [[r.SkyAtmosphere.FastSkyLUT.SampleCountMin:4.0]]
[2021.01.30-18.19.04:687][  0]LogConfig: Setting CVar [[r.SkyAtmosphere.FastSkyLUT.SampleCountMax:32.0]]
[2021.01.30-18.19.04:687][  0]LogConfig: Setting CVar [[r.SkyAtmosphere.SampleCountMin:4.0]]
[2021.01.30-18.19.04:687][  0]LogConfig: Setting CVar [[r.SkyAtmosphere.SampleCountMax:32.0]]
[2021.01.30-18.19.04:687][  0]LogConfig: Setting CVar [[r.SkyAtmosphere.TransmittanceLUT.UseSmallFormat:0]]
[2021.01.30-18.19.04:687][  0]LogConfig: Setting CVar [[r.SkyAtmosphere.TransmittanceLUT.SampleCount:10.0]]
[2021.01.30-18.19.04:687][  0]LogConfig: Setting CVar [[r.SkyAtmosphere.MultiScatteringLUT.SampleCount:15.0]]
[2021.01.30-18.19.04:687][  0]LogConfig: Applying CVar settings from Section [FoliageQuality@3] File [C:/Users/theon/source/repos/mamapolarbear/mamapolarbear/Saved/Config/Windows/Scalability.ini]
[2021.01.30-18.19.04:687][  0]LogConfig: Setting CVar [[foliage.DensityScale:1.0]]
[2021.01.30-18.19.04:687][  0]LogConfig: Setting CVar [[grass.DensityScale:1.0]]
[2021.01.30-18.19.04:687][  0]LogConfig: Applying CVar settings from Section [ShadingQuality@3] File [C:/Users/theon/source/repos/mamapolarbear/mamapolarbear/Saved/Config/Windows/Scalability.ini]
[2021.01.30-18.19.04:687][  0]LogConfig: Setting CVar [[r.HairStrands.SkyLighting.SampleCount:16]]
[2021.01.30-18.19.04:687][  0]LogConfig: Setting CVar [[r.HairStrands.SkyLighting.JitterIntegration:0]]
[2021.01.30-18.19.04:687][  0]LogConfig: Setting CVar [[r.HairStrands.SkyAO.SampleCount:16]]
[2021.01.30-18.19.04:691][  0]LogInit: Selected Device Profile: [Windows]
[2021.01.30-18.19.04:691][  0]LogInit: Applying CVar settings loaded from the selected device profile: [Windows]
[2021.01.30-18.19.04:809][  0]LogHAL: Display: Platform has ~ 16 GB [17014509568 / 17179869184 / 16], which maps to Larger [LargestMinGB=32, LargerMinGB=12, DefaultMinGB=8, SmallerMinGB=6, SmallestMinGB=0)
[2021.01.30-18.19.04:809][  0]LogInit: Going up to parent DeviceProfile []
[2021.01.30-18.19.04:809][  0]LogConfig: Applying CVar settings from Section [ViewDistanceQuality@3] File [C:/Users/theon/source/repos/mamapolarbear/mamapolarbear/Saved/Config/Windows/Scalability.ini]
[2021.01.30-18.19.04:809][  0]LogConfig: Setting CVar [[r.SkeletalMeshLODBias:0]]
[2021.01.30-18.19.04:809][  0]LogConfig: Setting CVar [[r.ViewDistanceScale:1.0]]
[2021.01.30-18.19.04:809][  0]LogConfig: Applying CVar settings from Section [AntiAliasingQuality@3] File [C:/Users/theon/source/repos/mamapolarbear/mamapolarbear/Saved/Config/Windows/Scalability.ini]
[2021.01.30-18.19.04:809][  0]LogConfig: Setting CVar [[r.PostProcessAAQuality:4]]
[2021.01.30-18.19.04:809][  0]LogConfig: Applying CVar settings from Section [ShadowQuality@3] File [C:/Users/theon/source/repos/mamapolarbear/mamapolarbear/Saved/Config/Windows/Scalability.ini]
[2021.01.30-18.19.04:809][  0]LogConfig: Setting CVar [[r.LightFunctionQuality:1]]
[2021.01.30-18.19.04:809][  0]LogConfig: Setting CVar [[r.ShadowQuality:5]]
[2021.01.30-18.19.04:809][  0]LogConfig: Setting CVar [[r.Shadow.CSM.MaxCascades:10]]
[2021.01.30-18.19.04:809][  0]LogConfig: Setting CVar [[r.Shadow.MaxResolution:2048]]
[2021.01.30-18.19.04:810][  0]LogConfig: Setting CVar [[r.Shadow.MaxCSMResolution:2048]]
[2021.01.30-18.19.04:810][  0]LogConfig: Setting CVar [[r.Shadow.RadiusThreshold:0.01]]
[2021.01.30-18.19.04:810][  0]LogConfig: Setting CVar [[r.Shadow.DistanceScale:1.0]]
[2021.01.30-18.19.04:810][  0]LogConfig: Setting CVar [[r.Shadow.CSM.TransitionScale:1.0]]
[2021.01.30-18.19.04:810][  0]LogConfig: Setting CVar [[r.Shadow.PreShadowResolutionFactor:1.0]]
[2021.01.30-18.19.04:810][  0]LogConfig: Setting CVar [[r.DistanceFieldShadowing:1]]
[2021.01.30-18.19.04:810][  0]LogConfig: Setting CVar [[r.DistanceFieldAO:1]]
[2021.01.30-18.19.04:810][  0]LogConfig: Setting CVar [[r.AOQuality:2]]
[2021.01.30-18.19.04:810][  0]LogConfig: Setting CVar [[r.VolumetricFog:1]]
[2021.01.30-18.19.04:810][  0]LogConfig: Setting CVar [[r.VolumetricFog.GridPixelSize:8]]
[2021.01.30-18.19.04:810][  0]LogConfig: Setting CVar [[r.VolumetricFog.GridSizeZ:128]]
[2021.01.30-18.19.04:810][  0]LogConfig: Setting CVar [[r.VolumetricFog.HistoryMissSupersampleCount:4]]
[2021.01.30-18.19.04:810][  0]LogConfig: Setting CVar [[r.LightMaxDrawDistanceScale:1]]
[2021.01.30-18.19.04:810][  0]LogConfig: Setting CVar [[r.CapsuleShadows:1]]
[2021.01.30-18.19.04:810][  0]LogConfig: Applying CVar settings from Section [PostProcessQuality@3] File [C:/Users/theon/source/repos/mamapolarbear/mamapolarbear/Saved/Config/Windows/Scalability.ini]
[2021.01.30-18.19.04:810][  0]LogConfig: Setting CVar [[r.MotionBlurQuality:4]]
[2021.01.30-18.19.04:811][  0]LogConfig: Setting CVar [[r.AmbientOcclusionMipLevelFactor:0.4]]
[2021.01.30-18.19.04:811][  0]LogConfig: Setting CVar [[r.AmbientOcclusionMaxQuality:100]]
[2021.01.30-18.19.04:811][  0]LogConfig: Setting CVar [[r.AmbientOcclusionLevels:-1]]
[2021.01.30-18.19.04:811][  0]LogConfig: Setting CVar [[r.AmbientOcclusionRadiusScale:1.0]]
[2021.01.30-18.19.04:811][  0]LogConfig: Setting CVar [[r.DepthOfFieldQuality:2]]
[2021.01.30-18.19.04:811][  0]LogConfig: Setting CVar [[r.RenderTargetPoolMin:400]]
[2021.01.30-18.19.04:811][  0]LogConfig: Setting CVar [[r.LensFlareQuality:2]]
[2021.01.30-18.19.04:811][  0]LogConfig: Setting CVar [[r.SceneColorFringeQuality:1]]
[2021.01.30-18.19.04:811][  0]LogConfig: Setting CVar [[r.EyeAdaptationQuality:2]]
[2021.01.30-18.19.04:811][  0]LogConfig: Setting CVar [[r.BloomQuality:5]]
[2021.01.30-18.19.04:811][  0]LogConfig: Setting CVar [[r.FastBlurThreshold:100]]
[2021.01.30-18.19.04:811][  0]LogConfig: Setting CVar [[r.Upscale.Quality:3]]
[2021.01.30-18.19.04:811][  0]LogConfig: Setting CVar [[r.Tonemapper.GrainQuantization:1]]
[2021.01.30-18.19.04:811][  0]LogConfig: Setting CVar [[r.LightShaftQuality:1]]
[2021.01.30-18.19.04:811][  0]LogConfig: Setting CVar [[r.Filter.SizeScale:1]]
[2021.01.30-18.19.04:812][  0]LogConfig: Setting CVar [[r.Tonemapper.Quality:5]]
[2021.01.30-18.19.04:812][  0]LogConfig: Setting CVar [[r.DOF.Gather.AccumulatorQuality:1        ; higher gathering accumulator quality]]
[2021.01.30-18.19.04:812][  0]LogConfig: Setting CVar [[r.DOF.Gather.PostfilterMethod:1          ; Median3x3 postfilering method]]
[2021.01.30-18.19.04:812][  0]LogConfig: Setting CVar [[r.DOF.Gather.EnableBokehSettings:0       ; no bokeh simulation when gathering]]
[2021.01.30-18.19.04:812][  0]LogConfig: Setting CVar [[r.DOF.Gather.RingCount:4                 ; medium number of samples when gathering]]
[2021.01.30-18.19.04:812][  0]LogConfig: Setting CVar [[r.DOF.Scatter.ForegroundCompositing:1    ; additive foreground scattering]]
[2021.01.30-18.19.04:812][  0]LogConfig: Setting CVar [[r.DOF.Scatter.BackgroundCompositing:2    ; additive background scattering]]
[2021.01.30-18.19.04:812][  0]LogConfig: Setting CVar [[r.DOF.Scatter.EnableBokehSettings:1      ; bokeh simulation when scattering]]
[2021.01.30-18.19.04:812][  0]LogConfig: Setting CVar [[r.DOF.Scatter.MaxSpriteRatio:0.1         ; only a maximum of 10% of scattered bokeh]]
[2021.01.30-18.19.04:812][  0]LogConfig: Setting CVar [[r.DOF.Recombine.Quality:1                ; cheap slight out of focus]]
[2021.01.30-18.19.04:812][  0]LogConfig: Setting CVar [[r.DOF.Recombine.EnableBokehSettings:0    ; no bokeh simulation on slight out of focus]]
[2021.01.30-18.19.04:812][  0]LogConfig: Setting CVar [[r.DOF.TemporalAAQuality:1                ; more stable temporal accumulation]]
[2021.01.30-18.19.04:812][  0]LogConfig: Setting CVar [[r.DOF.Kernel.MaxForegroundRadius:0.025]]
[2021.01.30-18.19.04:812][  0]LogConfig: Setting CVar [[r.DOF.Kernel.MaxBackgroundRadius:0.025]]
[2021.01.30-18.19.04:812][  0]LogConfig: Applying CVar settings from Section [TextureQuality@3] File [C:/Users/theon/source/repos/mamapolarbear/mamapolarbear/Saved/Config/Windows/Scalability.ini]
[2021.01.30-18.19.04:812][  0]LogConfig: Setting CVar [[r.Streaming.MipBias:0]]
[2021.01.30-18.19.04:812][  0]LogConfig: Setting CVar [[r.Streaming.AmortizeCPUToGPUCopy:0]]
[2021.01.30-18.19.04:812][  0]LogConfig: Setting CVar [[r.Streaming.MaxNumTexturesToStreamPerFrame:0]]
[2021.01.30-18.19.04:813][  0]LogConfig: Setting CVar [[r.Streaming.Boost:1]]
[2021.01.30-18.19.04:813][  0]LogConfig: Setting CVar [[r.MaxAnisotropy:8]]
[2021.01.30-18.19.04:813][  0]LogConfig: Setting CVar [[r.VT.MaxAnisotropy:8]]
[2021.01.30-18.19.04:813][  0]LogConfig: Setting CVar [[r.Streaming.LimitPoolSizeToVRAM:0]]
[2021.01.30-18.19.04:813][  0]LogConfig: Setting CVar [[r.Streaming.PoolSize:1000]]
[2021.01.30-18.19.04:813][  0]LogConfig: Setting CVar [[r.Streaming.MaxEffectiveScreenSize:0]]
[2021.01.30-18.19.04:813][  0]LogConfig: Applying CVar settings from Section [EffectsQuality@3] File [C:/Users/theon/source/repos/mamapolarbear/mamapolarbear/Saved/Config/Windows/Scalability.ini]
[2021.01.30-18.19.04:813][  0]LogConfig: Setting CVar [[r.TranslucencyLightingVolumeDim:64]]
[2021.01.30-18.19.04:813][  0]LogConfig: Setting CVar [[r.RefractionQuality:2]]
[2021.01.30-18.19.04:813][  0]LogConfig: Setting CVar [[r.SSR.Quality:3]]
[2021.01.30-18.19.04:813][  0]LogConfig: Setting CVar [[r.SSR.HalfResSceneColor:0]]
[2021.01.30-18.19.04:813][  0]LogConfig: Setting CVar [[r.SceneColorFormat:4]]
[2021.01.30-18.19.04:813][  0]LogConfig: Setting CVar [[r.DetailMode:2]]
[2021.01.30-18.19.04:813][  0]LogConfig: Setting CVar [[r.TranslucencyVolumeBlur:1]]
[2021.01.30-18.19.04:813][  0]LogConfig: Setting CVar [[r.MaterialQualityLevel:1 ; High quality]]
[2021.01.30-18.19.04:813][  0]LogConfig: Setting CVar [[r.SSS.Scale:1]]
[2021.01.30-18.19.04:813][  0]LogConfig: Setting CVar [[r.SSS.SampleSet:2]]
[2021.01.30-18.19.04:813][  0]LogConfig: Setting CVar [[r.SSS.Quality:1]]
[2021.01.30-18.19.04:813][  0]LogConfig: Setting CVar [[r.SSS.HalfRes:1]]
[2021.01.30-18.19.04:813][  0]LogConfig: Setting CVar [[r.SSGI.Quality:3]]
[2021.01.30-18.19.04:814][  0]LogConfig: Setting CVar [[r.EmitterSpawnRateScale:1.0]]
[2021.01.30-18.19.04:814][  0]LogConfig: Setting CVar [[r.ParticleLightQuality:2]]
[2021.01.30-18.19.04:814][  0]LogConfig: Setting CVar [[r.SkyAtmosphere.AerialPerspectiveLUT.FastApplyOnOpaque:1 ; Always have FastSkyLUT 1 in this case to avoid wrong sky]]
[2021.01.30-18.19.04:814][  0]LogConfig: Setting CVar [[r.SkyAtmosphere.AerialPerspectiveLUT.SampleCountPerSlice:1]]
[2021.01.30-18.19.04:814][  0]LogConfig: Setting CVar [[r.SkyAtmosphere.AerialPerspectiveLUT.DepthResolution:16.0]]
[2021.01.30-18.19.04:814][  0]LogConfig: Setting CVar [[r.SkyAtmosphere.FastSkyLUT:1]]
[2021.01.30-18.19.04:814][  0]LogConfig: Setting CVar [[r.SkyAtmosphere.FastSkyLUT.SampleCountMin:4.0]]
[2021.01.30-18.19.04:814][  0]LogConfig: Setting CVar [[r.SkyAtmosphere.FastSkyLUT.SampleCountMax:32.0]]
[2021.01.30-18.19.04:814][  0]LogConfig: Setting CVar [[r.SkyAtmosphere.SampleCountMin:4.0]]
[2021.01.30-18.19.04:814][  0]LogConfig: Setting CVar [[r.SkyAtmosphere.SampleCountMax:32.0]]
[2021.01.30-18.19.04:814][  0]LogConfig: Setting CVar [[r.SkyAtmosphere.TransmittanceLUT.UseSmallFormat:0]]
[2021.01.30-18.19.04:814][  0]LogConfig: Setting CVar [[r.SkyAtmosphere.TransmittanceLUT.SampleCount:10.0]]
[2021.01.30-18.19.04:814][  0]LogConfig: Setting CVar [[r.SkyAtmosphere.MultiScatteringLUT.SampleCount:15.0]]
[2021.01.30-18.19.04:814][  0]LogConfig: Applying CVar settings from Section [FoliageQuality@3] File [C:/Users/theon/source/repos/mamapolarbear/mamapolarbear/Saved/Config/Windows/Scalability.ini]
[2021.01.30-18.19.04:815][  0]LogConfig: Setting CVar [[foliage.DensityScale:1.0]]
[2021.01.30-18.19.04:815][  0]LogConfig: Setting CVar [[grass.DensityScale:1.0]]
[2021.01.30-18.19.04:815][  0]LogConfig: Applying CVar settings from Section [ShadingQuality@3] File [C:/Users/theon/source/repos/mamapolarbear/mamapolarbear/Saved/Config/Windows/Scalability.ini]
[2021.01.30-18.19.04:815][  0]LogConfig: Setting CVar [[r.HairStrands.SkyLighting.SampleCount:16]]
[2021.01.30-18.19.04:815][  0]LogConfig: Setting CVar [[r.HairStrands.SkyLighting.JitterIntegration:0]]
[2021.01.30-18.19.04:815][  0]LogConfig: Setting CVar [[r.HairStrands.SkyAO.SampleCount:16]]
[2021.01.30-18.19.04:815][  0]LogConfig: Applying CVar settings from Section [Startup] File [../../../Engine/Config/ConsoleVariables.ini]
[2021.01.30-18.19.04:822][  0]LogConfig: Setting CVar [[net.UseAdaptiveNetUpdateFrequency:0]]
[2021.01.30-18.19.04:822][  0]LogConfig: Setting CVar [[p.chaos.AllowCreatePhysxBodies:1]]
[2021.01.30-18.19.04:822][  0]LogConfig: Applying CVar settings from Section [ConsoleVariables] File [C:/Users/theon/source/repos/mamapolarbear/mamapolarbear/Saved/Config/Windows/Engine.ini]
[2021.01.30-18.19.04:862][  0]LogInit: Computer: LAPTOP-I5552VOB
[2021.01.30-18.19.04:862][  0]LogInit: User: theon
[2021.01.30-18.19.04:863][  0]LogInit: CPU Page size=4096, Cores=4
[2021.01.30-18.19.04:863][  0]LogInit: High frequency timer resolution =10.000000 MHz
[2021.01.30-18.19.04:863][  0]LogMemory: Memory total: Physical=15.8GB (16GB approx)
[2021.01.30-18.19.04:863][  0]LogMemory: Platform Memory Stats for Windows
[2021.01.30-18.19.04:863][  0]LogMemory: Process Physical Memory: 104.90 MB used, 104.90 MB peak
[2021.01.30-18.19.04:863][  0]LogMemory: Process Virtual Memory: 100.29 MB used, 100.29 MB peak
[2021.01.30-18.19.04:863][  0]LogMemory: Physical Memory: 7440.57 MB used,  8785.73 MB free, 16226.30 MB total
[2021.01.30-18.19.04:864][  0]LogMemory: Virtual Memory: 5137.63 MB used,  134212592.00 MB free, 134217728.00 MB total
[2021.01.30-18.19.04:906][  0]LogWindows: WindowsPlatformFeatures enabled
[2021.01.30-18.19.06:140][  0]LogInit: Using OS detected language (en-US).
[2021.01.30-18.19.06:140][  0]LogInit: Using OS detected locale (en-US).
[2021.01.30-18.19.06:156][  0]LogTextLocalizationManager: No specific localization for 'en-US' exists, so the 'en' localization will be used.
[2021.01.30-18.19.07:366][  0]LogInit: Setting process to per monitor DPI aware
[2021.01.30-18.19.08:108][  0]LogSlate: New Slate User Created.  User Index 0, Is Virtual User: 0
[2021.01.30-18.19.08:108][  0]LogSlate: Slate User Registered.  User Index 0, Is Virtual User: 0
[2021.01.30-18.19.18:991][  0]LogHMD: Failed to initialize OpenVR with code 110
[2021.01.30-18.19.18:991][  0]LogD3D11RHI: D3D11 min allowed feature level: 11_0
[2021.01.30-18.19.18:991][  0]LogD3D11RHI: D3D11 max allowed feature level: 11_0
[2021.01.30-18.19.18:991][  0]LogD3D11RHI: D3D11 adapters:
[2021.01.30-18.19.20:251][  0]LogD3D11RHI:    0. 'NVIDIA GeForce GTX 1050' (Feature Level 11_0)
[2021.01.30-18.19.20:251][  0]LogD3D11RHI:       4019/0/8113 MB DedicatedVideo/DedicatedSystem/SharedSystem, Outputs:1, VendorId:0x10de
[2021.01.30-18.19.20:299][  0]LogD3D11RHI:    1. 'Intel(R) UHD Graphics 630' (Feature Level 11_0)
[2021.01.30-18.19.20:299][  0]LogD3D11RHI:       128/0/8113 MB DedicatedVideo/DedicatedSystem/SharedSystem, Outputs:0, VendorId:0x8086
[2021.01.30-18.19.20:309][  0]LogD3D11RHI:    2. 'Microsoft Basic Render Driver' (Feature Level 11_0)
[2021.01.30-18.19.20:309][  0]LogD3D11RHI:       0/0/8113 MB DedicatedVideo/DedicatedSystem/SharedSystem, Outputs:0, VendorId:0x1414
[2021.01.30-18.19.20:309][  0]LogD3D11RHI: Chosen D3D11 Adapter: 0
[2021.01.30-18.19.20:367][  0]LogD3D11RHI: Creating new Direct3DDevice
[2021.01.30-18.19.20:368][  0]LogD3D11RHI:     GPU DeviceId: 0x1c8d (for the marketing name, search the web for "GPU Device Id")
[2021.01.30-18.19.20:368][  0]LogWindows: EnumDisplayDevices:
[2021.01.30-18.19.20:369][  0]LogWindows:    0. 'Intel(R) UHD Graphics 630' (P:1 D:1)
[2021.01.30-18.19.20:370][  0]LogWindows:    1. 'Intel(R) UHD Graphics 630' (P:0 D:0)
[2021.01.30-18.19.20:371][  0]LogWindows:    2. 'Intel(R) UHD Graphics 630' (P:0 D:0)
[2021.01.30-18.19.20:373][  0]LogWindows:    3. 'NVIDIA GeForce GTX 1050' (P:0 D:0)
[2021.01.30-18.19.20:373][  0]LogWindows: DebugString: PrimaryIsNotTheChoosenAdapter PrimaryIsNotTheChoosenAdapter PrimaryIsNotTheChoosenAdapter 
[2021.01.30-18.19.20:374][  0]LogD3D11RHI:     Adapter Name: NVIDIA GeForce GTX 1050
[2021.01.30-18.19.20:374][  0]LogD3D11RHI:   Driver Version: 460.79 (internal:27.21.14.6079, unified:460.79)
[2021.01.30-18.19.20:374][  0]LogD3D11RHI:      Driver Date: 12-3-2020
[2021.01.30-18.19.20:374][  0]LogRHI: Texture pool is 2813 MB (70% of 4019 MB)
[2021.01.30-18.19.20:611][  0]LogD3D11RHI: RHI has support for 64 bit atomics
[2021.01.30-18.19.20:612][  0]LogD3D11RHI: Async texture creation enabled
[2021.01.30-18.19.20:890][  0]LogD3D11RHI: GPU Timing Frequency: 1000.000000 (Debug: 2 0)
[2021.01.30-18.19.22:862][  0]LogTargetPlatformManager: Display: Loaded TargetPlatform 'AllDesktop'
[2021.01.30-18.19.23:073][  0]LogTargetPlatformManager: Display: Loaded TargetPlatform 'Android'
[2021.01.30-18.19.23:074][  0]LogTargetPlatformManager: Display: Loaded TargetPlatform 'Android_ASTC'
[2021.01.30-18.19.23:074][  0]LogTargetPlatformManager: Display: Loaded TargetPlatform 'Android_ATC'
[2021.01.30-18.19.23:074][  0]LogTargetPlatformManager: Display: Loaded TargetPlatform 'Android_DXT'
[2021.01.30-18.19.23:074][  0]LogTargetPlatformManager: Display: Loaded TargetPlatform 'Android_ETC1'
[2021.01.30-18.19.23:074][  0]LogTargetPlatformManager: Display: Loaded TargetPlatform 'Android_ETC1a'
[2021.01.30-18.19.23:074][  0]LogTargetPlatformManager: Display: Loaded TargetPlatform 'Android_ETC2'
[2021.01.30-18.19.23:074][  0]LogTargetPlatformManager: Display: Loaded TargetPlatform 'Android_PVRTC'
[2021.01.30-18.19.23:074][  0]LogTargetPlatformManager: Display: Loaded TargetPlatform 'AndroidClient'
[2021.01.30-18.19.23:074][  0]LogTargetPlatformManager: Display: Loaded TargetPlatform 'Android_ASTCClient'
[2021.01.30-18.19.23:074][  0]LogTargetPlatformManager: Display: Loaded TargetPlatform 'Android_ATCClient'
[2021.01.30-18.19.23:074][  0]LogTargetPlatformManager: Display: Loaded TargetPlatform 'Android_DXTClient'
[2021.01.30-18.19.23:074][  0]LogTargetPlatformManager: Display: Loaded TargetPlatform 'Android_ETC1Client'
[2021.01.30-18.19.23:074][  0]LogTargetPlatformManager: Display: Loaded TargetPlatform 'Android_ETC1aClient'
[2021.01.30-18.19.23:074][  0]LogTargetPlatformManager: Display: Loaded TargetPlatform 'Android_ETC2Client'
[2021.01.30-18.19.23:074][  0]LogTargetPlatformManager: Display: Loaded TargetPlatform 'Android_PVRTCClient'
[2021.01.30-18.19.23:074][  0]LogTargetPlatformManager: Display: Loaded TargetPlatform 'Android_Multi'
[2021.01.30-18.19.23:074][  0]LogTargetPlatformManager: Display: Loaded TargetPlatform 'Android_MultiClient'
[2021.01.30-18.19.23:278][  0]LogTargetPlatformManager: Display: Loaded TargetPlatform 'IOSClient'
[2021.01.30-18.19.23:278][  0]LogTargetPlatformManager: Display: Loaded TargetPlatform 'IOS'
[2021.01.30-18.19.23:322][  0]LogTargetPlatformManager: Display: Loaded TargetPlatform 'LinuxNoEditor'
[2021.01.30-18.19.23:411][  0]LogTargetPlatformManager: Display: Loaded TargetPlatform 'LinuxClient'
[2021.01.30-18.19.23:457][  0]LogTargetPlatformManager: Display: Loaded TargetPlatform 'LinuxServer'
[2021.01.30-18.19.23:498][  0]LogTargetPlatformManager: Display: Loaded TargetPlatform 'LinuxAArch64NoEditor'
[2021.01.30-18.19.23:532][  0]LogTargetPlatformManager: Display: Loaded TargetPlatform 'LinuxAArch64Client'
[2021.01.30-18.19.23:569][  0]LogTargetPlatformManager: Display: Loaded TargetPlatform 'LinuxAArch64Server'
[2021.01.30-18.19.23:693][  0]LogTargetPlatformManager: Display: Loaded TargetPlatform 'Lumin'
[2021.01.30-18.19.23:693][  0]LogTargetPlatformManager: Display: Loaded TargetPlatform 'LuminClient'
[2021.01.30-18.19.23:783][  0]LogTargetPlatformManager: Display: Loaded TargetPlatform 'TVOSClient'
[2021.01.30-18.19.23:783][  0]LogTargetPlatformManager: Display: Loaded TargetPlatform 'TVOS'
[2021.01.30-18.19.23:893][  0]LogTargetPlatformManager: Display: Loaded TargetPlatform 'WindowsNoEditor'
[2021.01.30-18.19.23:947][  0]LogTargetPlatformManager: Display: Loaded TargetPlatform 'Windows'
[2021.01.30-18.19.23:985][  0]LogTargetPlatformManager: Display: Loaded TargetPlatform 'WindowsClient'
[2021.01.30-18.19.24:021][  0]LogTargetPlatformManager: Display: Loaded TargetPlatform 'WindowsServer'
[2021.01.30-18.19.24:021][  0]LogTargetPlatformManager: Display: Building Assets For Windows
[2021.01.30-18.19.24:173][  0]LogAudioDebug: Display: Lib vorbis DLL was dynamically loaded.
[2021.01.30-18.19.24:995][  0]LogShaderCompilers: Guid format shader working directory is -24 characters bigger than the processId version (../../../../../../Users/theon/source/repos/mamapolarbear/mamapolarbear/Intermediate/Shaders/WorkingDirectory/5744/).
[2021.01.30-18.19.24:995][  0]LogShaderCompilers: Cleaned the shader compiler working directory 'C:/Users/theon/AppData/Local/Temp/UnrealShaderWorkingDir/1E78B6D447AF3E844EFED491F22B937A/'.
[2021.01.30-18.19.25:013][  0]LogXGEController: Cleaning working directory: C:/Users/theon/AppData/Local/Temp/UnrealXGEWorkingDir/
[2021.01.30-18.19.25:014][  0]LogXGEController: Cannot use XGE Controller as Incredibuild is not installed on this machine.
[2021.01.30-18.19.25:015][  0]LogShaderCompilers: Cannot use XGE Shader Compiler as Incredibuild is not installed on this machine.
[2021.01.30-18.19.25:015][  0]LogShaderCompilers: Display: Using Local Shader Compiler.
[2021.01.30-18.19.37:752][  0]LogDerivedDataCache: Display: Max Cache Size: 512 MB
[2021.01.30-18.19.38:915][  0]LogDerivedDataCache: Loaded boot cache 1.14s 78MB C:/Users/theon/AppData/Local/UnrealEngine/4.24/DerivedDataCache/Boot.ddc.
[2021.01.30-18.19.38:915][  0]LogDerivedDataCache: Display: Loaded Boot cache: C:/Users/theon/AppData/Local/UnrealEngine/4.24/DerivedDataCache/Boot.ddc
[2021.01.30-18.19.38:916][  0]LogDerivedDataCache: FDerivedDataBackendGraph:  Pak pak cache file ../../../../../../Users/theon/source/repos/mamapolarbear/mamapolarbear/DerivedDataCache/DDC.ddp not found, will not use a pak cache.
[2021.01.30-18.19.38:916][  0]LogDerivedDataCache: Unable to find inner node Pak for hierarchical cache Hierarchy.
[2021.01.30-18.19.38:916][  0]LogDerivedDataCache: FDerivedDataBackendGraph:  CompressedPak pak cache file ../../../../../../Users/theon/source/repos/mamapolarbear/mamapolarbear/DerivedDataCache/Compressed.ddp not found, will not use a pak cache.
[2021.01.30-18.19.38:916][  0]LogDerivedDataCache: Unable to find inner node CompressedPak for hierarchical cache Hierarchy.
[2021.01.30-18.19.38:982][  0]LogDerivedDataCache: Display: Pak cache opened for reading ../../../Engine/DerivedDataCache/Compressed.ddp.
[2021.01.30-18.19.38:983][  0]LogDerivedDataCache: FDerivedDataBackendGraph:  EnterprisePak pak cache file ../../../Enterprise/DerivedDataCache/Compressed.ddp not found, will not use a pak cache.
[2021.01.30-18.19.38:983][  0]LogDerivedDataCache: Unable to find inner node EnterprisePak for hierarchical cache Hierarchy.
[2021.01.30-18.19.38:986][  0]LogDerivedDataCache: Using Local data cache path C:/Users/theon/AppData/Local/UnrealEngine/Common/DerivedDataCache: Writable
[2021.01.30-18.19.38:986][  0]LogDerivedDataCache: Shared data cache path not found in *engine.ini, will not use an Shared cache.
[2021.01.30-18.19.38:986][  0]LogDerivedDataCache: Unable to find inner node Shared for hierarchical cache Hierarchy.
[2021.01.30-18.19.39:203][  0]LogMaterial: Verifying Global Shaders for PCD3D_SM5
[2021.01.30-18.19.39:399][  0]LogSlate: Using FreeType 2.10.0
[2021.01.30-18.19.39:552][  0]LogSlate: SlateFontServices - WITH_FREETYPE: 1, WITH_HARFBUZZ: 1
[2021.01.30-18.19.41:820][  0]LogAssetRegistry: FAssetRegistry took 0.0115 seconds to start up
[2021.01.30-18.19.50:204][  0]LogInit: Selected Device Profile: [Windows]
[2021.01.30-18.19.54:719][  0]LogMeshReduction: Using QuadricMeshReduction for automatic static mesh reduction
[2021.01.30-18.19.54:719][  0]LogMeshReduction: Using SimplygonMeshReduction for automatic skeletal mesh reduction
[2021.01.30-18.19.54:719][  0]LogMeshReduction: Using ProxyLODMeshReduction for automatic mesh merging
[2021.01.30-18.19.54:719][  0]LogMeshReduction: No distributed automatic mesh merging module available
[2021.01.30-18.19.54:720][  0]LogMeshMerging: No distributed automatic mesh merging module available
[2021.01.30-18.19.55:730][  0]LogNetVersion: mamapolarbear 1.0.0, NetCL: 10570792, EngineNetVer: 13, GameNetVer: 0 (Checksum: 2683737038)
[2021.01.30-18.20.46:498][  0]LogPackageLocalizationCache: Processed 10 localized package path(s) for 1 prioritized culture(s) in 0.200213 seconds
[2021.01.30-18.20.46:557][  0]LogUObjectArray: 46750 objects as part of root set at end of initial load.
[2021.01.30-18.20.46:557][  0]LogUObjectAllocator: 8137160 out of 0 bytes used by permanent object pool.
[2021.01.30-18.20.46:557][  0]LogUObjectArray: CloseDisregardForGC: 0/0 objects in disregard for GC pool
[2021.01.30-18.20.52:504][  0]LogTcpMessaging: Initializing TcpMessaging bridge
[2021.01.30-18.20.52:845][  0]LogUdpMessaging: Initializing bridge on interface 0.0.0.0:0 to multicast group 230.0.0.1:6666.
[2021.01.30-18.20.53:652][  0]SourceControl: Source control is disabled
[2021.01.30-18.20.53:671][  0]SourceControl: Source control is disabled
[2021.01.30-18.20.53:838][  0]SourceControl: Source control is disabled
[2021.01.30-18.20.53:865][  0]SourceControl: Source control is disabled
[2021.01.30-18.20.53:888][  0]SourceControl: Source control is disabled
[2021.01.30-18.20.55:637][  0]LogAndroidPermission: UAndroidPermissionCallbackProxy::GetInstance
[2021.01.30-18.20.55:878][  0]LogAudioCaptureCore: Display: No Audio Capture implementations found. Audio input will be silent.
[2021.01.30-18.20.55:878][  0]LogAudioCaptureCore: Display: No Audio Capture implementations found. Audio input will be silent.
[2021.01.30-18.20.56:563][  0]LogOcInput: OculusInput pre-init called
[2021.01.30-18.20.56:648][  0]LogWindows: Failed to load 'OVRPlugin.dll' (GetLastError=126)
[2021.01.30-18.20.56:648][  0]LogWindows: File 'OVRPlugin.dll' does not exist
[2021.01.30-18.20.57:978][  0]LogEngine: Initializing Engine...
[2021.01.30-18.20.58:007][  0]LogHMD: Failed to initialize OpenVR with code 110
[2021.01.30-18.20.58:072][  0]LogStats: UGameplayTagsManager::InitializeManager -  0.023 s
[2021.01.30-18.20.59:149][  0]LogInit: Initializing FReadOnlyCVARCache
[2021.01.30-18.20.59:750][  0]LogAIModule: Creating AISystem for world Untitled
[2021.01.30-18.20.59:937][  0]LogAudioMixer: Display: Audio Mixer Platform Settings:
[2021.01.30-18.20.59:937][  0]LogAudioMixer: Display: 	Sample Rate:						  48000
[2021.01.30-18.20.59:937][  0]LogAudioMixer: Display: 	Callback Buffer Frame Size Requested: 1024
[2021.01.30-18.20.59:937][  0]LogAudioMixer: Display: 	Callback Buffer Frame Size To Use:	  1024
[2021.01.30-18.20.59:937][  0]LogAudioMixer: Display: 	Number of buffers to queue:			  2
[2021.01.30-18.20.59:937][  0]LogAudioMixer: Display: 	Max Channels (voices):				  32
[2021.01.30-18.20.59:938][  0]LogAudioMixer: Display: 	Number of Async Source Workers:		  0
[2021.01.30-18.20.59:938][  0]LogAudio: Display: AudioDevice MaxSources: 32
[2021.01.30-18.21.00:040][  0]LogAudio: Display: Using built-in audio occlusion.
[2021.01.30-18.21.00:040][  0]LogAudioMixer: Display: Initializing audio mixer.
[2021.01.30-18.21.00:368][  0]LogAudioMixer: Display: Audio Device Output Speaker Info:
[2021.01.30-18.21.00:368][  0]LogAudioMixer: Display: Name: Speakers (Realtek High Definition Audio)
[2021.01.30-18.21.00:368][  0]LogAudioMixer: Display: Is Default: Yes
[2021.01.30-18.21.00:368][  0]LogAudioMixer: Display: Sample Rate: 48000
[2021.01.30-18.21.00:368][  0]LogAudioMixer: Display: Channel Count Used: 2
[2021.01.30-18.21.00:369][  0]LogAudioMixer: Display: Device Channel Count: 2
[2021.01.30-18.21.00:369][  0]LogAudioMixer: Display: Channel Order:
[2021.01.30-18.21.00:369][  0]LogAudioMixer: Display: 0: FrontLeft
[2021.01.30-18.21.00:369][  0]LogAudioMixer: Display: 1: FrontRight
[2021.01.30-18.21.00:657][  0]LogAudioMixer: Display: Using Audio Device Speakers (Realtek High Definition Audio)
[2021.01.30-18.21.00:790][  0]LogInit: FAudioDevice initialized.
[2021.01.30-18.21.00:791][  0]LogNetVersion: Set ProjectVersion to 1.0.0.0. Version Checksum will be recalculated on next use.
[2021.01.30-18.21.01:391][  0]LogDerivedDataCache: Saved boot cache 0.60s 78MB C:/Users/theon/AppData/Local/UnrealEngine/4.24/DerivedDataCache/Boot.ddc.
[2021.01.30-18.21.01:443][  0]LogInit: Texture streaming: Enabled
[2021.01.30-18.21.01:756][  0]LogEngineSessionManager: EngineSessionManager initialized
[2021.01.30-18.21.01:757][  0]LogEditorSessionSummary: Verbose: Initializing EditorSessionSummaryWriter for editor session tracking
[2021.01.30-18.21.01:763][  0]LogEditorSessionSummary: EditorSessionSummaryWriter initialized
[2021.01.30-18.21.02:541][  0]LogInit: Transaction tracking system initialized
[2021.01.30-18.21.03:160][  0]BlueprintLog: New page: Editor Load
[2021.01.30-18.21.04:671][  0]LocalizationService: Localization service is disabled
[2021.01.30-18.21.08:830][  0]LogFileCache: Scanning file cache for directory 'C:/Users/theon/source/repos/mamapolarbear/mamapolarbear/Content/' took 0.02s
[2021.01.30-18.21.08:830][  0]LogCook: Display: Max memory allowance for cook 16384mb min free memory 0mb
[2021.01.30-18.21.08:831][  0]LogCook: Display: Mobile HDR setting 1
[2021.01.30-18.21.14:323][  0]SourceControl: Source control is disabled
[2021.01.30-18.21.14:373][  0]Cmd: MAP LOAD FILE="../../../../../../Users/theon/source/repos/mamapolarbear/mamapolarbear/Content/ThirdPersonBP/Maps/ThirdPersonExampleMap.umap" TEMPLATE=0 SHOWPROGRESS=1 FEATURELEVEL=3
[2021.01.30-18.21.14:385][  0]LightingResults: New page: Lighting Build
[2021.01.30-18.21.14:551][  0]LogWorld: UWorld::CleanupWorld for Untitled, bSessionEnded=true, bCleanupResources=true
[2021.01.30-18.21.14:574][  0]LogSlate: InvalidateAllWidgets triggered.  All widgets were invalidated
[2021.01.30-18.21.14:581][  0]MapCheck: New page: Map Check
[2021.01.30-18.21.14:581][  0]LightingResults: New page: Lighting Build
[2021.01.30-18.21.15:149][  0]LogUObjectHash: Compacting FUObjectHashTables data took   6.38ms
[2021.01.30-18.21.19:076][  0]LogAIModule: Creating AISystem for world ThirdPersonExampleMap
[2021.01.30-18.21.19:955][  0]LogEditorServer: Finished looking for orphan Actors (0.000 secs)
[2021.01.30-18.21.20:279][  0]LogUObjectHash: Compacting FUObjectHashTables data took   3.31ms
[2021.01.30-18.21.20:280][  0]Cmd: MAP CHECKDEP NOCLEARLOG
[2021.01.30-18.21.20:304][  0]MapCheck: Map check complete: 0 Error(s), 0 Warning(s), took 23.81ms to complete.
[2021.01.30-18.21.20:304][  0]LogFileHelpers: Loading map 'ThirdPersonExampleMap' took 5.948
[2021.01.30-18.21.24:659][  0]LogSlate: Updating window title bar state: overlay mode, drag disabled, window buttons hidden, title bar hidden
[2021.01.30-18.21.24:826][  0]LogSlate: Updating window title bar state: overlay mode, drag disabled, window buttons hidden, title bar hidden
[2021.01.30-18.21.24:866][  0]LogSlate: Updating window title bar state: overlay mode, drag disabled, window buttons hidden, title bar hidden
[2021.01.30-18.21.24:895][  0]LogSlate: Updating window title bar state: overlay mode, drag disabled, window buttons hidden, title bar hidden
[2021.01.30-18.21.25:156][  0]LogCollectionManager: Loaded 0 collections in 0.010812 seconds
[2021.01.30-18.21.25:488][  0]LogFileCache: Scanning file cache for directory 'C:/Users/theon/source/repos/mamapolarbear/mamapolarbear/Saved/Collections/' took 0.00s
[2021.01.30-18.21.25:488][  0]LogFileCache: Scanning file cache for directory 'C:/Users/theon/source/repos/mamapolarbear/mamapolarbear/Content/Developers/theon/Collections/' took 0.00s
[2021.01.30-18.21.25:488][  0]LogFileCache: Scanning file cache for directory 'C:/Users/theon/source/repos/mamapolarbear/mamapolarbear/Content/Collections/' took 0.00s
[2021.01.30-18.21.25:488][  0]LogContentBrowser: Native class hierarchy populated in 0.0321 seconds. Added 3015 classes and 717 folders.
[2021.01.30-18.21.25:676][  0]LogContentBrowser: Native class hierarchy updated for 'WidgetCarousel' in 0.0009 seconds. Added 0 classes and 0 folders.
[2021.01.30-18.21.28:463][  0]LogContentBrowser: Native class hierarchy updated for 'AddContentDialog' in 0.0014 seconds. Added 0 classes and 0 folders.
[2021.01.30-18.21.28:793][  0]LogContentBrowser: Native class hierarchy updated for 'SceneOutliner' in 0.0009 seconds. Added 2 classes and 3 folders.
[2021.01.30-18.21.30:640][  0]LogSlate: Took 0.021173 seconds to synchronously load lazily loaded font '../../../Engine/Content/Slate/Fonts/Roboto-Regular.ttf' (155K)
[2021.01.30-18.21.30:724][  0]LogSlate: Took 0.015390 seconds to synchronously load lazily loaded font '../../../Engine/Content/Slate/Fonts/Roboto-Bold.ttf' (160K)
[2021.01.30-18.21.30:780][  0]LogSlate: Took 0.019396 seconds to synchronously load lazily loaded font '../../../Engine/Content/Editor/Slate/Fonts/FontAwesome.ttf' (139K)
[2021.01.30-18.21.31:463][  0]LogRenderer: Reallocating scene render targets to support 880x432 Format 10 NumSamples 1 (Frame:1).
[2021.01.30-18.21.32:427][  0]LogContentBrowser: Native class hierarchy updated for 'HierarchicalLODOutliner' in 0.0008 seconds. Added 0 classes and 0 folders.
[2021.01.30-18.21.32:428][  0]LogLoad: (Engine Initialization) Total time: 204.55 seconds
[2021.01.30-18.21.32:428][  0]LogLoad: (Engine Initialization) Total Blueprint compile time: 0.00 seconds
[2021.01.30-18.21.33:204][  0]LogContentStreaming: Texture pool size now 1000 MB
[2021.01.30-18.21.33:560][  0]LogSlate: Took 0.039356 seconds to synchronously load lazily loaded font '../../../Engine/Content/Slate/Fonts/Roboto-Light.ttf' (167K)
[2021.01.30-18.21.34:298][  3]LogAssetRegistry: Asset discovery search completed in 112.4811 seconds
[2021.01.30-18.21.34:313][  3]LogCollectionManager: Fixed up redirectors for 0 collections in 0.000035 seconds (updated 0 objects)
[2021.01.30-18.22.09:698][226]LogEditorViewport: Clicking on Actor (LMB): StaticMeshActor (Floor)
[2021.01.30-18.23.43:183][268]LogTemp: Repeating last play command: Selected Viewport
[2021.01.30-18.23.43:219][268]LogBlueprintUserMessages: Early PlayInEditor Detection: Level '/Game/ThirdPersonBP/Maps/ThirdPersonExampleMap.ThirdPersonExampleMap:PersistentLevel' has LevelScriptBlueprint '/Game/ThirdPersonBP/Maps/ThirdPersonExampleMap.ThirdPersonExampleMap:PersistentLevel.ThirdPersonExampleMap' with GeneratedClass '/Game/ThirdPersonBP/Maps/ThirdPersonExampleMap.ThirdPersonExampleMap_C' with ClassGeneratedBy '/Game/ThirdPersonBP/Maps/ThirdPersonExampleMap.ThirdPersonExampleMap:PersistentLevel.ThirdPersonExampleMap'
[2021.01.30-18.23.43:219][268]LogPlayLevel: PlayLevel: No blueprints needed recompiling
[2021.01.30-18.23.43:246][268]PIE: New page: PIE session: ThirdPersonExampleMap (Jan 30, 2021, 8:23:43 AM)
[2021.01.30-18.23.43:314][268]LogOnline: OSS: Creating online subsystem instance for: NULL
[2021.01.30-18.23.43:365][268]LogOnline: OSS: TryLoadSubsystemAndSetDefault: Loaded subsystem for module [NULL]
[2021.01.30-18.23.43:365][268]LogPlayLevel: Creating play world package: /Game/ThirdPersonBP/Maps/UEDPIE_0_ThirdPersonExampleMap
[2021.01.30-18.23.43:389][268]LogPlayLevel: PIE: StaticDuplicateObject took: (0.023486s)
[2021.01.30-18.23.43:392][268]LogAIModule: Creating AISystem for world ThirdPersonExampleMap
[2021.01.30-18.23.43:392][268]LogPlayLevel: PIE: World Init took: (0.003006s)
[2021.01.30-18.23.43:392][268]LogPlayLevel: PIE: Created PIE world by copying editor world from /Game/ThirdPersonBP/Maps/ThirdPersonExampleMap.ThirdPersonExampleMap to /Game/ThirdPersonBP/Maps/UEDPIE_0_ThirdPersonExampleMap.ThirdPersonExampleMap (0.027155s)
[2021.01.30-18.23.43:471][268]LogUObjectHash: Compacting FUObjectHashTables data took   5.98ms
[2021.01.30-18.23.43:475][268]LogAudioMixer: Display: Audio Mixer Platform Settings:
[2021.01.30-18.23.43:475][268]LogAudioMixer: Display: 	Sample Rate:						  48000
[2021.01.30-18.23.43:475][268]LogAudioMixer: Display: 	Callback Buffer Frame Size Requested: 1024
[2021.01.30-18.23.43:475][268]LogAudioMixer: Display: 	Callback Buffer Frame Size To Use:	  1024
[2021.01.30-18.23.43:475][268]LogAudioMixer: Display: 	Number of buffers to queue:			  2
[2021.01.30-18.23.43:475][268]LogAudioMixer: Display: 	Max Channels (voices):				  32
[2021.01.30-18.23.43:475][268]LogAudioMixer: Display: 	Number of Async Source Workers:		  0
[2021.01.30-18.23.43:475][268]LogAudio: Display: AudioDevice MaxSources: 32
[2021.01.30-18.23.43:476][268]LogAudio: Display: Using built-in audio occlusion.
[2021.01.30-18.23.43:476][268]LogAudioMixer: Display: Initializing audio mixer.
[2021.01.30-18.23.43:486][268]LogAudioMixer: Display: Audio Device Output Speaker Info:
[2021.01.30-18.23.43:486][268]LogAudioMixer: Display: Name: Speakers (Realtek High Definition Audio)
[2021.01.30-18.23.43:486][268]LogAudioMixer: Display: Is Default: Yes
[2021.01.30-18.23.43:487][268]LogAudioMixer: Display: Sample Rate: 48000
[2021.01.30-18.23.43:487][268]LogAudioMixer: Display: Channel Count Used: 2
[2021.01.30-18.23.43:488][268]LogAudioMixer: Display: Device Channel Count: 2
[2021.01.30-18.23.43:488][268]LogAudioMixer: Display: Channel Order:
[2021.01.30-18.23.43:488][268]LogAudioMixer: Display: 0: FrontLeft
[2021.01.30-18.23.43:488][268]LogAudioMixer: Display: 1: FrontRight
[2021.01.30-18.23.43:529][268]LogAudioMixer: Display: Using Audio Device Speakers (Realtek High Definition Audio)
[2021.01.30-18.23.43:532][268]LogInit: FAudioDevice initialized.
[2021.01.30-18.23.43:595][268]LogLoad: Game class is 'ThirdPersonGameMode_C'
[2021.01.30-18.23.43:743][268]LogWorld: Bringing World /Game/ThirdPersonBP/Maps/UEDPIE_0_ThirdPersonExampleMap.ThirdPersonExampleMap up for play (max tick rate 60) at 2021.01.30-13.23.43
[2021.01.30-18.23.43:858][268]LogWorld: Bringing up level for play took: 0.118726
[2021.01.30-18.23.43:858][268]LogOnline: OSS: Creating online subsystem instance for: :Context_5
[2021.01.30-18.23.43:936][268]LogContentBrowser: Native class hierarchy updated for 'MovieSceneCapture' in 0.0007 seconds. Added 20 classes and 0 folders.
[2021.01.30-18.23.43:937][268]PIE: Play in editor start time for /Game/ThirdPersonBP/Maps/UEDPIE_0_ThirdPersonExampleMap 1.128
[2021.01.30-18.23.43:938][268]LogBlueprintUserMessages: Late PlayInEditor Detection: Level '/Game/ThirdPersonBP/Maps/ThirdPersonExampleMap.ThirdPersonExampleMap:PersistentLevel' has LevelScriptBlueprint '/Game/ThirdPersonBP/Maps/ThirdPersonExampleMap.ThirdPersonExampleMap:PersistentLevel.ThirdPersonExampleMap' with GeneratedClass '/Game/ThirdPersonBP/Maps/ThirdPersonExampleMap.ThirdPersonExampleMap_C' with ClassGeneratedBy '/Game/ThirdPersonBP/Maps/ThirdPersonExampleMap.ThirdPersonExampleMap:PersistentLevel.ThirdPersonExampleMap'
[2021.01.30-18.23.47:840][382]LogAudioMixer: Display: No commands were queued while flushing the source manager.
[2021.01.30-18.23.47:840][382]LogAudioMixer: Display: No commands were queued while flushing the source manager.
[2021.01.30-18.23.47:840][382]LogBlueprintUserMessages: Early EndPlayMap Detection: Level '/Game/ThirdPersonBP/Maps/ThirdPersonExampleMap.ThirdPersonExampleMap:PersistentLevel' has LevelScriptBlueprint '/Game/ThirdPersonBP/Maps/ThirdPersonExampleMap.ThirdPersonExampleMap:PersistentLevel.ThirdPersonExampleMap' with GeneratedClass '/Game/ThirdPersonBP/Maps/ThirdPersonExampleMap.ThirdPersonExampleMap_C' with ClassGeneratedBy '/Game/ThirdPersonBP/Maps/ThirdPersonExampleMap.ThirdPersonExampleMap:PersistentLevel.ThirdPersonExampleMap'
[2021.01.30-18.23.47:841][382]LogSlate: Updating window title bar state: overlay mode, drag disabled, window buttons hidden, title bar hidden
[2021.01.30-18.23.47:841][382]LogWorld: BeginTearingDown for /Game/ThirdPersonBP/Maps/UEDPIE_0_ThirdPersonExampleMap
[2021.01.30-18.23.47:842][382]LogAudioMixer: Display: No commands were queued while flushing the source manager.
[2021.01.30-18.23.47:860][382]LogWorld: UWorld::CleanupWorld for ThirdPersonExampleMap, bSessionEnded=true, bCleanupResources=true
[2021.01.30-18.23.47:861][382]LogSlate: InvalidateAllWidgets triggered.  All widgets were invalidated
[2021.01.30-18.23.47:886][382]LogPlayLevel: Display: Shutting down PIE online subsystems
[2021.01.30-18.23.47:886][382]LogBlueprintUserMessages: Late EndPlayMap Detection: Level '/Game/ThirdPersonBP/Maps/ThirdPersonExampleMap.ThirdPersonExampleMap:PersistentLevel' has LevelScriptBlueprint '/Game/ThirdPersonBP/Maps/ThirdPersonExampleMap.ThirdPersonExampleMap:PersistentLevel.ThirdPersonExampleMap' with GeneratedClass '/Game/ThirdPersonBP/Maps/ThirdPersonExampleMap.ThirdPersonExampleMap_C' with ClassGeneratedBy '/Game/ThirdPersonBP/Maps/ThirdPersonExampleMap.ThirdPersonExampleMap:PersistentLevel.ThirdPersonExampleMap'
[2021.01.30-18.23.47:903][382]LogSlate: InvalidateAllWidgets triggered.  All widgets were invalidated
[2021.01.30-18.23.48:015][382]LogAudioMixer: Display: No commands were queued while flushing the source manager.
[2021.01.30-18.23.48:025][382]LogSlate: Updating window title bar state: overlay mode, drag disabled, window buttons hidden, title bar hidden
[2021.01.30-18.23.48:063][382]LogUObjectHash: Compacting FUObjectHashTables data took   6.57ms
[2021.01.30-18.23.48:109][383]LogPlayLevel: Display: Destroying online subsystem :Context_5
[2021.01.30-18.23.50:612][457]LogEditorViewport: Clicking on Actor (LMB): Enemy_Character_C (Enemy_Character)
[2021.01.30-18.24.13:813][ 89]LogSlate: Took 0.000391 seconds to synchronously load lazily loaded font '../../../Engine/Content/Slate/Fonts/Roboto-Light.ttf' (167K)
[2021.01.30-18.24.13:893][ 89]LogAssetEditorSubsystem: Opening Asset editor for Blueprint /Game/ThirdPersonBP/AI/Enemy_Character.Enemy_Character
[2021.01.30-18.24.14:748][ 89]LogContentBrowser: Native class hierarchy updated for 'BlueprintGraph' in 0.0021 seconds. Added 121 classes and 0 folders.
[2021.01.30-18.24.18:127][ 89]LogSlate: Took 0.027069 seconds to synchronously load lazily loaded font '../../../Engine/Content/Slate/Fonts/Roboto-BoldCondensed.ttf' (158K)
[2021.01.30-18.24.29:944][235]LogRenderer: Reallocating scene render targets to support 912x536 Format 10 NumSamples 1 (Frame:1).
[2021.01.30-18.24.34:998][316]LogAssetEditorSubsystem: Opening Asset editor for BehaviorTree /Game/ThirdPersonBP/AI/BT_Enemy.BT_Enemy
[2021.01.30-18.24.47:948][487]LogAssetEditorSubsystem: Opening Asset editor for Blueprint /Game/ThirdPersonBP/AI/BTT_ChasePlayer.BTT_ChasePlayer
[2021.01.30-18.24.48:821][488]LogSlate: Took 0.041876 seconds to synchronously load lazily loaded font '../../../Engine/Content/Slate/Fonts/Roboto-Italic.ttf' (157K)
[2021.01.30-18.25.00:094][625]LogAssetEditorSubsystem: Opening Asset editor for Blueprint /Game/ThirdPersonBP/AI/BTT_FindRandomPatrol.BTT_FindRandomPatrol
[2021.01.30-18.26.19:283][669]LogAssetEditorSubsystem: Opening Asset editor for Blueprint /Game/ThirdPersonBP/AI/Enemy_Controller.Enemy_Controller
[2021.01.30-18.26.41:679][974]LogTemp: Repeating last play command: Selected Viewport
[2021.01.30-18.26.41:713][974]LogBlueprintUserMessages: Early PlayInEditor Detection: Level '/Game/ThirdPersonBP/Maps/ThirdPersonExampleMap.ThirdPersonExampleMap:PersistentLevel' has LevelScriptBlueprint '/Game/ThirdPersonBP/Maps/ThirdPersonExampleMap.ThirdPersonExampleMap:PersistentLevel.ThirdPersonExampleMap' with GeneratedClass '/Game/ThirdPersonBP/Maps/ThirdPersonExampleMap.ThirdPersonExampleMap_C' with ClassGeneratedBy '/Game/ThirdPersonBP/Maps/ThirdPersonExampleMap.ThirdPersonExampleMap:PersistentLevel.ThirdPersonExampleMap'
[2021.01.30-18.26.41:755][974]LogPlayLevel: PlayLevel: No blueprints needed recompiling
[2021.01.30-18.26.41:756][974]PIE: New page: PIE session: ThirdPersonExampleMap (Jan 30, 2021, 8:26:41 AM)
[2021.01.30-18.26.41:756][974]LogPlayLevel: Creating play world package: /Game/ThirdPersonBP/Maps/UEDPIE_0_ThirdPersonExampleMap
[2021.01.30-18.26.41:797][974]LogPlayLevel: PIE: StaticDuplicateObject took: (0.040891s)
[2021.01.30-18.26.41:801][974]LogAIModule: Creating AISystem for world ThirdPersonExampleMap
[2021.01.30-18.26.41:802][974]LogPlayLevel: PIE: World Init took: (0.004587s)
[2021.01.30-18.26.41:802][974]LogPlayLevel: PIE: Created PIE world by copying editor world from /Game/ThirdPersonBP/Maps/ThirdPersonExampleMap.ThirdPersonExampleMap to /Game/ThirdPersonBP/Maps/UEDPIE_0_ThirdPersonExampleMap.ThirdPersonExampleMap (0.046161s)
[2021.01.30-18.26.41:957][974]LogUObjectHash: Compacting FUObjectHashTables data took  12.20ms
[2021.01.30-18.26.41:964][974]LogAudioMixer: Display: Audio Mixer Platform Settings:
[2021.01.30-18.26.41:964][974]LogAudioMixer: Display: 	Sample Rate:						  48000
[2021.01.30-18.26.41:964][974]LogAudioMixer: Display: 	Callback Buffer Frame Size Requested: 1024
[2021.01.30-18.26.41:964][974]LogAudioMixer: Display: 	Callback Buffer Frame Size To Use:	  1024
[2021.01.30-18.26.41:964][974]LogAudioMixer: Display: 	Number of buffers to queue:			  2
[2021.01.30-18.26.41:965][974]LogAudioMixer: Display: 	Max Channels (voices):				  32
[2021.01.30-18.26.41:965][974]LogAudioMixer: Display: 	Number of Async Source Workers:		  0
[2021.01.30-18.26.41:965][974]LogAudio: Display: AudioDevice MaxSources: 32
[2021.01.30-18.26.41:965][974]LogAudio: Display: Using built-in audio occlusion.
[2021.01.30-18.26.41:965][974]LogAudioMixer: Display: Initializing audio mixer.
[2021.01.30-18.26.41:982][974]LogAudioMixer: Display: Audio Device Output Speaker Info:
[2021.01.30-18.26.41:982][974]LogAudioMixer: Display: Name: Speakers (Realtek High Definition Audio)
[2021.01.30-18.26.41:982][974]LogAudioMixer: Display: Is Default: Yes
[2021.01.30-18.26.41:982][974]LogAudioMixer: Display: Sample Rate: 48000
[2021.01.30-18.26.41:982][974]LogAudioMixer: Display: Channel Count Used: 2
[2021.01.30-18.26.41:982][974]LogAudioMixer: Display: Device Channel Count: 2
[2021.01.30-18.26.41:982][974]LogAudioMixer: Display: Channel Order:
[2021.01.30-18.26.41:982][974]LogAudioMixer: Display: 0: FrontLeft
[2021.01.30-18.26.41:982][974]LogAudioMixer: Display: 1: FrontRight
[2021.01.30-18.26.42:047][974]LogAudioMixer: Display: Using Audio Device Speakers (Realtek High Definition Audio)
[2021.01.30-18.26.42:052][974]LogInit: FAudioDevice initialized.
[2021.01.30-18.26.42:068][974]LogLoad: Game class is 'ThirdPersonGameMode_C'
[2021.01.30-18.26.42:078][974]LogWorld: Bringing World /Game/ThirdPersonBP/Maps/UEDPIE_0_ThirdPersonExampleMap.ThirdPersonExampleMap up for play (max tick rate 60) at 2021.01.30-13.26.42
[2021.01.30-18.26.42:082][974]LogWorld: Bringing up level for play took: 0.010098
[2021.01.30-18.26.42:083][974]LogOnline: OSS: Creating online subsystem instance for: :Context_10
[2021.01.30-18.26.42:089][974]PIE: Play in editor start time for /Game/ThirdPersonBP/Maps/UEDPIE_0_ThirdPersonExampleMap 1.279
[2021.01.30-18.26.42:090][974]LogBlueprintUserMessages: Late PlayInEditor Detection: Level '/Game/ThirdPersonBP/Maps/ThirdPersonExampleMap.ThirdPersonExampleMap:PersistentLevel' has LevelScriptBlueprint '/Game/ThirdPersonBP/Maps/ThirdPersonExampleMap.ThirdPersonExampleMap:PersistentLevel.ThirdPersonExampleMap' with GeneratedClass '/Game/ThirdPersonBP/Maps/ThirdPersonExampleMap.ThirdPersonExampleMap_C' with ClassGeneratedBy '/Game/ThirdPersonBP/Maps/ThirdPersonExampleMap.ThirdPersonExampleMap:PersistentLevel.ThirdPersonExampleMap'
[2021.01.30-18.27.04:534][472]LogAudioMixer: Display: No commands were queued while flushing the source manager.
[2021.01.30-18.27.04:534][472]LogAudioMixer: Display: No commands were queued while flushing the source manager.
[2021.01.30-18.27.04:535][472]LogBlueprintUserMessages: Early EndPlayMap Detection: Level '/Game/ThirdPersonBP/Maps/ThirdPersonExampleMap.ThirdPersonExampleMap:PersistentLevel' has LevelScriptBlueprint '/Game/ThirdPersonBP/Maps/ThirdPersonExampleMap.ThirdPersonExampleMap:PersistentLevel.ThirdPersonExampleMap' with GeneratedClass '/Game/ThirdPersonBP/Maps/ThirdPersonExampleMap.ThirdPersonExampleMap_C' with ClassGeneratedBy '/Game/ThirdPersonBP/Maps/ThirdPersonExampleMap.ThirdPersonExampleMap:PersistentLevel.ThirdPersonExampleMap'
[2021.01.30-18.27.04:538][472]LogSlate: Updating window title bar state: overlay mode, drag disabled, window buttons hidden, title bar hidden
[2021.01.30-18.27.04:538][472]LogWorld: BeginTearingDown for /Game/ThirdPersonBP/Maps/UEDPIE_0_ThirdPersonExampleMap
[2021.01.30-18.27.04:538][472]LogAudioMixer: Display: No commands were queued while flushing the source manager.
[2021.01.30-18.27.04:538][472]LogWorld: UWorld::CleanupWorld for ThirdPersonExampleMap, bSessionEnded=true, bCleanupResources=true
[2021.01.30-18.27.04:539][472]LogSlate: InvalidateAllWidgets triggered.  All widgets were invalidated
[2021.01.30-18.27.04:601][472]LogPlayLevel: Display: Shutting down PIE online subsystems
[2021.01.30-18.27.04:601][472]LogBlueprintUserMessages: Late EndPlayMap Detection: Level '/Game/ThirdPersonBP/Maps/ThirdPersonExampleMap.ThirdPersonExampleMap:PersistentLevel' has LevelScriptBlueprint '/Game/ThirdPersonBP/Maps/ThirdPersonExampleMap.ThirdPersonExampleMap:PersistentLevel.ThirdPersonExampleMap' with GeneratedClass '/Game/ThirdPersonBP/Maps/ThirdPersonExampleMap.ThirdPersonExampleMap_C' with ClassGeneratedBy '/Game/ThirdPersonBP/Maps/ThirdPersonExampleMap.ThirdPersonExampleMap:PersistentLevel.ThirdPersonExampleMap'
[2021.01.30-18.27.04:612][472]LogSlate: InvalidateAllWidgets triggered.  All widgets were invalidated
[2021.01.30-18.27.04:749][472]LogAudioMixer: Display: No commands were queued while flushing the source manager.
[2021.01.30-18.27.04:761][472]LogSlate: Updating window title bar state: overlay mode, drag disabled, window buttons hidden, title bar hidden
[2021.01.30-18.27.04:773][472]LogUObjectHash: Compacting FUObjectHashTables data took   8.96ms
[2021.01.30-18.27.04:819][473]LogPlayLevel: Display: Destroying online subsystem :Context_10
[2021.01.30-18.27.06:174][492]LogTemp: Repeating last play command: Selected Viewport
[2021.01.30-18.27.06:253][492]LogBlueprintUserMessages: Early PlayInEditor Detection: Level '/Game/ThirdPersonBP/Maps/ThirdPersonExampleMap.ThirdPersonExampleMap:PersistentLevel' has LevelScriptBlueprint '/Game/ThirdPersonBP/Maps/ThirdPersonExampleMap.ThirdPersonExampleMap:PersistentLevel.ThirdPersonExampleMap' with GeneratedClass '/Game/ThirdPersonBP/Maps/ThirdPersonExampleMap.ThirdPersonExampleMap_C' with ClassGeneratedBy '/Game/ThirdPersonBP/Maps/ThirdPersonExampleMap.ThirdPersonExampleMap:PersistentLevel.ThirdPersonExampleMap'
[2021.01.30-18.27.06:260][492]LogPlayLevel: PlayLevel: No blueprints needed recompiling
[2021.01.30-18.27.06:260][492]PIE: New page: PIE session: ThirdPersonExampleMap (Jan 30, 2021, 8:27:06 AM)
[2021.01.30-18.27.06:261][492]LogPlayLevel: Creating play world package: /Game/ThirdPersonBP/Maps/UEDPIE_0_ThirdPersonExampleMap
[2021.01.30-18.27.06:298][492]LogPlayLevel: PIE: StaticDuplicateObject took: (0.036838s)
[2021.01.30-18.27.06:301][492]LogAIModule: Creating AISystem for world ThirdPersonExampleMap
[2021.01.30-18.27.06:302][492]LogPlayLevel: PIE: World Init took: (0.003874s)
[2021.01.30-18.27.06:302][492]LogPlayLevel: PIE: Created PIE world by copying editor world from /Game/ThirdPersonBP/Maps/ThirdPersonExampleMap.ThirdPersonExampleMap to /Game/ThirdPersonBP/Maps/UEDPIE_0_ThirdPersonExampleMap.ThirdPersonExampleMap (0.041285s)
[2021.01.30-18.27.06:446][492]LogUObjectHash: Compacting FUObjectHashTables data took   8.02ms
[2021.01.30-18.27.06:447][492]LogAudioMixer: Display: Audio Mixer Platform Settings:
[2021.01.30-18.27.06:447][492]LogAudioMixer: Display: 	Sample Rate:						  48000
[2021.01.30-18.27.06:448][492]LogAudioMixer: Display: 	Callback Buffer Frame Size Requested: 1024
[2021.01.30-18.27.06:448][492]LogAudioMixer: Display: 	Callback Buffer Frame Size To Use:	  1024
[2021.01.30-18.27.06:448][492]LogAudioMixer: Display: 	Number of buffers to queue:			  2
[2021.01.30-18.27.06:448][492]LogAudioMixer: Display: 	Max Channels (voices):				  32
[2021.01.30-18.27.06:448][492]LogAudioMixer: Display: 	Number of Async Source Workers:		  0
[2021.01.30-18.27.06:448][492]LogAudio: Display: AudioDevice MaxSources: 32
[2021.01.30-18.27.06:449][492]LogAudio: Display: Using built-in audio occlusion.
[2021.01.30-18.27.06:449][492]LogAudioMixer: Display: Initializing audio mixer.
[2021.01.30-18.27.06:464][492]LogAudioMixer: Display: Audio Device Output Speaker Info:
[2021.01.30-18.27.06:464][492]LogAudioMixer: Display: Name: Speakers (Realtek High Definition Audio)
[2021.01.30-18.27.06:464][492]LogAudioMixer: Display: Is Default: Yes
[2021.01.30-18.27.06:464][492]LogAudioMixer: Display: Sample Rate: 48000
[2021.01.30-18.27.06:464][492]LogAudioMixer: Display: Channel Count Used: 2
[2021.01.30-18.27.06:465][492]LogAudioMixer: Display: Device Channel Count: 2
[2021.01.30-18.27.06:465][492]LogAudioMixer: Display: Channel Order:
[2021.01.30-18.27.06:465][492]LogAudioMixer: Display: 0: FrontLeft
[2021.01.30-18.27.06:465][492]LogAudioMixer: Display: 1: FrontRight
[2021.01.30-18.27.06:526][492]LogAudioMixer: Display: Using Audio Device Speakers (Realtek High Definition Audio)
[2021.01.30-18.27.06:530][492]LogInit: FAudioDevice initialized.
[2021.01.30-18.27.06:548][492]LogLoad: Game class is 'ThirdPersonGameMode_C'
[2021.01.30-18.27.06:557][492]LogWorld: Bringing World /Game/ThirdPersonBP/Maps/UEDPIE_0_ThirdPersonExampleMap.ThirdPersonExampleMap up for play (max tick rate 60) at 2021.01.30-13.27.06
[2021.01.30-18.27.06:561][492]LogWorld: Bringing up level for play took: 0.009980
[2021.01.30-18.27.06:561][492]LogOnline: OSS: Creating online subsystem instance for: :Context_11
[2021.01.30-18.27.06:568][492]PIE: Play in editor start time for /Game/ThirdPersonBP/Maps/UEDPIE_0_ThirdPersonExampleMap -0.242
[2021.01.30-18.27.06:568][492]LogBlueprintUserMessages: Late PlayInEditor Detection: Level '/Game/ThirdPersonBP/Maps/ThirdPersonExampleMap.ThirdPersonExampleMap:PersistentLevel' has LevelScriptBlueprint '/Game/ThirdPersonBP/Maps/ThirdPersonExampleMap.ThirdPersonExampleMap:PersistentLevel.ThirdPersonExampleMap' with GeneratedClass '/Game/ThirdPersonBP/Maps/ThirdPersonExampleMap.ThirdPersonExampleMap_C' with ClassGeneratedBy '/Game/ThirdPersonBP/Maps/ThirdPersonExampleMap.ThirdPersonExampleMap:PersistentLevel.ThirdPersonExampleMap'
[2021.01.30-18.27.14:792][615]LogAudioMixer: Display: No commands were queued while flushing the source manager.
[2021.01.30-18.27.14:806][615]LogAudioMixer: Display: Flush succeeded in the source manager command queue (1).
[2021.01.30-18.27.14:827][615]LogAudioMixer: Display: Flush succeeded the source manager command queue (2).
[2021.01.30-18.27.14:827][615]LogBlueprintUserMessages: Early EndPlayMap Detection: Level '/Game/ThirdPersonBP/Maps/ThirdPersonExampleMap.ThirdPersonExampleMap:PersistentLevel' has LevelScriptBlueprint '/Game/ThirdPersonBP/Maps/ThirdPersonExampleMap.ThirdPersonExampleMap:PersistentLevel.ThirdPersonExampleMap' with GeneratedClass '/Game/ThirdPersonBP/Maps/ThirdPersonExampleMap.ThirdPersonExampleMap_C' with ClassGeneratedBy '/Game/ThirdPersonBP/Maps/ThirdPersonExampleMap.ThirdPersonExampleMap:PersistentLevel.ThirdPersonExampleMap'
[2021.01.30-18.27.14:836][615]LogSlate: Updating window title bar state: overlay mode, drag disabled, window buttons hidden, title bar hidden
[2021.01.30-18.27.14:836][615]LogWorld: BeginTearingDown for /Game/ThirdPersonBP/Maps/UEDPIE_0_ThirdPersonExampleMap
[2021.01.30-18.27.14:836][615]LogAudioMixer: Display: No commands were queued while flushing the source manager.
[2021.01.30-18.27.14:837][615]LogWorld: UWorld::CleanupWorld for ThirdPersonExampleMap, bSessionEnded=true, bCleanupResources=true
[2021.01.30-18.27.14:838][615]LogSlate: InvalidateAllWidgets triggered.  All widgets were invalidated
[2021.01.30-18.27.14:877][615]LogPlayLevel: Display: Shutting down PIE online subsystems
[2021.01.30-18.27.14:877][615]LogBlueprintUserMessages: Late EndPlayMap Detection: Level '/Game/ThirdPersonBP/Maps/ThirdPersonExampleMap.ThirdPersonExampleMap:PersistentLevel' has LevelScriptBlueprint '/Game/ThirdPersonBP/Maps/ThirdPersonExampleMap.ThirdPersonExampleMap:PersistentLevel.ThirdPersonExampleMap' with GeneratedClass '/Game/ThirdPersonBP/Maps/ThirdPersonExampleMap.ThirdPersonExampleMap_C' with ClassGeneratedBy '/Game/ThirdPersonBP/Maps/ThirdPersonExampleMap.ThirdPersonExampleMap:PersistentLevel.ThirdPersonExampleMap'
[2021.01.30-18.27.14:887][615]LogSlate: InvalidateAllWidgets triggered.  All widgets were invalidated
[2021.01.30-18.27.15:008][615]LogAudioMixer: Display: No commands were queued while flushing the source manager.
[2021.01.30-18.27.15:018][615]LogSlate: Updating window title bar state: overlay mode, drag disabled, window buttons hidden, title bar hidden
[2021.01.30-18.27.15:030][615]LogUObjectHash: Compacting FUObjectHashTables data took   8.31ms
[2021.01.30-18.27.15:082][616]LogPlayLevel: Display: Destroying online subsystem :Context_11
[2021.01.30-18.27.51:798][152]LogSlate: Window 'Enemy_Controller' being destroyed
[2021.01.30-18.27.51:862][152]LogSlate: Window 'Enemy_Controller' being destroyed
[2021.01.30-18.27.51:970][152]LogWorld: UWorld::CleanupWorld for World_4, bSessionEnded=true, bCleanupResources=true
[2021.01.30-18.27.51:971][152]LogSlate: InvalidateAllWidgets triggered.  All widgets were invalidated
[2021.01.30-18.27.52:246][152]LogWorld: UWorld::CleanupWorld for World_5, bSessionEnded=true, bCleanupResources=true
[2021.01.30-18.27.52:247][152]LogSlate: InvalidateAllWidgets triggered.  All widgets were invalidated
[2021.01.30-18.27.52:357][152]LogWorld: UWorld::CleanupWorld for World_6, bSessionEnded=true, bCleanupResources=true
[2021.01.30-18.27.52:357][152]LogSlate: InvalidateAllWidgets triggered.  All widgets were invalidated
[2021.01.30-18.27.52:449][152]LogActorComponent: UnregisterComponent: (/Engine/Transient.EditorFloorComp) Not registered. Aborting.
[2021.01.30-18.27.52:449][152]LogWorld: UWorld::CleanupWorld for World_7, bSessionEnded=true, bCleanupResources=true
[2021.01.30-18.27.52:449][152]LogSlate: InvalidateAllWidgets triggered.  All widgets were invalidated
[2021.01.30-18.27.56:582][247]LogEditorViewport: Clicking on Actor (LMB): ThirdPersonCharacter_C (ThirdPersonCharacter)
[2021.01.30-18.28.00:023][345]LogEditorViewport: Clicking on Actor (LMB): Enemy_Character_C (Enemy_Character)
[2021.01.30-18.29.02:622][ 85]LogTemp: Repeating last play command: Selected Viewport
[2021.01.30-18.29.02:670][ 85]LogBlueprintUserMessages: Early PlayInEditor Detection: Level '/Game/ThirdPersonBP/Maps/ThirdPersonExampleMap.ThirdPersonExampleMap:PersistentLevel' has LevelScriptBlueprint '/Game/ThirdPersonBP/Maps/ThirdPersonExampleMap.ThirdPersonExampleMap:PersistentLevel.ThirdPersonExampleMap' with GeneratedClass '/Game/ThirdPersonBP/Maps/ThirdPersonExampleMap.ThirdPersonExampleMap_C' with ClassGeneratedBy '/Game/ThirdPersonBP/Maps/ThirdPersonExampleMap.ThirdPersonExampleMap:PersistentLevel.ThirdPersonExampleMap'
[2021.01.30-18.29.02:671][ 85]LogPlayLevel: PlayLevel: No blueprints needed recompiling
[2021.01.30-18.29.02:671][ 85]PIE: New page: PIE session: ThirdPersonExampleMap (Jan 30, 2021, 8:29:02 AM)
[2021.01.30-18.29.02:671][ 85]LogPlayLevel: Creating play world package: /Game/ThirdPersonBP/Maps/UEDPIE_0_ThirdPersonExampleMap
[2021.01.30-18.29.02:710][ 85]LogPlayLevel: PIE: StaticDuplicateObject took: (0.039662s)
[2021.01.30-18.29.02:715][ 85]LogAIModule: Creating AISystem for world ThirdPersonExampleMap
[2021.01.30-18.29.02:716][ 85]LogPlayLevel: PIE: World Init took: (0.005481s)
[2021.01.30-18.29.02:716][ 85]LogPlayLevel: PIE: Created PIE world by copying editor world from /Game/ThirdPersonBP/Maps/ThirdPersonExampleMap.ThirdPersonExampleMap to /Game/ThirdPersonBP/Maps/UEDPIE_0_ThirdPersonExampleMap.ThirdPersonExampleMap (0.045660s)
[2021.01.30-18.29.02:870][ 85]LogUObjectHash: Compacting FUObjectHashTables data took   9.93ms
[2021.01.30-18.29.02:879][ 85]LogAudioMixer: Display: Audio Mixer Platform Settings:
[2021.01.30-18.29.02:879][ 85]LogAudioMixer: Display: 	Sample Rate:						  48000
[2021.01.30-18.29.02:879][ 85]LogAudioMixer: Display: 	Callback Buffer Frame Size Requested: 1024
[2021.01.30-18.29.02:879][ 85]LogAudioMixer: Display: 	Callback Buffer Frame Size To Use:	  1024
[2021.01.30-18.29.02:879][ 85]LogAudioMixer: Display: 	Number of buffers to queue:			  2
[2021.01.30-18.29.02:879][ 85]LogAudioMixer: Display: 	Max Channels (voices):				  32
[2021.01.30-18.29.02:879][ 85]LogAudioMixer: Display: 	Number of Async Source Workers:		  0
[2021.01.30-18.29.02:880][ 85]LogAudio: Display: AudioDevice MaxSources: 32
[2021.01.30-18.29.02:881][ 85]LogAudio: Display: Using built-in audio occlusion.
[2021.01.30-18.29.02:881][ 85]LogAudioMixer: Display: Initializing audio mixer.
[2021.01.30-18.29.02:897][ 85]LogAudioMixer: Display: Audio Device Output Speaker Info:
[2021.01.30-18.29.02:897][ 85]LogAudioMixer: Display: Name: Speakers (Realtek High Definition Audio)
[2021.01.30-18.29.02:897][ 85]LogAudioMixer: Display: Is Default: Yes
[2021.01.30-18.29.02:897][ 85]LogAudioMixer: Display: Sample Rate: 48000
[2021.01.30-18.29.02:897][ 85]LogAudioMixer: Display: Channel Count Used: 2
[2021.01.30-18.29.02:897][ 85]LogAudioMixer: Display: Device Channel Count: 2
[2021.01.30-18.29.02:897][ 85]LogAudioMixer: Display: Channel Order:
[2021.01.30-18.29.02:897][ 85]LogAudioMixer: Display: 0: FrontLeft
[2021.01.30-18.29.02:897][ 85]LogAudioMixer: Display: 1: FrontRight
[2021.01.30-18.29.02:961][ 85]LogAudioMixer: Display: Using Audio Device Speakers (Realtek High Definition Audio)
[2021.01.30-18.29.02:967][ 85]LogInit: FAudioDevice initialized.
[2021.01.30-18.29.02:986][ 85]LogLoad: Game class is 'ThirdPersonGameMode_C'
[2021.01.30-18.29.02:997][ 85]LogWorld: Bringing World /Game/ThirdPersonBP/Maps/UEDPIE_0_ThirdPersonExampleMap.ThirdPersonExampleMap up for play (max tick rate 60) at 2021.01.30-13.29.02
[2021.01.30-18.29.03:001][ 85]LogWorld: Bringing up level for play took: 0.011950
[2021.01.30-18.29.03:001][ 85]LogOnline: OSS: Creating online subsystem instance for: :Context_12
[2021.01.30-18.29.03:008][ 85]PIE: Play in editor start time for /Game/ThirdPersonBP/Maps/UEDPIE_0_ThirdPersonExampleMap 0.198
[2021.01.30-18.29.03:008][ 85]LogBlueprintUserMessages: Late PlayInEditor Detection: Level '/Game/ThirdPersonBP/Maps/ThirdPersonExampleMap.ThirdPersonExampleMap:PersistentLevel' has LevelScriptBlueprint '/Game/ThirdPersonBP/Maps/ThirdPersonExampleMap.ThirdPersonExampleMap:PersistentLevel.ThirdPersonExampleMap' with GeneratedClass '/Game/ThirdPersonBP/Maps/ThirdPersonExampleMap.ThirdPersonExampleMap_C' with ClassGeneratedBy '/Game/ThirdPersonBP/Maps/ThirdPersonExampleMap.ThirdPersonExampleMap:PersistentLevel.ThirdPersonExampleMap'
[2021.01.30-18.29.06:013][172]LogAudioMixer: Display: No commands were queued while flushing the source manager.
[2021.01.30-18.29.06:013][172]LogAudioMixer: Display: No commands were queued while flushing the source manager.
[2021.01.30-18.29.06:013][172]LogBlueprintUserMessages: Early EndPlayMap Detection: Level '/Game/ThirdPersonBP/Maps/ThirdPersonExampleMap.ThirdPersonExampleMap:PersistentLevel' has LevelScriptBlueprint '/Game/ThirdPersonBP/Maps/ThirdPersonExampleMap.ThirdPersonExampleMap:PersistentLevel.ThirdPersonExampleMap' with GeneratedClass '/Game/ThirdPersonBP/Maps/ThirdPersonExampleMap.ThirdPersonExampleMap_C' with ClassGeneratedBy '/Game/ThirdPersonBP/Maps/ThirdPersonExampleMap.ThirdPersonExampleMap:PersistentLevel.ThirdPersonExampleMap'
[2021.01.30-18.29.06:014][172]LogSlate: Updating window title bar state: overlay mode, drag disabled, window buttons hidden, title bar hidden
[2021.01.30-18.29.06:014][172]LogWorld: BeginTearingDown for /Game/ThirdPersonBP/Maps/UEDPIE_0_ThirdPersonExampleMap
[2021.01.30-18.29.06:014][172]LogAudioMixer: Display: No commands were queued while flushing the source manager.
[2021.01.30-18.29.06:015][172]LogWorld: UWorld::CleanupWorld for ThirdPersonExampleMap, bSessionEnded=true, bCleanupResources=true
[2021.01.30-18.29.06:016][172]LogSlate: InvalidateAllWidgets triggered.  All widgets were invalidated
[2021.01.30-18.29.06:061][172]LogPlayLevel: Display: Shutting down PIE online subsystems
[2021.01.30-18.29.06:061][172]LogBlueprintUserMessages: Late EndPlayMap Detection: Level '/Game/ThirdPersonBP/Maps/ThirdPersonExampleMap.ThirdPersonExampleMap:PersistentLevel' has LevelScriptBlueprint '/Game/ThirdPersonBP/Maps/ThirdPersonExampleMap.ThirdPersonExampleMap:PersistentLevel.ThirdPersonExampleMap' with GeneratedClass '/Game/ThirdPersonBP/Maps/ThirdPersonExampleMap.ThirdPersonExampleMap_C' with ClassGeneratedBy '/Game/ThirdPersonBP/Maps/ThirdPersonExampleMap.ThirdPersonExampleMap:PersistentLevel.ThirdPersonExampleMap'
[2021.01.30-18.29.06:072][172]LogSlate: InvalidateAllWidgets triggered.  All widgets were invalidated
[2021.01.30-18.29.06:182][172]LogAudioMixer: Display: No commands were queued while flushing the source manager.
[2021.01.30-18.29.06:192][172]LogSlate: Updating window title bar state: overlay mode, drag disabled, window buttons hidden, title bar hidden
[2021.01.30-18.29.06:205][172]LogUObjectHash: Compacting FUObjectHashTables data took   8.67ms
[2021.01.30-18.29.06:249][173]LogPlayLevel: Display: Destroying online subsystem :Context_12
[2021.01.30-18.29.10:570][286]LogAssetEditorSubsystem: Opening Asset editor for Blueprint /Game/ThirdPersonBP/AI/Enemy_Controller.Enemy_Controller
[2021.01.30-18.29.29:621][495]LogTemp: Repeating last play command: Selected Viewport
[2021.01.30-18.29.29:697][495]LogBlueprintUserMessages: Early PlayInEditor Detection: Level '/Game/ThirdPersonBP/Maps/ThirdPersonExampleMap.ThirdPersonExampleMap:PersistentLevel' has LevelScriptBlueprint '/Game/ThirdPersonBP/Maps/ThirdPersonExampleMap.ThirdPersonExampleMap:PersistentLevel.ThirdPersonExampleMap' with GeneratedClass '/Game/ThirdPersonBP/Maps/ThirdPersonExampleMap.ThirdPersonExampleMap_C' with ClassGeneratedBy '/Game/ThirdPersonBP/Maps/ThirdPersonExampleMap.ThirdPersonExampleMap:PersistentLevel.ThirdPersonExampleMap'
[2021.01.30-18.29.29:698][495]LogPlayLevel: PlayLevel: No blueprints needed recompiling
[2021.01.30-18.29.29:698][495]PIE: New page: PIE session: ThirdPersonExampleMap (Jan 30, 2021, 8:29:29 AM)
[2021.01.30-18.29.29:698][495]LogPlayLevel: Creating play world package: /Game/ThirdPersonBP/Maps/UEDPIE_0_ThirdPersonExampleMap
[2021.01.30-18.29.29:734][495]LogPlayLevel: PIE: StaticDuplicateObject took: (0.036421s)
[2021.01.30-18.29.29:738][495]LogAIModule: Creating AISystem for world ThirdPersonExampleMap
[2021.01.30-18.29.29:738][495]LogPlayLevel: PIE: World Init took: (0.003842s)
[2021.01.30-18.29.29:739][495]LogPlayLevel: PIE: Created PIE world by copying editor world from /Game/ThirdPersonBP/Maps/ThirdPersonExampleMap.ThirdPersonExampleMap to /Game/ThirdPersonBP/Maps/UEDPIE_0_ThirdPersonExampleMap.ThirdPersonExampleMap (0.040757s)
[2021.01.30-18.29.29:858][495]LogUObjectHash: Compacting FUObjectHashTables data took   5.60ms
[2021.01.30-18.29.29:860][495]LogAudioMixer: Display: Audio Mixer Platform Settings:
[2021.01.30-18.29.29:860][495]LogAudioMixer: Display: 	Sample Rate:						  48000
[2021.01.30-18.29.29:860][495]LogAudioMixer: Display: 	Callback Buffer Frame Size Requested: 1024
[2021.01.30-18.29.29:860][495]LogAudioMixer: Display: 	Callback Buffer Frame Size To Use:	  1024
[2021.01.30-18.29.29:860][495]LogAudioMixer: Display: 	Number of buffers to queue:			  2
[2021.01.30-18.29.29:860][495]LogAudioMixer: Display: 	Max Channels (voices):				  32
[2021.01.30-18.29.29:860][495]LogAudioMixer: Display: 	Number of Async Source Workers:		  0
[2021.01.30-18.29.29:860][495]LogAudio: Display: AudioDevice MaxSources: 32
[2021.01.30-18.29.29:861][495]LogAudio: Display: Using built-in audio occlusion.
[2021.01.30-18.29.29:861][495]LogAudioMixer: Display: Initializing audio mixer.
[2021.01.30-18.29.29:871][495]LogAudioMixer: Display: Audio Device Output Speaker Info:
[2021.01.30-18.29.29:871][495]LogAudioMixer: Display: Name: Speakers (Realtek High Definition Audio)
[2021.01.30-18.29.29:871][495]LogAudioMixer: Display: Is Default: Yes
[2021.01.30-18.29.29:871][495]LogAudioMixer: Display: Sample Rate: 48000
[2021.01.30-18.29.29:871][495]LogAudioMixer: Display: Channel Count Used: 2
[2021.01.30-18.29.29:871][495]LogAudioMixer: Display: Device Channel Count: 2
[2021.01.30-18.29.29:871][495]LogAudioMixer: Display: Channel Order:
[2021.01.30-18.29.29:871][495]LogAudioMixer: Display: 0: FrontLeft
[2021.01.30-18.29.29:871][495]LogAudioMixer: Display: 1: FrontRight
[2021.01.30-18.29.29:912][495]LogAudioMixer: Display: Using Audio Device Speakers (Realtek High Definition Audio)
[2021.01.30-18.29.29:914][495]LogInit: FAudioDevice initialized.
[2021.01.30-18.29.29:927][495]LogLoad: Game class is 'ThirdPersonGameMode_C'
[2021.01.30-18.29.29:933][495]LogWorld: Bringing World /Game/ThirdPersonBP/Maps/UEDPIE_0_ThirdPersonExampleMap.ThirdPersonExampleMap up for play (max tick rate 60) at 2021.01.30-13.29.29
[2021.01.30-18.29.29:934][495]LogWorld: Bringing up level for play took: 0.005390
[2021.01.30-18.29.29:935][495]LogOnline: OSS: Creating online subsystem instance for: :Context_14
[2021.01.30-18.29.29:939][495]PIE: Play in editor start time for /Game/ThirdPersonBP/Maps/UEDPIE_0_ThirdPersonExampleMap 1.13
[2021.01.30-18.29.29:940][495]LogBlueprintUserMessages: Late PlayInEditor Detection: Level '/Game/ThirdPersonBP/Maps/ThirdPersonExampleMap.ThirdPersonExampleMap:PersistentLevel' has LevelScriptBlueprint '/Game/ThirdPersonBP/Maps/ThirdPersonExampleMap.ThirdPersonExampleMap:PersistentLevel.ThirdPersonExampleMap' with GeneratedClass '/Game/ThirdPersonBP/Maps/ThirdPersonExampleMap.ThirdPersonExampleMap_C' with ClassGeneratedBy '/Game/ThirdPersonBP/Maps/ThirdPersonExampleMap.ThirdPersonExampleMap:PersistentLevel.ThirdPersonExampleMap'
[2021.01.30-18.29.53:590][839]LogAudioMixer: Display: No commands were queued while flushing the source manager.
[2021.01.30-18.29.53:590][839]LogAudioMixer: Display: No commands were queued while flushing the source manager.
[2021.01.30-18.29.53:590][839]LogBlueprintUserMessages: Early EndPlayMap Detection: Level '/Game/ThirdPersonBP/Maps/ThirdPersonExampleMap.ThirdPersonExampleMap:PersistentLevel' has LevelScriptBlueprint '/Game/ThirdPersonBP/Maps/ThirdPersonExampleMap.ThirdPersonExampleMap:PersistentLevel.ThirdPersonExampleMap' with GeneratedClass '/Game/ThirdPersonBP/Maps/ThirdPersonExampleMap.ThirdPersonExampleMap_C' with ClassGeneratedBy '/Game/ThirdPersonBP/Maps/ThirdPersonExampleMap.ThirdPersonExampleMap:PersistentLevel.ThirdPersonExampleMap'
[2021.01.30-18.29.53:591][839]LogSlate: Updating window title bar state: overlay mode, drag disabled, window buttons hidden, title bar hidden
[2021.01.30-18.29.53:591][839]LogWorld: BeginTearingDown for /Game/ThirdPersonBP/Maps/UEDPIE_0_ThirdPersonExampleMap
[2021.01.30-18.29.53:591][839]LogAudioMixer: Display: No commands were queued while flushing the source manager.
[2021.01.30-18.29.53:591][839]LogWorld: UWorld::CleanupWorld for ThirdPersonExampleMap, bSessionEnded=true, bCleanupResources=true
[2021.01.30-18.29.53:592][839]LogSlate: InvalidateAllWidgets triggered.  All widgets were invalidated
[2021.01.30-18.29.53:692][839]LogPlayLevel: Display: Shutting down PIE online subsystems
[2021.01.30-18.29.53:693][839]LogBlueprintUserMessages: Late EndPlayMap Detection: Level '/Game/ThirdPersonBP/Maps/ThirdPersonExampleMap.ThirdPersonExampleMap:PersistentLevel' has LevelScriptBlueprint '/Game/ThirdPersonBP/Maps/ThirdPersonExampleMap.ThirdPersonExampleMap:PersistentLevel.ThirdPersonExampleMap' with GeneratedClass '/Game/ThirdPersonBP/Maps/ThirdPersonExampleMap.ThirdPersonExampleMap_C' with ClassGeneratedBy '/Game/ThirdPersonBP/Maps/ThirdPersonExampleMap.ThirdPersonExampleMap:PersistentLevel.ThirdPersonExampleMap'
[2021.01.30-18.29.53:706][839]LogSlate: InvalidateAllWidgets triggered.  All widgets were invalidated
[2021.01.30-18.29.53:792][839]LogAudioMixer: Display: No commands were queued while flushing the source manager.
[2021.01.30-18.29.53:801][839]LogSlate: Updating window title bar state: overlay mode, drag disabled, window buttons hidden, title bar hidden
[2021.01.30-18.29.53:814][839]LogUObjectHash: Compacting FUObjectHashTables data took   9.26ms
[2021.01.30-18.29.53:870][840]LogPlayLevel: Display: Destroying online subsystem :Context_14
[2021.01.30-18.30.31:815][347]LogSlate: Window 'Enemy_Controller' being destroyed
[2021.01.30-18.30.31:819][347]LogSlate: Window 'Enemy_Controller' being destroyed
[2021.01.30-18.30.31:820][347]LogWorld: UWorld::CleanupWorld for World_8, bSessionEnded=true, bCleanupResources=true
[2021.01.30-18.30.31:820][347]LogSlate: InvalidateAllWidgets triggered.  All widgets were invalidated
[2021.01.30-18.30.33:048][350]LogUObjectHash: Compacting FUObjectHashTables data took   1.20ms
[2021.01.30-18.30.37:170][350]LogSlate: Window 'Save Content' being destroyed
[2021.01.30-18.30.37:551][350]LogSlate: Window 'mamapolarbear - Unreal Editor' being destroyed
[2021.01.30-18.30.38:049][351]Cmd: QUIT_EDITOR
[2021.01.30-18.30.38:049][351]LogCore: Engine exit requested (reason: UUnrealEdEngine::CloseEditor())
[2021.01.30-18.30.38:117][351]LogCore: Engine exit requested (reason: EngineExit() was called; note: exit was already requested)
[2021.01.30-18.30.38:118][351]LogAudioMixer: Display: No commands were queued while flushing the source manager.
